Iteration	Posterior	Likelihood	Prior	rate_log_sd	rate_loss	rate_neo	tree_length
0	-3432.034	-3688.566	256.5322	0.9014503	0.9096995	0.01032859	4.196536
6	-3428.004	-3684.139	256.1344	0.9014503	0.942049	0.01188765	4.412145
12	-3435.942	-3690.318	254.3763	0.8596925	4.312144	0.03121835	4.412145
18	-3437.861	-3691.637	253.7757	0.8302589	6.848807	0.01440034	4.412145
24	-3442.68	-3696.361	253.6811	0.9226601	3.585534	0.09861841	4.727272
30	-3435.005	-3686.303	251.2982	0.8806983	11.65853	0.189119	4.932762
36	-3442.043	-3693.813	251.7705	0.7929529	11.65853	0.0151992	5.095193
42	-3438.966	-3691.465	252.4991	0.9425891	15.19112	0.004575485	4.22658
48	-3429.872	-3683.717	253.8445	0.9429103	5.26419	0.002314222	4.22658
54	-3427.485	-3683.492	256.0078	0.9636454	2.257038	0.01412164	3.913819
60	-3442.766	-3694.424	251.6586	0.9286857	8.608555	0.120656	5.103098
66	-3433.701	-3686.439	252.7387	0.9885136	8.608555	0.120656	4.466511
72	-3423.676	-3675.608	251.9323	0.8671816	9.409404	0.08859599	4.982992
78	-3423.212	-3675.534	252.3224	0.8684887	9.409404	0.2093623	4.523237
84	-3424.335	-3679.127	254.7923	0.950531	2.555951	0.06229667	4.424167
90	-3432.263	-3687.502	255.239	1.031828	2.555951	0.02266953	4.228382
96	-3430.125	-3681.892	251.7666	0.9761927	12.40805	0.08335325	4.781943
102	-3438.463	-3690.675	252.2118	0.9761927	12.40805	0.1000066	4.491422
108	-3440.856	-3692.042	251.1858	0.9432015	16.05998	0.1000066	4.844359
114	-3439.132	-3693.498	254.3657	0.9177796	3.498849	0.09377339	4.375236
120	-3426.29	-3682.503	256.2137	0.8989758	0.9833648	0.009807395	4.330418
126	-3437.185	-3689.858	252.6726	1.00487	10.65346	0.03067795	4.53809
132	-3449.854	-3704.634	254.7795	1.028071	5.575391	0.0247968	3.896769
138	-3447.033	-3701.995	254.962	1.069312	7.080335	0.009052631	3.536739
144	-3443.857	-3699.341	255.4837	1.035627	7.080335	0.01456317	3.283336
150	-3439.991	-3695.576	255.5844	1.151396	2.218392	0.005210569	3.952375
156	-3434.041	-3686.983	252.9424	1.054846	21.03983	0.005210569	3.611381
162	-3432.434	-3686.641	254.207	1.090834	6.019677	0.04890819	4.062778
168	-3441.735	-3696.676	254.9415	1.140806	6.865955	0.04890819	3.499578
174	-3434.178	-3686.474	252.2955	1.140806	13.32504	0.1651953	4.146649
180	-3460.595	-3712.154	251.5591	0.9975864	9.908011	0.2554083	4.762631
186	-3453.024	-3705.409	252.3847	0.9140583	4.65479	0.2055653	5.047849
192	-3454.948	-3704.779	249.8312	0.9401251	10.42917	0.1870006	5.81092
198	-3454.569	-3702.472	247.9035	1.066865	13.38915	0.4785597	6.214874
204	-3428.703	-3685.103	256.4004	0.9677435	1.176405	0.01137474	4.093532
210	-3426.026	-3679.71	253.6832	1.006902	5.796021	0.01137474	4.490095
216	-3442.919	-3694.252	251.3333	0.8450297	15.98824	0.06012982	4.923343
222	-3440.711	-3690.178	249.4667	0.9273746	13.41968	0.2887535	5.64297
228	-3439.224	-3693.127	253.9025	0.9329557	3.706716	0.09972316	4.570188
234	-3460.292	-3711.837	251.5452	1.014746	20.09826	0.004805809	4.462979
240	-3448.56	-3705.453	256.8923	1.039393	0.7278108	0.01565681	4.055119
246	-3451.634	-3705.831	254.1966	1.10913	7.660913	0.08865593	3.74463
252	-3438.003	-3692.586	254.583	0.981072	3.381076	0.01752706	4.430199
258	-3433.72	-3686.192	252.4713	0.917946	5.992463	0.05357249	5.124761
264	-3423.417	-3674.996	251.5786	0.8606303	7.306706	0.04530637	5.510854
270	-3426.988	-3676.427	249.4386	0.8566837	5.922569	0.2563138	6.430558
276	-3430.924	-3682.963	252.0397	0.9657369	16.64276	0.02920351	4.506182
282	-3447.82	-3699.628	251.808	0.8560448	9.516011	0.06568914	5.107609
288	-3458.013	-3710.357	252.3438	0.9472773	7.221834	0.01941851	5.106615
294	-3439.717	-3692.589	252.8717	0.8719877	10.22675	0.02867935	4.541882
300	-3450.743	-3702.861	252.1179	1.014771	13.27293	0.1779757	4.2989
306	-3444.907	-3697.247	252.3398	0.9140451	8.262664	0.1779757	4.654163
312	-3451.633	-3704.982	253.3489	0.8950418	12.50146	0.02668802	4.080608
318	-3445.444	-3698.697	253.2529	0.9510797	11.78985	0.05534761	4.080608
324	-3438.967	-3691.429	252.4622	0.9362279	7.491519	0.09828895	4.8204
330	-3444.691	-3696.33	251.6398	0.9362279	14.04744	0.09828895	4.724255
336	-3443.445	-3697.393	253.9483	0.9830799	6.63227	0.04448713	4.203318
342	-3452.936	-3705.224	252.2878	1.110261	10.67615	0.2815618	4.185561
348	-3444.112	-3695.906	251.7938	1.088874	9.280602	0.2815618	4.600846
354	-3456.212	-3709.936	253.7246	1.113437	6.775593	0.04103952	4.248033
360	-3459.018	-3712.302	253.2845	1.027699	9.377148	0.0475069	4.248033
366	-3448.271	-3702.067	253.7961	1.027699	8.715655	0.01313177	4.078451
372	-3445.463	-3701.12	255.6573	1.034184	2.062947	0.04544907	4.080899
378	-3437.731	-3693.505	255.7746	0.9007051	1.593126	0.005708255	4.220989
384	-3445.97	-3703.056	257.0862	0.9459847	1.038288	0.01351402	3.796245
390	-3440.354	-3697.033	256.6795	1.062247	2.007081	0.02787088	3.541711
396	-3435.962	-3691.21	255.2482	1.003057	3.300172	0.05628916	3.968688
402	-3446.366	-3702.263	255.8973	1.038801	3.868499	0.03910115	3.5018
408	-3453.573	-3708.372	254.7987	0.9719772	2.826757	0.02742389	4.431782
414	-3448.633	-3703.68	255.047	0.860354	2.485407	0.007326224	4.397289
420	-3450.932	-3703.577	252.6453	0.890492	10.58102	0.1209038	4.391991
426	-3447.282	-3699.233	251.9511	0.9073825	10.58102	0.1336684	4.744983
432	-3450.255	-3704.174	253.9192	0.9161826	12.18005	0.007950934	3.725958
438	-3451.719	-3706.009	254.2897	0.956971	9.962009	0.03572365	3.692196
444	-3452.522	-3706.982	254.4596	1.032022	10.51541	0.03572365	3.500263
450	-3433.658	-3687.723	254.0647	0.9419046	5.734027	0.01659201	4.335646
456	-3435.703	-3686.524	250.821	0.8846818	9.522308	0.1747044	5.397996
462	-3436.034	-3687.478	251.4442	0.7902798	5.149851	0.1772583	5.605172
468	-3445.948	-3695.753	249.8049	0.9046571	14.12031	0.1697912	5.605172
474	-3434.139	-3685.438	251.299	0.8790866	15.13413	0.08104262	4.919421
480	-3438.771	-3688.021	249.2503	1.101002	15.13413	0.6523648	5.201098
486	-3441.211	-3692.6	251.3885	1.095798	15.13413	0.2700592	4.395739
492	-3445.451	-3698.497	253.0457	0.9274189	9.184379	0.01632799	4.520864
498	-3447.983	-3702.559	254.5763	0.9371225	2.740101	0.004787612	4.483433
504	-3443.524	-3696.791	253.2671	1.018578	12.27777	0.00558182	3.982952
510	-3433.673	-3690.452	256.7788	0.931219	1.003163	0.03289326	3.982952
516	-3448.707	-3704.598	255.8906	0.9902846	4.279458	0.006600314	3.420229
522	-3453.059	-3702.909	249.8507	0.8799705	17.99195	0.1902298	5.332216
528	-3438.504	-3690.572	252.0686	0.8180373	5.309713	0.1207612	5.332216
534	-3442.025	-3698.648	256.6231	0.8883834	0.1900749	0.002080589	4.531958
540	-3441.199	-3692.443	251.2443	0.9253355	8.31147	0.2700425	5.109025
546	-3445.34	-3698.378	253.0377	0.7802676	4.930238	0.0455426	5.063364
552	-3439.76	-3694.309	254.5495	0.9030574	6.442415	0.02116043	3.985347
558	-3449.007	-3701.563	252.5558	0.7990971	7.875807	0.02562207	4.991194
564	-3447.039	-3698.336	251.2972	0.7437769	6.082004	0.09960806	5.737358
570	-3446.97	-3700.26	253.2898	0.8474929	6.082004	0.01644085	4.776015
576	-3438.422	-3691.296	252.8738	0.9233933	9.114715	0.01495098	4.624276
582	-3454.537	-3707.781	253.2436	0.96093	13.19906	0.03534476	4.031596
588	-3447.853	-3702.114	254.2609	0.9426144	8.989548	0.03534476	3.81066
594	-3446.901	-3702.423	255.522	0.8708106	2.648702	0.006518546	4.061247
600	-3441.029	-3694.634	253.6042	0.9830028	6.700651	0.1411565	4.150039
606	-3436.481	-3690.861	254.3798	0.9582083	5.061054	0.03991351	4.206195
612	-3427.437	-3680.333	252.8962	0.8088396	7.156191	0.03796844	4.847384
618	-3427.885	-3681.107	253.2218	0.8183176	7.156191	0.03939945	4.656277
624	-3438.516	-3693.744	255.2281	0.868685	4.032999	0.01704396	3.994958
630	-3456.91	-3711.021	254.1109	0.9446276	8.830173	0.06092972	3.838855
636	-3451.52	-3704.56	253.0401	0.9175783	6.90251	0.0672459	4.655199
642	-3433.761	-3689.301	255.5399	0.9175666	2.047567	0.04303091	4.225817
648	-3428.393	-3679.408	251.0145	0.8461258	10.87907	0.1004354	5.347454
654	-3431.134	-3685.057	253.9231	0.8703279	3.131364	0.1146972	4.682689
660	-3432.489	-3683.724	251.2354	0.9017502	19.95637	0.0791046	4.682689
666	-3423.812	-3678.919	255.1066	0.9017502	4.028043	0.009752463	4.018434
672	-3423.93	-3677.226	253.2952	0.8353101	8.05547	0.03099922	4.527208
678	-3420.803	-3676.675	255.8716	0.7892649	0.1951379	0.001343284	4.852843
684	-3419.885	-3673.883	253.9973	0.7892649	3.530096	0.04488475	4.7784
690	-3418.497	-3671.918	253.4212	0.8916274	9.050479	0.02052898	4.342229
696	-3420.508	-3675.058	254.5493	1.011059	5.95524	0.0810463	3.832106
702	-3427.392	-3680.239	252.847	1.013586	4.935212	0.1443533	4.800104
708	-3431.091	-3683.109	252.0171	0.9952123	5.326099	0.2479542	5.036751
714	-3432.17	-3683.789	251.6197	1.017778	12.10899	0.2479542	4.548628
720	-3431.365	-3686.541	255.1758	1.153928	7.055303	0.07368611	3.259234
726	-3435.915	-3692.156	256.241	1.195181	4.131761	0.03745086	3.160018
732	-3440.466	-3695.569	255.1022	1.008368	6.782431	0.01009178	3.538071
738	-3435.942	-3694.636	258.6947	1.001339	0.2499637	0.01270486	3.515207
744	-3436.158	-3691.256	255.0984	0.9462397	2.522501	0.03201394	4.346723
750	-3452.108	-3704.272	252.1645	0.951205	8.447071	0.233813	4.620502
756	-3437.522	-3691.455	253.9334	1.031678	11.78242	0.03007158	3.714617
762	-3438.423	-3691.714	253.2911	0.9973737	11.78242	0.02255772	4.117001
768	-3442.586	-3696.077	253.4915	0.8166052	11.78242	0.02279372	4.105512
774	-3443.873	-3696.001	252.1282	0.8015982	11.78242	0.004870271	4.762192
780	-3434.964	-3688.219	253.2544	0.8934729	7.355178	0.03140049	4.593628
786	-3436.613	-3690.73	254.1174	0.8296579	4.090741	0.008029475	4.587171
792	-3447.245	-3701.389	254.144	0.9968424	7.119365	0.03853529	4.041025
798	-3442.353	-3695.156	252.8032	0.9956873	14.23161	0.07830625	4.072225
804	-3448.456	-3702.032	253.5761	1.017343	9.997223	0.1141342	3.856449
810	-3449.161	-3700.151	250.9895	0.9696668	13.39126	0.2275378	4.866771
816	-3452.263	-3704.187	251.9237	0.9598267	8.709503	0.2275378	4.733798
822	-3442.375	-3694.94	252.5647	0.8995851	7.659605	0.08941171	4.786537
828	-3444.759	-3697.27	252.5113	0.9078039	7.817647	0.09267788	4.786537
834	-3447.577	-3694.967	247.3897	0.9245867	12.05588	0.4899376	6.653125
840	-3433.825	-3686.224	252.3987	0.9868826	14.39993	0.06824398	4.322715
846	-3447.91	-3698.858	250.9481	0.9306589	10.92351	0.3156928	4.973293
852	-3439.549	-3691.185	251.6363	0.7933133	6.917172	0.07533253	5.479943
858	-3439.741	-3691.886	252.1448	0.857647	14.13298	0.01792584	4.677405
864	-3435.196	-3687.038	251.843	0.8654625	22.84083	0.02899427	4.363136
870	-3426.139	-3677.96	251.821	0.8686268	19.40936	0.02899427	4.535322
876	-3440.058	-3690.676	250.6182	0.8338623	13.1492	0.09589474	5.414083
882	-3431.908	-3683.4	251.4926	0.8665272	6.851807	0.1759813	5.311648
888	-3433.258	-3683.181	249.9228	0.9341297	23.35021	0.1759813	5.033923
894	-3424.979	-3678.759	253.7806	1.055625	10.7	0.02409371	3.890129
900	-3429.47	-3683.946	254.4758	1.132915	3.900248	0.1306536	4.024194
906	-3426.091	-3679.714	253.6227	1.132915	9.791169	0.0389072	3.981413
912	-3436.031	-3689.328	253.297	1.157879	13.83126	0.08140271	3.71489
918	-3428.212	-3681.773	253.5612	1.060031	9.531743	0.09456989	3.930249
924	-3424.767	-3677.549	252.7814	0.9847954	8.389991	0.0626567	4.610147
930	-3425.209	-3679.357	254.1483	0.8636814	4.853054	0.04312059	4.41486
936	-3444.67	-3697.603	252.933	1.001304	4.21158	0.1054066	4.964374
942	-3432.506	-3687.497	254.9903	1.037765	4.088401	0.05310886	3.943084
948	-3427.707	-3682.78	255.0729	1.039682	5.628932	0.009885253	3.692466
954	-3432.003	-3685.548	253.5452	0.9483045	4.995989	0.05828144	4.640871
960	-3441.565	-3694.551	252.9856	1.107117	4.181312	0.2349698	4.640871
966	-3433.79	-3684.93	251.1405	0.9489165	13.53298	0.2349698	4.773088
972	-3427.556	-3682.929	255.3734	1.085539	3.940905	0.02365359	3.800748
978	-3423.727	-3677.562	253.8353	1.078861	14.09791	0.02224098	3.588803
984	-3430.799	-3684.474	253.675	1.1087	14.09791	0.04726979	3.602068
990	-3438.366	-3691.062	252.6957	0.8374496	11.64967	0.01289834	4.548718
996	-3443.756	-3693.683	249.9276	1.078729	37.8113	0.1270385	4.548718
1002	-3436.962	-3689.947	252.9851	0.9490903	14.01085	0.03825899	4.12161
1008	-3454.998	-3707.015	252.0167	0.9802057	9.541277	0.08042744	4.881623
1014	-3451.112	-3701.127	250.0144	1.113137	23.74566	0.3307186	4.639478
1020	-3430.523	-3684.711	254.1872	1.113137	4.518357	0.245113	3.881089
1026	-3441.913	-3693.884	251.9704	1.006935	16.9181	0.09585747	4.328512
1032	-3431.66	-3682.476	250.8156	1.017218	16.04464	0.2729452	4.702346
1038	-3426.883	-3678.645	251.7625	0.9627315	9.978363	0.2086089	4.733905
1044	-3438.345	-3689.665	251.3199	0.8340859	24.40297	0.0324729	4.600286
1050	-3436.673	-3692.042	255.3687	1.147672	6.807734	0.06205407	3.213409
1056	-3428.294	-3682.933	254.6381	1.036188	6.807734	0.06205407	3.70572
1062	-3427.33	-3680.294	252.9642	0.8623733	4.129722	0.09983638	5.052049
1068	-3432.013	-3684.908	252.8957	1.028864	13.60224	0.03125777	4.173236
1074	-3432.535	-3686.199	253.6635	0.9990229	12.53911	0.04804723	3.781491
1080	-3431.321	-3685.805	254.4838	0.9763829	6.253344	0.02482945	4.000724
1086	-3426.901	-3682.806	255.9046	0.9702292	7.072521	0.02279375	3.073695
1092	-3430.464	-3684.658	254.1937	1.088911	7.072521	0.07516162	3.862441
1098	-3431.706	-3684.445	252.7392	0.8670131	7.264426	0.01673995	4.92641
1104	-3422.792	-3676.861	254.0693	0.9720589	6.224063	0.03714023	4.214125
1110	-3423.701	-3677.648	253.9474	0.8252917	2.803364	0.01382235	5.001716
1116	-3430.629	-3683.582	252.9533	0.8541858	10.26311	0.01978449	4.516533
1122	-3428.349	-3682.502	254.1533	0.9848918	5.521389	0.03466592	4.263742
1128	-3431.347	-3686.323	254.9763	0.8565331	3.257718	0.0396025	4.263742
1134	-3429.426	-3682.566	253.1405	0.9282329	5.491813	0.007166609	4.835618
1140	-3428.029	-3680.84	252.8117	0.9646403	11.84665	0.05150596	4.329752
1146	-3425.219	-3677.46	252.241	1.024378	11.84665	0.1654362	4.351891
1152	-3427.062	-3676.799	249.7368	0.7974101	15.83659	0.1495512	5.633575
1158	-3434.214	-3685.081	250.8672	1.08195	13.33845	0.3288891	4.737017
1164	-3433.815	-3688.169	254.3547	1.026979	5.986349	0.009383772	4.056424
1170	-3436.111	-3691.738	255.627	0.9843006	2.327534	0.03476206	4.073918
1176	-3433.315	-3687.996	254.6808	0.8004131	2.000943	0.0227039	4.837844
1182	-3442.572	-3695.239	252.667	0.8450552	3.524711	0.08872888	5.369596
1188	-3452.623	-3702.083	249.4599	0.8886854	16.15861	0.2301331	5.579806
1194	-3435.806	-3688.449	252.6432	0.9347627	5.88436	0.05624047	5.02729
1200	-3428.352	-3681.095	252.7433	0.926268	11.62136	0.05624047	4.394215
1206	-3442.544	-3694.032	251.488	0.789466	9.308054	0.02231429	5.45014
1212	-3439.179	-3693.715	254.5366	0.7850441	2.539712	0.04106096	4.724448
1218	-3426.785	-3680.095	253.3101	0.7850441	6.014327	0.01349314	4.802897
1224	-3435.633	-3686.922	251.2896	0.7475041	9.823192	0.0421163	5.491016
1230	-3438.064	-3690.566	252.5021	0.862608	6.84893	0.0275201	5.098282
1236	-3435.948	-3690.957	255.0086	0.9602625	4.037106	0.008048226	4.019338
1242	-3433.894	-3688.443	254.5488	0.9824072	6.598775	0.0146442	3.918082
1248	-3424.832	-3678.691	253.8593	1.022484	10.13331	0.02032834	3.918082
1254	-3439.95	-3694.114	254.1639	1.020063	4.161531	0.02860169	4.474752
1260	-3441.284	-3694.437	253.1535	0.9433636	9.705525	0.03417065	4.376147
1266	-3445.54	-3697.875	252.3345	0.9742312	15.99018	0.02801683	4.376147
1272	-3451.027	-3703.091	252.0633	0.8929632	10.06095	0.04986658	4.940396
1278	-3436.318	-3688.72	252.4027	0.8454395	10.06095	0.04426697	4.793368
1284	-3462.661	-3717.456	254.7952	1.069113	4.060213	0.01549044	4.120722
1290	-3446.686	-3701.344	254.6585	0.9142548	5.903514	0.01133772	3.974307
1296	-3446.67	-3702.945	256.2746	0.9142548	1.668236	0.01057154	3.974307
1302	-3438.122	-3694.559	256.4369	0.9814378	0.9609308	0.008169219	4.151642
1308	-3433.548	-3689.44	255.8922	0.9033982	1.760079	0.01625627	4.184275
1314	-3411.615	-3668.086	256.4709	0.9417471	1.097235	0.006495305	4.048721
1320	-3427.214	-3682.478	255.2645	0.8824732	1.097235	0.00370798	4.659547
1326	-3437.203	-3692.995	255.7914	1.048883	4.194175	0.005632086	3.434524
1332	-3433.864	-3688.004	254.1404	1.081749	6.119866	0.09463323	3.968679
1338	-3428.516	-3682.662	254.146	0.9733137	7.79363	0.0410456	3.968679
1344	-3457.367	-3712.668	255.301	1.045042	5.012117	0.01433021	3.675739
1350	-3444.377	-3701.546	257.1693	1.028281	0.9321473	0.0322836	3.746283
1356	-3436.339	-3690.67	254.3308	0.8777005	2.146398	0.0008506659	4.286163
1362	-3440.577	-3695.503	254.9261	0.8312811	2.146398	0.03069689	4.621593
1368	-3440.361	-3693.03	252.6697	0.9177329	8.215751	0.1103722	4.6083
1374	-3451.479	-3706.708	255.2289	0.9450652	1.51598	0.03214248	4.6083
1380	-3441.794	-3698.721	256.9273	0.9283104	0.7656124	0.003996379	3.907861
1386	-3443.056	-3696.078	253.0216	1.020996	9.99262	0.004540536	4.270899
1392	-3468.152	-3721.423	253.2708	0.9707283	8.674152	0.005764967	4.326151
1398	-3468.857	-3721.844	252.9868	1.039548	8.674152	0.1144755	4.304906
1404	-3452.372	-3706.018	253.6455	1.074492	12.79993	0.0469014	3.732269
1410	-3453.4	-3702.904	249.5036	0.9575503	10.05252	0.4862331	5.646125
1416	-3457.205	-3704.358	247.153	0.9272915	25.72089	0.5052432	6.060184
1422	-3449.887	-3699.593	249.706	0.9560063	16.73446	0.1433428	5.52406
1428	-3442.064	-3694.269	252.2047	0.9740069	9.178888	0.1209276	4.718018
1434	-3441.215	-3698.131	256.9159	0.9668921	1.226298	0.01341266	3.783186
1440	-3446.239	-3700.373	254.1335	1.20214	11.60222	0.1064984	3.305088
1446	-3443.899	-3701.539	257.6403	1.067373	1.284097	0.03125223	3.260253
1452	-3433.721	-3688.167	254.4463	1.090028	7.544466	0.02477793	3.797644
1458	-3439.8	-3691.813	252.0127	1.090028	38.84419	0.03678297	3.555672
1464	-3439.847	-3691.324	251.4768	0.9711805	23.82402	0.1044222	4.268533
1470	-3438.261	-3691.725	253.4641	0.966512	5.593482	0.1400814	4.389506
1476	-3435.98	-3691.924	255.9443	0.9448906	1.736366	0.03212335	4.11847
1482	-3425.102	-3680.898	255.796	0.9382364	2.897496	0.0209123	3.876546
1488	-3432.702	-3686.372	253.6702	0.9902066	5.724556	0.06665902	4.41534
1494	-3441.687	-3693.018	251.3312	0.9811054	18.40062	0.07365415	4.677897
1500	-3442.275	-3692.882	250.6069	0.9811054	17.2063	0.1900144	4.899928
1506	-3451.525	-3706.229	254.7041	0.9811054	4.038255	0.1052897	4.011004
1512	-3436.289	-3688.994	252.7045	0.852179	11.70355	0.06502692	4.426994
1518	-3440.652	-3695.273	254.6203	0.8872668	4.236901	0.02385726	4.287476
1524	-3439.541	-3693.178	253.6371	0.9633762	6.673804	0.03163769	4.419811
1530	-3441.884	-3696.391	254.5069	0.9951127	12.4294	0.007908529	3.317533
1536	-3432.797	-3689.482	256.6852	1.050974	2.011536	0.0169705	3.555841
1542	-3437.65	-3692.097	254.4469	1.093992	9.714809	0.01633226	3.575879
1548	-3429.985	-3684.881	254.8957	1.09476	4.56656	0.05898025	3.861195
1554	-3436.439	-3690.954	254.5146	0.9973404	4.56656	0.05898025	4.1347
1560	-3445.305	-3700.241	254.9364	0.9160897	1.367547	0.05239149	4.795955
1566	-3452.992	-3703.907	250.9154	0.8748087	23.32427	0.04494721	4.815731
1572	-3461.397	-3712.709	251.312	0.9177966	7.905893	0.1623159	5.289433
1578	-3442.485	-3694.13	251.6449	0.9035776	6.164568	0.1502364	5.340394
1584	-3427.002	-3679.55	252.548	0.9273728	6.057379	0.06747881	5.03031
1590	-3428.42	-3680.394	251.9746	0.8763984	10.24222	0.1227823	4.801079
1596	-3442.464	-3697.46	254.996	0.8763984	2.106183	0.02499056	4.58166
1602	-3439.752	-3692.428	252.6755	0.8974673	8.628862	0.146105	4.497916
1608	-3443.317	-3696.513	253.1954	0.8367512	8.628862	0.02628201	4.533652
1614	-3460.606	-3711.608	251.0015	0.896816	10.81317	0.2420944	5.07145
1620	-3437.015	-3688.439	251.4246	0.9999369	19.22435	0.1207182	4.458577
1626	-3429.277	-3684.162	254.8852	1.030652	2.98704	0.06893374	4.197485
1632	-3432.526	-3686.716	254.1899	1.03247	4.008902	0.06430438	4.384502
1638	-3431.093	-3685.498	254.4047	0.9761508	4.008902	0.03192967	4.384502
1644	-3420.474	-3675.697	255.2228	0.8762829	2.552788	0.01262624	4.319876
1650	-3421.067	-3676.596	255.5291	0.9274964	1.169491	0.005442328	4.524542
1656	-3427.415	-3683.951	256.5363	0.9989923	1.161213	0.01024843	3.998023
1662	-3431.506	-3685.696	254.1897	1.1024	6.222552	0.07262905	3.971917
1668	-3437.533	-3690.521	252.9876	1.056543	6.095884	0.2121328	4.406394
1674	-3429.22	-3682.524	253.3037	0.9675245	9.422171	0.09385433	4.142094
1680	-3444.701	-3696.969	252.268	1.014885	7.526105	0.1544209	4.760873
1686	-3445.205	-3699.917	254.7123	1.014885	7.526105	0.03944785	3.653663
1692	-3459.16	-3712.008	252.8483	0.9309832	5.352965	0.1613077	4.748696
1698	-3444.5	-3697.642	253.1417	0.9409268	6.193701	0.07382432	4.656749
1704	-3450.514	-3703.765	253.2502	0.8742397	4.477287	0.01916961	5.024856
1710	-3438.759	-3693.181	254.4221	0.9256535	2.672982	0.008136103	4.673911
1716	-3438.828	-3694.403	255.5753	0.8207421	1.701468	0.01297744	4.424694
1722	-3434.746	-3686.05	251.304	0.8216628	8.691905	0.1328432	5.324469
1728	-3443.607	-3695.826	252.2193	0.8661462	12.2977	0.1500894	4.448729
1734	-3446.987	-3699.738	252.7518	0.9735489	12.9051	0.03816916	4.317223
1740	-3443.421	-3697.793	254.3721	0.9490179	6.083907	0.007735874	4.056541
1746	-3438.637	-3695.901	257.2634	1.002511	0.5047674	0.001623666	3.626861
1752	-3431.895	-3686.786	254.8911	1.000692	5.618827	0.01728855	3.848414
1758	-3433.373	-3686.641	253.2675	0.9920891	8.230141	0.1577033	4.127757
1764	-3426.884	-3679.896	253.0127	0.8800456	6.153611	0.09042208	4.725912
1770	-3435.445	-3689.288	253.8426	1.083029	6.153611	0.06043451	4.223546
1776	-3440.102	-3695.319	255.2174	1.127358	6.153611	0.119601	3.252331
1782	-3436.629	-3691.857	255.2286	1.133332	6.153611	0.04489869	3.441855
1788	-3448.941	-3703.417	254.4765	1.125259	11.07307	0.01376638	3.414369
1794	-3446.38	-3702.309	255.929	1.137989	4.712803	0.05164262	3.230222
1800	-3445.407	-3702.039	256.6322	1.022182	1.840153	0.01598158	3.662506
1806	-3444.07	-3698.938	254.8682	1.081933	6.076709	0.05507071	3.662506
1812	-3442.114	-3696.333	254.219	1.139638	8.267645	0.1018521	3.613994
1818	-3446.263	-3701.112	254.8481	1.066491	6.688985	0.0532286	3.607009
1824	-3445.498	-3699.307	253.8091	1.066491	14.83748	0.08343553	3.396626
1830	-3426.223	-3679.782	253.5589	1.200415	17.75522	0.0446092	3.396626
1836	-3428.382	-3681.243	252.861	1.047708	7.412306	0.1225111	4.488248
1842	-3425.818	-3679.2	253.3815	1.076631	3.785153	0.2646434	4.467232
1848	-3416.993	-3671.64	254.6468	1.178941	9.660984	0.02468232	3.4092
1854	-3428.753	-3680.588	251.835	0.9409208	17.82166	0.09681809	4.389551
1860	-3431.406	-3685.818	254.412	1.102473	6.226981	0.04436788	3.923809
1866	-3432.861	-3686.641	253.7799	1.000709	5.360453	0.1670705	4.172759
1872	-3426.445	-3680.654	254.2087	1.057329	5.360453	0.09127941	4.060669
1878	-3429.543	-3684.633	255.0903	1.248665	8.19138	0.05983797	3.160209
1884	-3432.778	-3688.783	256.0046	1.19273	8.272707	0.01293707	2.73048
1890	-3428.687	-3684.478	255.7915	1.19273	7.937279	0.0189537	2.907382
1896	-3431.504	-3687.365	255.8609	1.121322	3.173368	0.0544235	3.581935
1902	-3431.988	-3685.15	253.1624	1.098279	7.632384	0.1168515	4.277255
1908	-3439.495	-3691.054	251.559	0.8436156	5.558496	0.2680716	5.312023
1914	-3434.07	-3685.273	251.203	0.8222303	14.1776	0.07505036	5.080435
1920	-3454.669	-3708.592	253.9224	1.086655	6.129876	0.05137657	4.205
1926	-3450.199	-3703.562	253.3635	1.105363	7.674644	0.1504567	4.083256
1932	-3437.369	-3691.425	254.0556	0.9680151	6.883602	0.04868932	4.107658
1938	-3450.82	-3706.121	255.3018	0.9279229	2.064896	0.05412562	4.317663
1944	-3449.394	-3706.567	257.1732	1.023079	0.9695255	0.04159544	3.699256
1950	-3441.674	-3693.758	252.0838	0.9070677	13.74772	0.07935231	4.558976
1956	-3443.092	-3694.364	251.2722	0.9461259	16.11513	0.2189622	4.562094
1962	-3439.164	-3694.668	255.5041	0.8335376	1.535581	0.007306201	4.47124
1968	-3441.974	-3695.104	253.1304	0.9243993	9.05241	0.03004773	4.47124
1974	-3434.934	-3690.812	255.8785	1.207183	4.182976	0.02696357	3.383756
1980	-3431.964	-3687.887	255.9234	1.01076	4.131294	0.01364803	3.486888
1986	-3435.65	-3692.531	256.8805	1.191583	2.484613	0.01923875	3.210107
1992	-3435.302	-3692.406	257.104	1.165528	2.257783	0.01830932	3.162193
1998	-3435.98	-3692.603	256.6224	1.070853	3.54561	0.03108186	3.14595
2004	-3443.58	-3698.096	254.5163	1.055568	9.379002	0.03163833	3.569087
2010	-3454.224	-3707.898	253.6743	1.100933	5.769219	0.1383759	4.172796
2016	-3447.558	-3701.202	253.6442	1.077774	11.28394	0.03358729	3.885919
2022	-3459.424	-3715.607	256.1828	0.9844545	1.582039	0.02415256	4.036741
2028	-3452.118	-3707.595	255.477	1.007084	1.536019	0.04115468	4.401861
2034	-3451.289	-3704.239	252.9505	1.10273	8.165864	0.2440842	4.104604
2040	-3442.663	-3697.332	254.6691	1.239426	9.645769	0.1356348	3.071954
2046	-3440.516	-3696.768	256.2524	1.056041	4.563679	0.01823311	3.19315
2052	-3429.24	-3682.838	253.5976	1.076497	20.12427	0.01961656	3.376926
2058	-3423.509	-3678.408	254.8984	1.076497	8.735885	0.03543291	3.388093
2064	-3432.026	-3688.929	256.9031	1.005562	0.9081593	0.02863694	3.93579
2070	-3429.185	-3685.225	256.0404	1.005562	1.733007	0.04114036	4.006149
2076	-3434.379	-3688.025	253.646	0.8846099	4.470955	0.08998506	4.622773
2082	-3439.749	-3693.517	253.7681	0.9085722	3.164997	0.0123302	4.963889
2088	-3427.632	-3680.794	253.1615	0.9272801	12.00814	0.009523997	4.185769
2094	-3427.945	-3684.155	256.2097	1.050658	3.984536	0.01724559	3.330426
2100	-3427.532	-3685.011	257.4796	1.124621	0.8154947	0.03698465	3.573099
2106	-3428.663	-3685.445	256.7817	0.9781231	2.685939	0.009745982	3.308354
2112	-3421.928	-3675.082	253.1536	1.07208	12.80689	0.07554421	3.935241
2118	-3425.976	-3678.242	252.2656	0.9051392	10.72218	0.09293083	4.650287
2124	-3433.645	-3689.608	255.963	1.113865	2.522546	0.00929791	3.747128
2130	-3438.012	-3691.151	253.1397	0.9965507	6.625522	0.1802151	4.34012
2136	-3449.506	-3700.669	251.1623	1.110099	10.95459	0.3524224	4.706703
2142	-3440.247	-3694.524	254.2767	1.233549	6.488366	0.1102067	3.716376
2148	-3441.349	-3694.731	253.3822	1.219463	16.70732	0.1281606	3.330687
2154	-3434.564	-3689.711	255.1472	1.15577	6.394536	0.0127102	3.492541
2160	-3427.79	-3684.577	256.7866	1.15577	2.523296	0.03896015	3.233646
2166	-3441.46	-3696.1	254.6404	1.204049	10.97113	0.04265635	3.233646
2172	-3442.758	-3698.074	255.3162	1.162268	7.53786	0.04463164	3.197295
2178	-3440.217	-3694.94	254.7227	1.136898	10.64028	0.06170284	3.197295
2184	-3434.01	-3687.481	253.4704	1.115285	18.15603	0.03611276	3.499919
2190	-3424.143	-3678.334	254.1909	1.064721	9.512052	0.06410432	3.64768
2196	-3430.621	-3683.013	252.3918	0.9776558	11.52988	0.08608853	4.490424
2202	-3424.871	-3678.758	253.8871	0.9452001	4.458903	0.09247401	4.449205
2208	-3430.57	-3681.319	250.7491	1.038561	40.21707	0.08609571	4.136197
2214	-3433.21	-3686.043	252.8332	0.9457159	15.29859	0.009698082	4.136197
2220	-3437.163	-3690.08	252.9164	0.8334151	3.72011	0.072472	5.240235
2226	-3434.38	-3686.854	252.4738	0.8550409	9.677555	0.1034923	4.627145
2232	-3439.123	-3690.634	251.5103	0.955879	16.36308	0.08667119	4.670762
2238	-3449.137	-3702.79	253.6535	0.9932781	10.89849	0.01572992	3.98555
2244	-3449.325	-3703.031	253.7056	0.8444071	6.964903	0.03219664	4.411252
2250	-3445.143	-3697.142	251.9995	0.8574286	13.17951	0.01881607	4.823256
2256	-3436.891	-3689.453	252.5625	0.8966853	7.856041	0.01881607	4.943115
2262	-3449.311	-3701.454	252.1434	0.8455192	9.377519	0.05195683	4.97777
2268	-3447.468	-3699.876	252.4084	0.8394956	9.377519	0.02525369	4.902129
2274	-3445.151	-3698.897	253.7459	0.8171733	6.225865	0.04795921	4.454044
2280	-3441.3	-3692.114	250.8142	0.9876226	14.50807	0.08676202	5.15314
2286	-3449.506	-3703.902	254.3954	0.8526867	5.588675	0.07450677	4.080539
2292	-3451.46	-3703.619	252.1597	0.8055976	8.909713	0.1355791	4.831942
2298	-3435.539	-3688.982	253.4431	1.046264	7.053437	0.1966617	4.058236
2304	-3427.142	-3680.478	253.3359	0.9928859	10.038	0.0272452	4.231321
2310	-3437.992	-3691.457	253.4649	0.9575804	7.517797	0.05841278	4.34636
2316	-3441.16	-3694.461	253.3015	0.9853305	8.935258	0.03227966	4.34636
2322	-3435.066	-3689.807	254.741	0.9972314	4.821845	0.0342087	4.032345
2328	-3440.325	-3695.375	255.0508	0.9972314	4.420891	0.04410153	3.896444
2334	-3434.632	-3688.987	254.3556	0.9972314	6.963211	0.02063863	3.977243
2340	-3434.956	-3688.926	253.9698	0.9982038	4.854066	0.08950088	4.313656
2346	-3433.593	-3686.706	253.1126	0.9982038	7.026709	0.08950088	4.496466
2352	-3444.52	-3697.041	252.5212	0.8554697	11.14192	0.03881947	4.645771
2358	-3437.178	-3686.767	249.5892	1.009028	16.8205	0.3868236	5.204895
2364	-3433.369	-3684.664	251.2951	0.9483366	9.598939	0.2092396	5.035159
2370	-3440.252	-3692.835	252.5829	0.9934584	5.961271	0.2226366	4.670637
2376	-3442.877	-3694.313	251.4358	0.8093146	22.03258	0.02249267	4.671526
2382	-3440.271	-3695.25	254.979	0.9307925	6.203303	0.007003817	3.689324
2388	-3430.095	-3682.936	252.8408	1.097903	21.81526	0.009292767	3.689324
2394	-3428.03	-3681.377	253.3469	1.088118	21.47578	0.014853	3.447119
2400	-3438.83	-3693.947	255.1172	1.165852	9.317408	0.05359557	3.093792
2406	-3440.305	-3695.709	255.4037	1.195455	7.475709	0.02456136	3.185533
2412	-3441.468	-3694.923	253.4555	0.985748	14.10792	0.01663922	3.863313
2418	-3438.59	-3695.514	256.9241	1.041772	1.303845	0.0208862	3.703515
2424	-3444.687	-3699.785	255.0986	1.041772	4.940597	0.04113929	3.763262
2430	-3444.717	-3698.441	253.7238	1.076725	7.649151	0.1376254	3.922881
2436	-3442.055	-3695.84	253.7842	1.120491	7.649151	0.1641956	3.809691
2442	-3433.723	-3687.12	253.3966	1.095558	6.433397	0.1351606	4.250387
2448	-3427.394	-3679.648	252.2533	1.010644	24.04206	0.03364218	3.984227
2454	-3428.517	-3680.892	252.3752	1.010644	19.03803	0.05872593	4.079374
2460	-3431.092	-3685.313	254.2205	0.985535	3.374279	0.1082517	4.4112
2466	-3424.373	-3677.977	253.6045	1.020186	5.501964	0.1277863	4.319004
2472	-3458.027	-3712.273	254.2458	1.279798	6.096524	0.1236111	3.729334
2478	-3448.795	-3704.014	255.2188	1.257592	6.096524	0.1388403	3.139245
2484	-3433.776	-3688.363	254.587	0.9655984	3.461847	0.005185959	4.306987
2490	-3441.322	-3696.141	254.8186	0.9310228	5.190027	0.01496489	3.991856
2496	-3432.696	-3688.222	255.526	1.013871	2.829542	0.01168292	3.991856
2502	-3442.983	-3696.27	253.2878	0.910892	8.516592	0.09338825	4.273152
2508	-3440.392	-3694.634	254.2423	0.9577298	4.084257	0.06309685	4.386218
2514	-3453.951	-3708.31	254.3583	1.024291	4.713974	0.0889097	4.103023
2520	-3445.387	-3699.789	254.4024	1.007649	8.014783	0.03926516	3.78241
2526	-3446.902	-3699.297	252.3956	1.003399	14.72218	0.03033024	4.398477
2532	-3438.367	-3693.931	255.5645	1.058156	3.600114	0.02033286	3.779739
2538	-3439.942	-3693.365	253.4231	1.013444	11.10533	0.06066142	3.987725
2544	-3435.297	-3690.773	255.4763	0.9968019	3.904644	0.006583227	3.729015
2550	-3446.464	-3699.932	253.4681	0.9077814	4.538156	0.008574841	4.834671
2556	-3436.011	-3691.114	255.1021	0.8556656	1.8741	0.01645394	4.616429
2562	-3435.935	-3689.851	253.9158	0.9209415	7.155833	0.01645394	4.248095
2568	-3428.833	-3680.921	252.0874	0.9972241	13.10083	0.1035672	4.491128
2574	-3421.974	-3675.992	254.0183	0.9456525	5.711268	0.03351148	4.337874
2580	-3427.035	-3679.965	252.9299	1.097835	5.771443	0.1052638	4.666666
2586	-3429.68	-3681.267	251.5873	1.097835	5.771443	0.4499312	4.914428
2592	-3426.88	-3680.401	253.5203	1.048801	4.545277	0.2334038	4.310834
2598	-3428.731	-3682.641	253.9102	1.048801	4.456919	0.09963938	4.360616
2604	-3437.937	-3692.131	254.1942	1.054114	7.033527	0.05031876	3.956492
2610	-3438.571	-3693.366	254.7943	0.9930395	2.827432	0.05611799	4.34528
2616	-3447.049	-3700.827	253.778	1.040534	10.85493	0.007596936	3.83694
2622	-3449.597	-3700.848	251.2508	1.040534	45.36441	0.004744026	3.754902
2628	-3437.368	-3693.686	256.318	1.055488	2.533634	0.004228535	3.449115
2634	-3434.34	-3688.862	254.5214	1.072731	3.643157	0.1411336	4.062281
2640	-3438.605	-3692.068	253.4628	1.050454	6.750938	0.1437388	4.180459
2646	-3444.896	-3698.468	253.5716	1.061225	8.433148	0.1437388	3.921238
2652	-3442.948	-3694.611	251.6626	0.8865197	12.40199	0.1672184	4.709358
2658	-3441.15	-3692.305	251.155	0.8330803	11.78792	0.09378835	5.221642
2664	-3427.909	-3680.928	253.0195	0.9680263	4.585719	0.08058597	4.930296
2670	-3423.781	-3677.654	253.8731	1.019761	5.248922	0.06453833	4.359771
2676	-3426.443	-3679.626	253.1829	0.9302769	8.906004	0.06390726	4.359771
2682	-3432.326	-3688.746	256.4192	0.9578885	0.6328583	0.001826951	4.06638
2688	-3430.79	-3686.54	255.75	1.071188	3.076442	0.01072245	3.763262
2694	-3435.28	-3689.907	254.6268	1.071188	5.407692	0.1123212	3.754986
2700	-3441.975	-3694.879	252.9043	1.117643	15.64924	0.1183138	3.754986
2706	-3445.144	-3699.793	254.6485	1.057408	11.1358	0.04983312	3.28019
2712	-3434.073	-3687.925	253.8524	1.032417	11.1358	0.04983312	3.758865
2718	-3448.495	-3704.501	256.0057	0.947511	2.116185	0.02479063	3.966673
2724	-3451.544	-3708.03	256.4862	1.106315	2.116185	0.04404877	3.548967
2730	-3459.255	-3709.651	250.396	0.8594374	22.74621	0.1397201	4.907236
2736	-3450.308	-3701.051	250.743	0.9732695	24.03628	0.01336307	4.876131
2742	-3445.608	-3696.39	250.7818	1.049164	12.73767	0.264467	4.929592
2748	-3444.967	-3693.789	248.8223	0.9237062	18.86354	0.264467	5.715149
2754	-3442.12	-3691.91	249.7896	0.8340903	15.24048	0.1041429	5.715149
2760	-3444.648	-3697.285	252.6378	0.857433	7.454433	0.02309849	4.963423
2766	-3457.649	-3711.53	253.8807	0.9034858	3.331454	0.04487939	4.822062
2772	-3459.15	-3711.471	252.3214	0.988319	12.59473	0.09525961	4.420586
2778	-3456.759	-3711.517	254.758	0.9797437	1.919702	0.04681294	4.66325
2784	-3447.063	-3700.089	253.0255	0.8466588	7.529676	0.02377412	4.743869
2790	-3449.4	-3702.308	252.9079	0.7884654	7.529676	0.03601708	4.814901
2796	-3457.51	-3707.902	250.3919	0.7990202	17.79068	0.08361845	5.307698
2802	-3447.579	-3699.446	251.8669	0.7651336	9.242396	0.03832732	5.225648
2808	-3450.956	-3704.538	253.5817	0.8888643	5.630503	0.009219823	4.619599
2814	-3434.008	-3688.972	254.9635	1.016154	4.525422	0.01984985	3.972063
2820	-3447.882	-3703.161	255.2791	0.91263	3.18551	0.02492493	4.111905
2826	-3458.188	-3711.929	253.741	0.8403736	7.298246	0.02211577	4.37416
2832	-3433.439	-3690.865	257.4264	1.03579	0.5091631	0.01869333	3.932518
2838	-3443.918	-3698.15	254.2314	0.7901795	2.876668	0.005189245	4.739634
2844	-3430.561	-3685.299	254.7372	0.8047278	2.321078	0.004179153	4.555339
2850	-3438.072	-3691.502	253.4299	0.8122715	4.675026	0.005206666	4.816232
2856	-3438.082	-3689.494	251.4116	0.9677922	19.58229	0.006586136	4.642147
2862	-3424.181	-3675.128	250.9467	0.8782561	13.26523	0.1443293	5.094982
2868	-3417.984	-3668.39	250.4059	0.8209794	4.597626	0.3243969	6.03037
2874	-3427.821	-3675.562	247.7414	0.8279499	28.07557	0.2810688	5.948188
2880	-3431.772	-3684.275	252.5038	0.8964123	4.962329	0.1100134	5.124685
2886	-3432.651	-3685.707	253.0566	0.9854644	7.171972	0.1100134	4.468902
2892	-3433.51	-3685.657	252.1478	1.01131	16.61269	0.1100134	4.209517
2898	-3429.871	-3682.37	252.4991	0.9894458	10.68564	0.1223893	4.406568
2904	-3421.759	-3674.28	252.521	0.8203825	6.464795	0.07165574	5.040881
2910	-3431.479	-3684.863	253.384	1.013129	6.464795	0.1302546	4.310515
2916	-3429.075	-3680.939	251.8639	0.9617755	12.95717	0.06781158	4.736765
2922	-3432.579	-3686.931	254.3526	1.059595	4.630006	0.06993533	4.150194
2928	-3428.998	-3680.9	251.9018	1.059595	18.67684	0.1564655	4.109082
2934	-3450.872	-3702.363	251.4902	0.7571434	7.388338	0.06926171	5.54193
2940	-3429.067	-3684.004	254.9374	0.9692556	2.622146	0.02580868	4.411305
2946	-3431.815	-3686.389	254.5742	1.029153	4.335772	0.06865572	4.096237
2952	-3426.985	-3680.368	253.3838	1.015567	9.042921	0.03580609	4.263155
2958	-3425.727	-3678.567	252.8392	0.9663252	8.832803	0.03580609	4.618268
2964	-3421.645	-3676.239	254.5945	0.9247151	3.950202	0.07325608	4.203336
2970	-3444.568	-3699.443	254.8752	1.099749	6.260361	0.02558005	3.70263
2976	-3448.113	-3702.278	254.1656	0.9478923	9.155095	0.02095894	3.875829
2982	-3428.343	-3684.324	255.9804	0.8974048	2.836228	0.02257124	3.807699
2988	-3425.64	-3680.337	254.6972	0.9482297	3.048877	0.01848101	4.459749
2994	-3427.061	-3681.122	254.0605	0.9482297	3.851525	0.04859902	4.578934
3000	-3447.48	-3698.766	251.2866	0.963615	15.98652	0.1269044	4.720595
3006	-3438.241	-3693.002	254.7611	0.9085558	7.778644	0.04379074	3.645692
3012	-3445.044	-3696.42	251.3761	0.8830443	17.01154	0.009320742	4.886209
3018	-3445.019	-3699.986	254.9664	0.9739157	5.272088	0.01472879	3.869424
3024	-3445.677	-3695.576	249.8984	1.078664	28.80003	0.3493004	4.504826
3030	-3444.614	-3698.157	253.543	0.7749683	3.07266	0.005829815	5.104083
3036	-3444.144	-3699.178	255.0335	1.002406	1.799476	0.007571474	4.544914
3042	-3445.073	-3700.18	255.1068	1.001808	3.445501	0.006438136	4.030049
3048	-3440.951	-3694.677	253.7264	1.023069	5.847352	0.02732407	4.454263
3054	-3434.241	-3688.369	254.1284	0.8693099	3.747567	0.04347418	4.619957
3060	-3426.981	-3682.43	255.4486	0.9266353	1.743717	0.005433304	4.324887
3066	-3425.027	-3679.944	254.9165	0.9630206	5.019248	0.02337148	3.943196
3072	-3440.766	-3691.426	250.6607	0.9630206	10.0536	0.1644183	5.414772
3078	-3436.588	-3688.694	252.1064	0.9099811	10.0536	0.1292948	4.711124
3084	-3436.687	-3691.776	255.0894	0.9120538	1.754392	0.01097887	4.616925
3090	-3432.867	-3687.681	254.8141	0.9022292	3.831456	0.004503109	4.111222
3096	-3432.323	-3685.309	252.986	0.9852399	14.48337	0.009571913	4.07776
3102	-3438.469	-3693.962	255.4927	1.062487	3.697974	0.01473124	3.795521
3108	-3442.981	-3698.449	255.4688	1.062487	3.697974	0.01123748	3.795521
3114	-3436.862	-3694.633	257.771	1.105318	0.4859693	0.01862499	3.716427
3120	-3441.152	-3697.884	256.7321	1.105318	1.598748	0.04092687	3.603426
3126	-3435.062	-3689.433	254.3706	1.170153	7.238949	0.1107888	3.603426
3132	-3444.547	-3697.612	253.0657	1.024638	7.101886	0.05433834	4.592738
3138	-3438.695	-3692.254	253.5582	1.090832	6.874918	0.06589343	4.272936
3144	-3443.46	-3699.379	255.9183	0.9744352	2.148789	0.02803103	3.984433
3150	-3454.632	-3707.119	252.4875	1.01914	19.7957	0.008101227	4.021003
3156	-3445.775	-3699.966	254.1905	1.01914	6.175947	0.005495331	4.057332
3162	-3438.867	-3693.18	254.3131	0.9500356	2.804431	0.005495331	4.632252
3168	-3442.205	-3696.941	254.7359	0.9070843	3.626358	0.01458262	4.330208
3174	-3445.606	-3700.463	254.8566	0.8834649	4.301633	0.0372715	4.112922
3180	-3431.587	-3687.141	255.5541	0.9989831	4.301633	0.01548585	3.680671
3186	-3429.538	-3685.091	255.5522	1.358553	6.244632	0.07119461	3.027724
3192	-3433.725	-3688.636	254.9115	1.198933	12.25624	0.06715665	2.895258
3198	-3461.298	-3714.907	253.6081	1.198933	15.63372	0.06715665	3.430062
3204	-3444.97	-3699.907	254.9376	1.179944	3.501402	0.140796	3.793043
3210	-3455.529	-3711.596	256.0667	1.012703	1.923298	0.08460574	3.797289
3216	-3449.336	-3704.362	255.0263	1.292828	11.20767	0.04190739	2.932128
3222	-3441.058	-3696.272	255.2137	1.160717	10.92568	0.0349242	2.943649
3228	-3444.582	-3700.358	255.7758	1.20401	5.159833	0.02132828	3.28445
3234	-3432.679	-3686.441	253.7624	1.073356	8.081066	0.08139286	3.986924
3240	-3429.297	-3682.889	253.5921	1.070723	8.941422	0.08527096	3.986924
3246	-3434.925	-3688.987	254.0619	1.116106	10.00925	0.0800859	3.602311
3252	-3439.048	-3693.233	254.1849	0.8578104	5.736357	0.03279203	4.291617
3258	-3421.711	-3676.134	254.423	0.8785502	3.431513	0.0379648	4.529772
3264	-3433.404	-3686.225	252.8208	0.970123	7.357754	0.1374539	4.529011
3270	-3430.514	-3683.34	252.8262	0.9700573	7.503261	0.1281435	4.529011
3276	-3429.335	-3681.91	252.5742	0.9829873	7.503261	0.1771991	4.567398
3282	-3431.819	-3686.41	254.5907	0.8804076	3.266874	0.01395381	4.5026
3288	-3437.42	-3693.025	255.6051	0.9611488	0.9039561	0.03848135	4.673173
3294	-3434.478	-3690.982	256.5043	0.9935501	0.5381007	0.03848135	4.414924
3300	-3430.631	-3685.838	255.2065	0.8001548	0.5703695	0.002298282	4.959027
3306	-3440.376	-3693.608	253.2316	0.8278398	3.37276	0.05091625	5.198863
3312	-3449.365	-3699.281	249.9162	0.8077077	5.6149	0.2615027	6.232316
3318	-3441.393	-3694.044	252.6511	0.8077077	7.476256	0.08099268	4.831179
3324	-3434.543	-3688.392	253.8488	0.9877831	9.035871	0.04767896	3.981923
3330	-3437.108	-3690.077	252.9692	0.958277	4.861665	0.08429046	4.909165
3336	-3442.024	-3695.372	253.3483	0.8425749	9.993528	0.0210144	4.323204
3342	-3431.161	-3684.858	253.6961	0.9454611	7.468135	0.01836435	4.323204
3348	-3434.473	-3689.056	254.5836	0.9541777	3.556903	0.0392052	4.366796
3354	-3429.54	-3683.463	253.9229	1.070516	10.32118	0.02922202	3.822406
3360	-3445.928	-3699.892	253.9642	1.056489	10.88288	0.09005327	3.590465
3366	-3443.971	-3700.73	256.7597	1.026212	1.597049	0.008143699	3.633208
3372	-3441.056	-3697.519	256.4632	0.9860674	0.4866737	0.01885004	4.528092
3378	-3440.229	-3692.483	252.254	0.8209987	7.339576	0.04877165	5.146711
3384	-3434.274	-3684.272	249.9979	0.8457028	21.89576	0.05469361	5.375821
3390	-3448.177	-3702.764	254.5865	1.015965	3.615225	0.04275399	4.308273
3396	-3435.488	-3691.144	255.6562	1.006706	2.004991	0.01694343	4.174593
3402	-3435.411	-3688.635	253.2243	0.7820048	5.599072	0.03661111	4.882964
3408	-3437.982	-3688.644	250.6627	0.7184349	8.976087	0.09390243	5.792407
3414	-3443.307	-3697.999	254.6921	0.9520385	4.612716	0.09215977	3.962667
3420	-3443.337	-3696.812	253.4752	0.9549517	5.414305	0.05979588	4.608526
3426	-3447.452	-3702.412	254.9603	0.9724425	2.50864	0.0103519	4.412753
3432	-3441.607	-3695.601	253.9944	0.941517	5.104445	0.04494871	4.412753
3438	-3459.273	-3711.36	252.0876	0.9031832	7.176448	0.1989359	4.883768
3444	-3449.841	-3700.709	250.8687	0.8633319	13.7457	0.1387774	5.125074
3450	-3445.865	-3697.857	251.9913	1.073275	18.59756	0.03025102	4.362974
3456	-3448.477	-3702.534	254.0568	1.016463	8.233886	0.06427489	3.880926
3462	-3443.552	-3699.838	256.2861	1.097055	4.395908	0.03539697	3.147147
3468	-3439.9	-3697.523	257.6228	1.000243	0.8547359	0.019389	3.571699
3474	-3437.067	-3692.992	255.9249	1.000243	2.194038	0.02380519	3.959746
3480	-3440.606	-3695.435	254.8286	0.8819347	1.879029	0.04353288	4.701543
3486	-3434.974	-3688.84	253.8658	0.9719006	7.732636	0.03491312	4.152745
3492	-3447.594	-3700.9	253.3059	0.8369607	5.367754	0.1094483	4.650575
3498	-3446.315	-3698.582	252.2667	0.828152	9.662411	0.1094483	4.745733
3504	-3443.932	-3696.594	252.6627	0.8971563	5.987655	0.035246	5.08096
3510	-3444.331	-3698.554	254.2226	0.9555269	5.987655	0.01708457	4.203535
3516	-3445.287	-3698.422	253.1349	0.9555269	11.62996	0.02658314	4.234663
3522	-3436.927	-3692.648	255.7208	0.9772749	2.223639	0.004815653	3.957754
3528	-3440.72	-3697.629	256.9092	0.9615487	0.3681239	0.004571187	4.278213
3534	-3428.919	-3685.289	256.37	0.9952624	1.288986	0.01818842	4.056557
3540	-3419.906	-3676.655	256.7493	1.091176	1.602966	0.01794717	3.646747
3546	-3421.284	-3674.021	252.7374	0.9728714	11.19353	0.1273332	4.228443
3552	-3429.402	-3685.615	256.2136	0.9724733	2.538235	0.00484717	3.584867
3558	-3432.958	-3686.14	253.1817	1.133984	17.50487	0.06737297	3.603709
3564	-3424.517	-3676.607	252.0894	1.008502	7.972908	0.1345983	4.855001
3570	-3426.131	-3680.84	254.7083	1.042001	7.972908	0.08541338	3.459856
3576	-3439.43	-3692.079	252.6491	0.9165263	10.49486	0.0334376	4.607503
3582	-3430.679	-3685.384	254.7044	0.8969705	3.31729	0.02925787	4.407796
3588	-3441.018	-3697.659	256.6412	1.160195	2.300931	0.004855284	3.295294
3594	-3435.045	-3691.019	255.9744	1.160195	2.470303	0.004855284	3.634422
3600	-3438.127	-3694.931	256.8037	1.162595	2.454836	0.005022251	3.157673
3606	-3430.1	-3687.223	257.1226	1.092461	1.66735	0.0560561	3.310852
3612	-3427.624	-3685.473	257.8496	1.030449	1.179903	0.005524493	3.125544
3618	-3428.636	-3684.55	255.9142	1.11249	3.610598	0.004560182	3.403164
3624	-3433.061	-3687.655	254.5935	1.149623	8.383051	0.09160641	3.403164
3630	-3427.953	-3682.685	254.7324	0.8928649	4.509222	0.007443744	4.119701
3636	-3429.289	-3682.288	252.999	1.086836	6.42079	0.117407	4.519609
3642	-3433.819	-3685.348	251.5287	1.006408	19.67159	0.03414287	4.596495
3648	-3425.402	-3680.379	254.9766	1.030247	3.112124	0.02064627	4.239677
3654	-3428.132	-3677.163	249.031	1.020242	65.06638	0.1556508	4.42436
3660	-3421.376	-3674.269	252.8932	0.9299426	7.557679	0.07699791	4.628672
3666	-3427.429	-3680.262	252.8327	0.9791556	7.557679	0.1210955	4.529403
3672	-3440.001	-3692.816	252.8146	1.093202	8.767135	0.1210955	4.347826
3678	-3440.6	-3691.512	250.9123	1.093202	28.98128	0.2631006	4.028355
3684	-3443.53	-3695.533	252.0026	0.9768172	9.974049	0.1136811	4.77281
3690	-3447.228	-3696.015	248.7868	0.8725133	15.00372	0.2233234	6.035693
3696	-3436.016	-3687.137	251.1215	0.9018485	5.926002	0.2233234	5.535392
3702	-3441.786	-3692.512	250.726	0.9840661	5.204135	0.4497228	5.535392
3708	-3451.074	-3698.658	247.5845	0.8515959	24.19601	0.2824164	6.166117
3714	-3444.652	-3694.821	250.169	0.8120125	7.934632	0.1929132	5.918274
3720	-3439.775	-3692.948	253.1733	0.8892596	4.607584	0.01995968	5.036915
3726	-3434.739	-3687.212	252.4727	0.9143855	5.447707	0.1160156	5.045473
3732	-3442.611	-3696.539	253.9278	0.9551441	3.715434	0.03493882	4.713736
3738	-3452.174	-3703.287	251.1131	0.9897647	34.43036	0.02029847	4.294273
3744	-3445.63	-3699.064	253.4343	1.001828	3.932016	0.1275615	4.687155
3750	-3448.98	-3704.583	255.6027	1.11499	3.323159	0.01300134	3.777714
3756	-3443.241	-3699.942	256.7003	1.119735	3.323159	0.03646806	3.106452
3762	-3442.155	-3699.028	256.8732	1.297371	3.323159	0.02000125	2.931336
3768	-3450.563	-3704.475	253.9123	1.297296	24.03159	0.09196999	2.672448
3774	-3433.996	-3686.268	252.2719	0.9756697	16.7884	0.03890554	4.336628
3780	-3437.868	-3692.23	254.3616	0.9756697	3.316629	0.11398	4.336628
3786	-3441.589	-3694.898	253.3088	0.8949785	5.495351	0.09335869	4.635749
3792	-3446.343	-3695.67	249.3272	0.979929	16.58392	0.3877503	5.377981
3798	-3440.367	-3694.528	254.1606	0.9258436	3.156814	0.1192334	4.502332
3804	-3449.767	-3700.793	251.0263	0.8544089	8.897302	0.1192334	5.468284
3810	-3457.05	-3709.572	252.5217	0.9376145	8.282446	0.005923464	4.809526
3816	-3451.215	-3707.602	256.3877	0.8631266	0.5420208	0.008344155	4.545789
3822	-3446.001	-3701.659	255.6578	1.067483	2.700459	0.01527306	3.931374
3828	-3445.349	-3697.695	252.3458	1.120453	16.25906	0.1211501	4.03028
3834	-3435.664	-3689.926	254.2622	1.043393	5.457722	0.06025782	4.106301
3840	-3466.481	-3720.44	253.9584	1.23697	11.44665	0.1276353	3.351117
3846	-3448.414	-3702.315	253.9004	1.137883	11.17051	0.1276353	3.466125
3852	-3444.714	-3698.813	254.0992	1.137883	12.26878	0.06661902	3.414956
3858	-3442.578	-3698.745	256.167	1.232301	4.613169	0.0248381	3.123386
3864	-3441.253	-3696.2	254.9471	1.0784	6.869691	0.0265588	3.592285
3870	-3447.347	-3703.317	255.9706	1.075862	2.781864	0.01715186	3.727335
3876	-3447.62	-3705.147	257.5275	1.26767	1.699982	0.01488895	3.043272
3882	-3477.413	-3725.437	248.0241	1.015437	22.16858	0.5287313	5.660766
3888	-3462.505	-3715.842	253.337	0.8654685	6.873861	0.03160423	4.619124
3894	-3458.489	-3707.982	249.4933	0.9343918	11.54187	0.2735812	5.779432
3900	-3460.717	-3708.522	247.8051	0.8909311	13.0284	0.2735812	6.614175
3906	-3450.936	-3697.828	246.8919	0.9117823	9.025952	0.6471177	7.047671
3912	-3447.079	-3695.477	248.3984	0.9382708	9.025952	0.4766325	6.360281
3918	-3444.857	-3696.054	251.1973	1.056824	9.025952	0.3583495	4.880227
3924	-3453.649	-3709.556	255.9075	0.9812122	2.588013	0.01871272	3.870292
3930	-3462.264	-3713.677	251.4129	1.084349	29.31923	0.03075679	4.222354
3936	-3454.913	-3706.758	251.8456	0.8686952	16.52106	0.0100706	4.666731
3942	-3455.704	-3709.008	253.304	0.952238	16.52106	0.02868139	3.803245
3948	-3453.289	-3706.755	253.4664	0.8830372	6.792406	0.05385093	4.48567
3954	-3462.275	-3715.732	253.4567	1.027262	6.792406	0.04660997	4.430399
3960	-3449.683	-3701.381	251.6985	1.001438	19.45986	0.08599412	4.373401
3966	-3442.926	-3698.094	255.1682	1.097115	3.978887	0.05875366	3.811726
3972	-3452.9	-3706.057	253.1573	1.167587	15.04599	0.0501524	3.796167
3978	-3441.589	-3696.19	254.6002	1.057919	4.932803	0.08978997	3.907214
3984	-3439.455	-3693.139	253.6845	1.079337	16.21578	0.02479803	3.535651
3990	-3445.761	-3695.805	250.0439	0.9026353	16.21578	0.1355562	5.412527
3996	-3451.068	-3701.669	250.6006	1.043644	19.54494	0.225769	4.687264
4002	-3447.114	-3700.009	252.8944	0.9056042	6.282018	0.1222289	4.687264
4008	-3452.303	-3704.813	252.5099	0.9587997	21.1865	0.04701691	3.958631
4014	-3445.011	-3696.514	251.5031	0.9166369	15.40848	0.06321614	4.815132
4020	-3426.909	-3678.153	251.2441	1.042873	10.34506	0.2992758	4.815132
4026	-3425.244	-3678.774	253.5303	1.017321	10.34506	0.05542376	4.003653
4032	-3435.127	-3690.458	255.3313	1.057815	2.297833	0.05542376	4.15122
4038	-3438.536	-3694.657	256.1205	1.261015	4.722081	0.07608164	2.970038
4044	-3442.95	-3698.917	255.967	1.261015	6.415666	0.07608164	2.798435
4050	-3440.493	-3694.053	253.5592	1.050624	5.98128	0.09286576	4.340003
4056	-3447.602	-3703.38	255.7779	1.004743	3.802484	0.02978545	3.629011
4062	-3444.816	-3699.617	254.8017	1.004743	5.327008	0.0132788	3.933814
4068	-3451.603	-3702.508	250.9054	0.7333837	7.820869	0.150329	5.646302
4074	-3450.274	-3702.609	252.335	0.7460309	7.820869	0.01771119	5.156735
4080	-3437.186	-3690.477	253.2918	0.7221979	3.723664	0.01771119	5.224178
4086	-3442.857	-3694.679	251.8221	0.6244597	9.110954	0.0146601	5.374587
4092	-3450.779	-3704.796	254.0173	0.6577276	1.745881	0.02028418	5.374587
4098	-3450.005	-3701.692	251.687	0.7143642	5.889871	0.100908	5.562134
4104	-3446.11	-3697.451	251.3411	0.8824168	8.294288	0.100908	5.380055
4110	-3454.597	-3704.206	249.6092	0.9122801	13.22915	0.2635707	5.619943
4116	-3447.484	-3699.36	251.8764	0.9062423	10.80294	0.07851731	4.896641
4122	-3438.71	-3692.347	253.6362	0.8472194	3.904106	0.0361684	4.896641
4128	-3446.979	-3699.27	252.2903	0.9696084	34.97731	0.0239955	3.610242
4134	-3440.152	-3694.603	254.4506	1.00428	4.75656	0.07194592	4.099157
4140	-3433.74	-3687.584	253.8436	0.8114481	4.75656	0.02695585	4.672122
4146	-3434.749	-3687.292	252.5428	0.8814706	7.54908	0.02695585	4.985703
4152	-3455.936	-3710.273	254.3365	1.060934	5.351538	0.04711389	4.107266
4158	-3461.463	-3714.945	253.482	0.9177204	9.125	0.08989799	4.107266
4164	-3459.123	-3712.633	253.5094	1.005035	10.3199	0.02381859	4.107266
4170	-3456.283	-3707.933	251.6502	0.8941694	10.3199	0.1132229	4.986163
4176	-3466.276	-3717.048	250.7714	0.9881886	17.99305	0.08195222	4.986163
4182	-3454.321	-3709.294	254.9738	1.17943	5.895154	0.09027797	3.473029
4188	-3456.585	-3710.434	253.8492	1.147105	8.274418	0.09216245	3.846558
4194	-3453.261	-3706.84	253.579	0.9389913	3.983471	0.07462681	4.756955
4200	-3470.492	-3722.684	252.1919	0.9715057	11.02548	0.09883906	4.61514
4206	-3460.395	-3711.28	250.885	0.9626736	18.94399	0.2185357	4.61514
4212	-3458.304	-3709.21	250.9063	0.9093363	18.88911	0.2044619	4.658711
4218	-3450.702	-3704.07	253.3683	0.9613155	10.12527	0.1220664	3.978242
4224	-3438.86	-3694.167	255.3065	0.8915949	3.813724	0.01545984	3.978242
4230	-3448.204	-3702.959	254.7551	0.8454269	1.770067	0.008356522	4.81075
4236	-3453.662	-3705	251.3381	0.8997916	13.79735	0.1794342	4.763272
4242	-3465.713	-3716.837	251.1245	1.148865	10.70801	0.3219786	4.763272
4248	-3462.167	-3714.884	252.7175	0.9336012	6.230955	0.1287395	4.763272
4254	-3448.843	-3702.127	253.2842	0.9380542	13.0264	0.01027202	4.040804
4260	-3444.014	-3696.925	252.9106	0.8994495	8.585579	0.02412087	4.666415
4266	-3449.486	-3701.4	251.9148	0.8795037	27.16101	0.006869195	4.08397
4272	-3448.067	-3702.379	254.3113	1.032146	6.587729	0.007402302	3.971807
4278	-3442.826	-3696.569	253.7431	0.914473	6.381028	0.01724694	4.44554
4284	-3448.539	-3701.147	252.6081	0.7779328	5.347523	0.005971342	5.209706
4290	-3448.324	-3699.974	251.6501	0.8144821	25.78908	0.01022363	4.368547
4296	-3448.428	-3702.169	253.7412	0.9396154	5.457735	0.02053904	4.558731
4302	-3446.888	-3702.22	255.3315	1.119726	2.901134	0.06343927	3.928592
4308	-3441.594	-3695.37	253.7759	1.019348	7.998384	0.008511213	4.135633
4314	-3444.87	-3698.28	253.4098	0.9051463	7.998384	0.06879016	4.325493
4320	-3450.928	-3702.004	251.0765	0.9982995	19.60866	0.09793826	4.687869
4326	-3459.539	-3714.117	254.5784	0.897269	3.337954	0.034254	4.461937
4332	-3447.097	-3700.591	253.4945	0.9630421	10.48601	0.04873551	4.061991
4338	-3443.696	-3697.646	253.9495	0.9671095	6.933585	0.07910111	4.078191
4344	-3464.291	-3714.913	250.6219	0.8189423	10.97106	0.2396037	5.315444
4350	-3446.572	-3700.541	253.9691	1.046599	4.685865	0.02058908	4.490916
4356	-3442.889	-3695.93	253.0406	0.8411995	10.24786	0.02503324	4.469634
4362	-3439.621	-3692.252	252.6308	0.831811	13.38295	0.01750588	4.469634
4368	-3437.055	-3690.213	253.1578	0.8750285	13.38295	0.02856663	4.133162
4374	-3444.372	-3695.992	251.6204	0.8013438	8.250672	0.04878856	5.409701
4380	-3427.505	-3682.802	255.2966	1.014067	2.497625	0.01290291	4.216434
4386	-3423.064	-3677.353	254.289	0.9574724	4.398856	0.09619984	4.216434
4392	-3425.26	-3678.714	253.4544	0.8587129	4.406606	0.01690132	4.931803
4398	-3425.569	-3679.533	253.9644	0.946738	5.193963	0.0218181	4.46749
4404	-3427.757	-3680.686	252.9284	0.946738	10.42735	0.0218181	4.462602
4410	-3427.368	-3680.505	253.1374	0.9362127	7.213539	0.06024988	4.572588
4416	-3426.871	-3680.743	253.8721	0.9551268	5.593638	0.01519901	4.455119
4422	-3429.856	-3682.933	253.0762	0.9805857	8.298658	0.005319222	4.455119
4428	-3431.981	-3688.554	256.5723	0.9805857	0.7227714	0.0248895	4.269104
4434	-3428.002	-3684.017	256.0153	0.9288482	0.7227714	0.00171731	4.223856
4440	-3441.147	-3694.167	253.0201	1.005969	10.45019	0.03842044	4.338991
4446	-3439.828	-3691.963	252.1345	1.009848	11.81292	0.08144312	4.606718
4452	-3433.221	-3687.836	254.6158	0.89282	3.070687	0.02212727	4.529047
4458	-3452.997	-3705.638	252.6407	0.8879589	6.350868	0.1420695	4.788603
4464	-3436.337	-3689.347	253.0102	0.9304954	5.661311	0.1112675	4.717065
4470	-3436.425	-3686.725	250.3	1.061378	13.02391	0.3618707	5.047198
4476	-3437.787	-3690.316	252.5296	0.9779744	7.263361	0.1627239	4.649162
4482	-3440.715	-3694.185	253.4704	0.9779744	6.402957	0.1292263	4.29166
4488	-3437.761	-3688.943	251.1819	0.8692125	9.516593	0.1325144	5.288618
4494	-3442.186	-3692.728	250.5421	0.9378785	11.82687	0.1325144	5.412982
4500	-3431.341	-3685.561	254.2192	0.9604432	5.554368	0.1325144	3.985689
4506	-3430.97	-3683.823	252.8527	0.9170479	9.316038	0.04183953	4.575635
4512	-3434.419	-3689.424	255.0044	1.132571	8.541858	0.06111886	3.238163
4518	-3432.703	-3687.469	254.7657	1.075086	7.014278	0.005263823	3.578766
4524	-3448.305	-3701.5	253.1957	0.9102302	3.285493	0.08799826	5.093853
4530	-3449.466	-3698.361	248.8954	0.8503112	14.63306	0.2042622	6.041283
4536	-3445.762	-3699.906	254.1435	0.8911691	4.844946	0.05002804	4.383931
4542	-3443.166	-3699.448	256.2812	1.162091	3.547935	0.03053888	3.294735
4548	-3439.21	-3695.172	255.9617	1.250585	9.792387	0.01044487	2.544991
4554	-3433.341	-3690.628	257.2867	1.295293	4.414022	0.03754194	2.40547
4560	-3428.93	-3683.607	254.6766	1.261679	13.3713	0.05075408	2.962004
4566	-3429.438	-3684.489	255.0507	1.169335	6.874733	0.06027338	3.384666
4572	-3437.757	-3692.064	254.3072	0.950251	4.043597	0.06477209	4.356817
4578	-3437.652	-3692.865	255.2125	0.984144	0.7013942	0.03269408	5.027584
4584	-3436.421	-3687.247	250.8262	0.8013822	5.553368	0.2226606	5.804629
4590	-3446.217	-3700.545	254.3274	0.8473943	6.667586	0.01367296	4.110385
4596	-3448.322	-3701.254	252.9321	1.005243	7.794648	0.01292864	4.674485
4602	-3439.838	-3694.467	254.6296	0.8469632	2.509454	0.005176693	4.579786
4608	-3441.747	-3696.713	254.9665	0.8874215	1.530494	0.003062813	4.579786
4614	-3443.542	-3698.249	254.7073	0.9097749	4.064313	0.02276655	4.258955
4620	-3442.045	-3693.714	251.6686	1.040287	9.723567	0.2925466	4.64267
4626	-3434.269	-3687.447	253.1778	1.044468	3.909861	0.2197471	4.64267
4632	-3444.137	-3694.56	250.4226	0.9672918	10.01039	0.2395839	5.423772
4638	-3448.113	-3698.891	250.778	1.03587	18.31224	0.2395839	4.634424
4644	-3448.728	-3701.755	253.027	0.8924344	8.646911	0.04191377	4.556205
4650	-3448.605	-3702.707	254.1017	0.9919888	7.952135	0.03502027	3.982355
4656	-3444.827	-3698.007	253.1797	0.9750712	7.952135	0.07035824	4.416656
4662	-3444.763	-3698.076	253.3131	0.9121231	7.952135	0.07035824	4.37688
4668	-3441.975	-3694.929	252.9542	0.9829515	7.952135	0.07672101	4.522203
4674	-3439.058	-3690.807	251.7491	0.8344816	13.58068	0.03198174	4.926443
4680	-3447.498	-3698.929	251.4318	0.809435	13.58068	0.0343356	5.110673
4686	-3439.113	-3694.012	254.8996	0.9232687	2.450125	0.0343356	4.486073
4692	-3434.991	-3689.068	254.0772	0.9151088	2.699373	0.0234187	4.907252
4698	-3437.122	-3688.51	251.3882	0.8155641	10.2481	0.05299758	5.332433
4704	-3426.324	-3676.952	250.6285	0.7997217	15.36374	0.1155375	5.239432
4710	-3432.787	-3685.269	252.4818	1.006332	7.62275	0.07746567	4.807585
4716	-3419.384	-3673.549	254.1653	0.8502703	4.551153	0.05193006	4.438187
4722	-3425.413	-3677.351	251.9377	0.9161669	16.07242	0.0723088	4.507458
4728	-3436.226	-3689.335	253.1096	0.9247341	9.523757	0.05922379	4.358415
4734	-3441.816	-3692.097	250.2811	0.9262951	22.45566	0.05922379	5.137595
4740	-3440.12	-3689.967	249.847	0.8417226	21.37262	0.1684228	5.227819
4746	-3430.783	-3684.917	254.1341	1.022241	6.624568	0.04218117	4.082843
4752	-3443.303	-3697.504	254.2008	0.9093314	9.177127	0.02776749	3.864495
4758	-3438.652	-3693.74	255.0886	0.94983	4.689364	0.02520397	3.903404
4764	-3441.64	-3694.927	253.2875	1.002657	3.604484	0.085749	4.929744
4770	-3444.763	-3697.489	252.7261	1.002657	10.89358	0.1430198	4.209743
4776	-3443.164	-3695.637	252.4734	1.010897	6.284423	0.1030066	4.906467
4782	-3444.19	-3697.821	253.631	1.010897	6.284423	0.02216556	4.464659
4788	-3434.767	-3686.999	252.2329	1.010897	7.585922	0.2120971	4.674396
4794	-3444.816	-3696.79	251.9735	0.8885079	4.832221	0.1154225	5.430435
4800	-3435.654	-3686.502	250.8475	0.7893425	10.49961	0.1454893	5.405619
4806	-3439.355	-3692.299	252.9437	0.9690922	13.73128	0.0516857	4.114816
4812	-3432.382	-3686.266	253.8836	0.8422822	4.262313	0.01177782	4.71382
4818	-3431.259	-3681.288	250.0295	0.9428393	22.41368	0.1790205	5.004936
4824	-3433.629	-3684.764	251.1355	1.051991	22.41368	0.1190662	4.443734
4830	-3440.049	-3689.492	249.443	1.006908	19.09017	0.3061804	5.261216
4836	-3439.468	-3692.23	252.761	1.006908	4.963991	0.09301696	4.960102
4842	-3430.599	-3682.076	251.4773	1.066543	9.351608	0.3096389	4.746956
4848	-3450.152	-3700.226	250.0739	1.013275	13.67948	0.1451187	5.472917
4854	-3444.224	-3698.796	254.5726	0.8990718	4.14265	0.02256112	4.326891
4860	-3433.54	-3686.623	253.0829	0.9579318	13.35232	0.04181031	4.096364
4866	-3439.055	-3692.85	253.7952	0.9924043	4.927566	0.09481473	4.39054
4872	-3430.942	-3685.011	254.0693	0.9749796	4.16402	0.1024123	4.358278
4878	-3436.568	-3689.781	253.2136	0.9016062	12.49785	0.09684249	3.966555
4884	-3432.561	-3685.609	253.0478	1.067364	12.49785	0.09684249	3.966555
4890	-3431.759	-3686.691	254.9326	1.119883	2.578234	0.06919359	4.224085
4896	-3426.561	-3681.309	254.748	0.9520878	3.910873	0.05915233	4.14707
4902	-3430.138	-3684.983	254.8447	0.9750328	3.910873	0.009596077	4.14707
4908	-3423.103	-3677.884	254.7815	0.8540056	1.723543	0.0196115	4.850745
4914	-3426.05	-3681.998	255.9483	0.8817413	0.7532965	0.008904932	4.624777
4920	-3430.981	-3684.189	253.2085	0.9772616	6.820021	0.01536814	4.653668
4926	-3437.357	-3690.643	253.2863	0.8473889	6.759776	0.008817194	4.654939
4932	-3444.36	-3698.523	254.1626	0.7860471	4.055021	0.01388515	4.635213
4938	-3417.747	-3673.549	255.8017	1.092525	1.924294	0.01682402	4.070172
4944	-3420.852	-3675.944	255.0913	1.064459	4.102394	0.05374478	3.865372
4950	-3426.873	-3682.105	255.2323	1.120862	8.891476	0.01734801	3.180798
4956	-3430.797	-3686.31	255.5123	1.179972	5.21431	0.04052332	3.400168
4962	-3442.646	-3699.495	256.8491	0.9285376	0.5179086	0.005136829	4.199546
4968	-3432.232	-3689.91	257.6782	0.9933727	0.5179086	0.007839703	3.752272
4974	-3428.161	-3683.048	254.8866	1.200825	8.149695	0.06931784	3.286347
4980	-3433.177	-3690.709	257.5321	1.201357	2.590408	0.05175559	2.699867
4986	-3444.911	-3701.285	256.3741	1.165274	2.74023	0.0132414	3.44457
4992	-3443.456	-3699.208	255.7513	1.011272	3.31411	0.01618773	3.761261
4998	-3439.995	-3693.266	253.2705	0.9642857	10.77562	0.03937922	4.190466
5004	-3428.833	-3682.787	253.9534	0.9931785	9.787125	0.01235951	3.902028
5010	-3448.758	-3703	254.2418	1.139096	9.921278	0.01770992	3.650395
5016	-3443.237	-3698.412	255.1754	1.008096	1.746215	0.04101849	4.4904
5022	-3432.539	-3686.951	254.4122	1.135539	6.495074	0.06387522	3.813531
5028	-3435.381	-3688.475	253.0941	1.059812	7.699116	0.2714716	4.058115
5034	-3428.721	-3687.604	258.8827	1.301231	0.8623521	0.0615242	2.521291
5040	-3431.282	-3687.052	255.7701	1.301231	10.55979	0.06577854	2.455539
5046	-3431.347	-3689.147	257.7994	1.325516	1.841975	0.0342561	2.762314
5052	-3430.971	-3687.26	256.2896	1.242386	6.683205	0.01160439	2.71505
5058	-3433.608	-3688.531	254.9233	1.210018	6.686262	0.03373658	3.535775
5064	-3431.857	-3690.586	258.7284	1.179651	0.746923	0.02761514	2.87381
5070	-3432.417	-3688.772	256.3547	1.118126	3.074427	0.045789	3.34432
5076	-3432.182	-3689.46	257.2786	1.199864	1.908392	0.0260434	3.146976
5082	-3433.695	-3689.958	256.2638	1.113575	3.265648	0.06669687	3.293588
5088	-3436.705	-3693.178	256.4726	1.176565	3.050413	0.02710369	3.296915
5094	-3430.686	-3686.632	255.9464	1.074562	1.933629	0.05746338	3.901588
5100	-3425.737	-3679.479	253.7419	0.9658678	9.73792	0.03554356	4.022785
5106	-3429.556	-3682.442	252.8861	0.9060128	9.73792	0.06473714	4.460043
5112	-3429.068	-3683.665	254.5966	0.9322979	3.360559	0.02979308	4.437944
5118	-3426.462	-3680.948	254.4868	0.9333176	2.377186	0.01193128	4.747369
5124	-3424.066	-3676.853	252.7873	0.7936197	9.049545	0.02518111	4.747369
5130	-3422.969	-3677.51	254.5414	0.7659999	2.650467	0.01618265	4.747369
5136	-3418.633	-3672.219	253.5863	0.9017288	5.161807	0.02671851	4.702024
5142	-3425.18	-3680.336	255.1564	0.8752586	2.796852	0.01792174	4.303471
5148	-3429.488	-3685.578	256.0909	0.9064044	0.9650163	0.006497349	4.357927
5154	-3460.518	-3714.341	253.823	0.98284	8.444869	0.06245527	4.016976
5160	-3432.114	-3691.684	259.5703	1.260238	0.2817893	0.01856404	2.803038
5166	-3433.396	-3690.853	257.4568	1.09834	1.501204	0.02285664	3.267956
5172	-3433.915	-3688.406	254.4908	1.074307	10.79934	0.08033391	3.304908
5178	-3427.757	-3684.587	256.8307	1.055974	2.017073	0.0198515	3.466165
5184	-3427.369	-3682.958	255.5893	1.091864	3.715209	0.003710682	3.537949
5190	-3435.199	-3690.613	255.4144	1.091864	6.946423	0.007363647	3.250429
5196	-3425.922	-3681.65	255.7275	1.116194	7.155935	0.02799398	3.07198
5202	-3430.55	-3684.898	254.3483	0.9115432	4.260622	0.03572094	4.39654
5208	-3436.95	-3688.934	251.9844	0.9447119	7.605968	0.0889588	5.091301
5214	-3431.471	-3684.26	252.7893	0.927949	8.853353	0.0486932	4.630265
5220	-3439.346	-3695.028	255.682	0.913572	2.966823	0.05410041	3.855995
5226	-3441.154	-3693.309	252.1554	0.9393637	21.29546	0.04675199	4.167429
5232	-3444.934	-3696.321	251.3867	0.8931643	19.26939	0.01180816	4.773202
5238	-3449.133	-3701.381	252.2475	0.8987796	19.26939	0.02994664	4.282715
5244	-3447.57	-3701.174	253.6037	0.92872	6.833657	0.07194068	4.327465
5250	-3428.197	-3682.978	254.7816	0.916571	3.188423	0.02708381	4.386845
5256	-3434.826	-3687.833	253.0063	0.9841994	5.592202	0.2098301	4.510371
5262	-3443.762	-3697.768	254.0061	0.9883542	4.075047	0.03867304	4.571995
5268	-3440.887	-3694.856	253.969	0.9593366	3.24438	0.01230192	4.805757
5274	-3442.618	-3693.671	251.0536	0.9656428	33.15551	0.06195004	4.277425
5280	-3453.952	-3702.364	248.4113	1.012024	66.14716	0.2059491	4.668548
5286	-3459.904	-3710.479	250.5742	1.073459	66.14716	0.02712866	3.811313
5292	-3451.153	-3704.528	253.375	1.060086	8.705023	0.08079758	4.151915
5298	-3439.095	-3695.272	256.1776	1.060086	2.854615	0.03089529	3.578233
5304	-3438.581	-3693.24	254.6586	1.005188	6.060144	0.06556876	3.800182
5310	-3434.322	-3689.231	254.909	1.077557	3.546997	0.07593915	4.011654
5316	-3436.932	-3690.845	253.9132	0.9690997	14.13306	0.01633466	3.606711
5322	-3429.057	-3681.984	252.927	0.8106521	3.506787	0.01633466	5.419559
5328	-3435.304	-3688.725	253.4208	0.803138	3.506787	0.06263647	5.04716
5334	-3435.885	-3689.439	253.5537	0.803138	3.212361	0.005699846	5.04716
5340	-3434.311	-3690.276	255.9643	0.8239075	1.184828	0.01307332	4.425875
5346	-3441.53	-3696.975	255.4452	0.852555	2.121565	0.02350664	4.339664
5352	-3446.955	-3705.134	258.1787	1.495592	2.554091	0.06902848	2.060471
5358	-3450.051	-3706.105	256.0539	1.495592	9.92367	0.04860678	2.268637
5364	-3450.098	-3702.601	252.5026	0.986511	6.064411	0.2196659	4.710241
5370	-3459.064	-3710.351	251.2869	1.432889	8.115143	0.6985496	4.401528
5376	-3451.2	-3698.459	247.2589	1.002845	16.19523	0.5667312	6.350069
5382	-3441.858	-3692.144	250.2861	1.006245	3.534128	0.5072965	5.999284
5388	-3449.397	-3696.542	247.1444	0.7929615	6.644517	0.5072965	7.337257
5394	-3457.816	-3704.451	246.6344	0.8517872	31.13928	0.3532121	6.34519
5400	-3463.153	-3709.546	246.3925	0.7992235	25.74948	0.3795782	6.664455
5406	-3463.061	-3712.349	249.2877	0.8519866	4.864649	0.3795782	6.515492
5412	-3449.666	-3699.3	249.6332	0.8895184	15.23892	0.2770199	5.471616
5418	-3453.341	-3702.417	249.0761	0.8661386	12.81271	0.2195436	6.029833
5424	-3452.557	-3704.179	251.6221	0.9464605	8.751925	0.1096238	5.123757
5430	-3446.051	-3697.408	251.3572	0.9365969	12.45392	0.1787175	4.827319
5436	-3450.852	-3700.358	249.5057	0.9844955	19.42502	0.1614311	5.442644
5442	-3442.484	-3696.399	253.9146	1.10435	15.87116	0.08193266	3.249574
5448	-3440.767	-3693.963	253.1964	1.065852	6.190559	0.2483071	4.21408
5454	-3429.328	-3681.079	251.7508	1.121963	10.25273	0.2483071	4.565732
5460	-3438.929	-3692.418	253.4891	1.102654	11.3285	0.07074701	3.852399
5466	-3431.021	-3682.827	251.8067	0.9825077	10.46128	0.1146953	4.834605
5472	-3424.646	-3678.384	253.7377	0.8414054	4.415854	0.01968291	4.782065
5478	-3432.841	-3685.276	252.4346	0.7797496	4.415854	0.08464901	5.376911
5484	-3425.708	-3679.596	253.8882	1.007492	8.090109	0.005300285	4.000752
5490	-3425.4	-3680.531	255.1305	1.001667	4.590752	0.0166954	3.873192
5496	-3433.99	-3688.583	254.5933	1.100984	7.638923	0.02426976	3.696528
5502	-3435.902	-3691.757	255.8546	1.005703	2.871452	0.01213961	3.799751
5508	-3432.879	-3686.824	253.9451	0.9613768	4.043885	0.002399648	4.376011
5514	-3429.01	-3684.663	255.6527	0.9670455	3.183884	0.02612029	3.865389
5520	-3423.141	-3678.675	255.5332	0.9416158	1.22375	0.02612029	4.582268
5526	-3429.113	-3684.091	254.9786	1.053166	7.554099	0.04352747	3.461498
5532	-3449.517	-3702.962	253.4449	0.8364485	4.562223	0.02967135	4.9072
5538	-3442.013	-3696.619	254.6055	0.8252706	3.284323	0.00548272	4.424225
5544	-3439.038	-3696.003	256.9651	1.055468	0.5746999	0.0009379664	3.49048
5550	-3435.991	-3691.023	255.0325	0.8819721	0.446181	0.003369593	5.222933
5556	-3435.451	-3690.231	254.78	0.8246249	2.677649	0.01142946	4.559201
5562	-3427.862	-3683.739	255.8767	0.9507156	2.677649	0.02461585	3.874954
5568	-3436.578	-3688.695	252.1169	0.9507156	16.27528	0.04301761	4.45656
5574	-3445.814	-3697.115	251.3006	0.9203738	3.910043	0.2816724	5.661493
5580	-3454.705	-3710.093	255.3881	0.9449409	2.305884	0.009471951	4.236804
5586	-3456.849	-3710.692	253.8431	0.9127038	6.977357	0.06221757	4.21011
5592	-3441.866	-3693.409	251.5435	0.7558654	8.244398	0.04625155	5.484721
5598	-3462.778	-3713.385	250.6071	0.7558654	11.15614	0.1550459	5.484721
5604	-3449.231	-3702.244	253.0132	0.8313399	5.978161	0.133815	4.678052
5610	-3443.769	-3696.727	252.9577	0.8422436	6.260983	0.08742433	4.771117
5616	-3448.787	-3702.662	253.8752	0.8905862	7.205771	0.07323327	4.14701
5622	-3444.099	-3696.181	252.0826	0.955035	19.60253	0.07323327	4.208399
5628	-3452.033	-3703.75	251.7163	1.124939	44.4625	0.006869206	3.521347
5634	-3441.974	-3695.238	253.2644	1.07102	16.36009	0.006739622	3.709621
5640	-3435.319	-3689.36	254.0407	1.07102	7.526866	0.1614587	3.709621
5646	-3438.31	-3691.083	252.7727	0.8892582	14.08707	0.06357065	4.199763
5652	-3430.104	-3685.415	255.3107	0.9077862	4.036293	0.05708153	3.832337
5658	-3438.751	-3692.712	253.9612	0.9499397	6.162609	0.07999911	4.177494
5664	-3445.47	-3702.393	256.9236	1.236159	2.019737	0.03473786	3.275312
5670	-3439.214	-3698.13	258.9154	1.236618	0.6516857	0.06039725	2.705189
5676	-3444.722	-3701.366	256.6443	1.272477	2.465864	0.01111482	3.289123
5682	-3449.579	-3704.507	254.9278	1.295337	11.12322	0.1140407	2.796276
5688	-3455.618	-3711.223	255.6055	1.242064	12.14767	0.01101332	2.56211
5694	-3455.702	-3711.272	255.57	1.178407	8.983262	0.03766787	2.89603
5700	-3444.364	-3703.606	259.2424	1.227319	0.3764738	0.01701478	2.895046
5706	-3445.691	-3704.039	258.3483	1.246026	0.911551	0.009134005	2.924936
5712	-3438.111	-3692.028	253.9167	1.092611	6.000287	0.002310844	3.993209
5718	-3441.536	-3697.683	256.1471	1.223758	5.04615	0.02627843	3.063035
5724	-3462.373	-3716.176	253.8032	1.183645	20.02861	0.02869433	3.182822
5730	-3450.379	-3705.129	254.7507	1.158043	8.279503	0.0803571	3.346782
5736	-3444.833	-3700.267	255.4337	1.159124	6.127734	0.03175917	3.346782
5742	-3457.159	-3711.255	254.096	0.9741974	4.920527	0.04734695	4.359262
5748	-3448.098	-3701.133	253.0354	0.9866453	12.11951	0.07433049	4.106109
5754	-3448.219	-3700.838	252.6189	1.232869	18.38167	0.2178508	3.502184
5760	-3447.283	-3701.323	254.0396	0.9719511	6.842018	0.03442188	4.159293
5766	-3444.65	-3698.851	254.2018	1.097034	6.842018	0.05409793	3.940161
5772	-3436.975	-3692.227	255.2521	1.141686	4.642657	0.05409793	3.629292
5778	-3444.57	-3699.673	255.1025	1.158655	4.312002	0.03636456	3.815316
5784	-3467.485	-3718.482	250.9965	0.9261241	17.7385	0.03107592	5.045726
5790	-3450.342	-3705.278	254.9356	1.074027	6.668595	0.03230762	3.613676
5796	-3447.964	-3703.998	256.0336	1.104364	6.668595	0.02771366	2.958976
5802	-3445.443	-3699.531	254.0889	1.320209	15.31263	0.1133472	2.972831
5808	-3441.292	-3694.628	253.3354	1.283323	19.66216	0.148185	3.110973
5814	-3426.914	-3684.262	257.3482	1.12647	1.914959	0.03459385	3.126005
5820	-3444.979	-3700.668	255.6897	1.204939	5.031114	0.04176023	3.307283
5826	-3441.131	-3695.053	253.9226	1.074531	11.36412	0.03085613	3.72788
5832	-3441.177	-3694.723	253.5453	1.193748	12.85427	0.1281256	3.506898
5838	-3422.906	-3677.212	254.3057	1.108352	11.34562	0.01716812	3.506898
5844	-3428.582	-3685.291	256.7083	1.011532	2.045274	0.01058933	3.5325
5850	-3417.737	-3673.292	255.5551	0.9853844	1.973947	0.02889968	4.24006
5856	-3417.238	-3672.335	255.0966	0.9933593	1.928474	0.01961857	4.524071
5862	-3428.174	-3686.047	257.8726	1.090898	1.217948	0.008828653	3.123373
5868	-3417.656	-3674.737	257.0807	1.152375	2.44238	0.0146164	3.123373
5874	-3422.036	-3678.434	256.3978	1.036437	0.9587355	0.007133006	4.126979
5880	-3432.015	-3688.542	256.5273	1.137681	2.489499	0.008347231	3.403217
5886	-3430.807	-3684.821	254.0148	1.045544	12.28922	0.0197483	3.637347
5892	-3427.043	-3683.167	256.1236	0.9626177	1.903976	0.007582169	3.912397
5898	-3415.842	-3671.771	255.9284	1.043745	2.803139	0.007129856	3.700778
5904	-3431.386	-3684.763	253.3769	0.9885547	9.808962	0.02225474	4.239632
5910	-3446.535	-3702.63	256.095	1.007134	3.674664	0.03406657	3.458667
5916	-3450.815	-3703.614	252.7999	1.11092	16.02777	0.1098091	3.815376
5922	-3437.974	-3692.972	254.9975	1.269215	7.093768	0.06608098	3.313135
5928	-3426.529	-3683.639	257.1095	1.099224	1.323194	0.02483416	3.54807
5934	-3420.194	-3677.224	257.0308	1.059658	1.005876	0.00382192	3.610235
5940	-3427.356	-3681.052	253.6962	1.059658	13.75549	0.005766238	3.610235
5946	-3431.197	-3685.468	254.2708	1.059658	6.36197	0.07732729	3.918827
5952	-3428.641	-3684.954	256.3126	1.059658	3.068839	0.02817393	3.452576
5958	-3439.931	-3696.378	256.4478	1.103767	2.665059	0.01204123	3.452576
5964	-3441.967	-3695.4	253.4335	1.154365	14.998	0.06734838	3.597979
5970	-3440.02	-3696.379	256.3591	1.190253	2.941876	0.08776186	3.213161
5976	-3441.769	-3697.583	255.8144	1.078164	4.038506	0.07029445	3.403258
5982	-3458.368	-3713.836	255.4678	1.012273	2.68046	0.003793575	3.901961
5988	-3450.248	-3704.873	254.625	1.158814	6.75919	0.01531924	3.753791
5994	-3449.087	-3705.99	256.9024	0.9300393	0.6386226	0.02365977	4.175984
6000	-3468.784	-3721.312	252.5275	0.867347	17.78876	0.006864251	4.168998
6006	-3441.054	-3697.055	256.0012	0.889565	1.418545	0.04289985	4.216301
6012	-3441.378	-3695.447	254.0683	0.8288371	2.905909	0.004443378	4.77302
6018	-3436.179	-3689.077	252.8981	0.8964759	13.69129	0.004443378	4.118739
6024	-3443.333	-3695.2	251.8669	0.9547441	24.68351	0.005084155	4.118739
6030	-3430.424	-3684.166	253.7424	1.053629	13.63774	0.02027704	3.691175
6036	-3430.619	-3684.701	254.0821	0.9714814	12.6518	0.04880548	3.544411
6042	-3420.928	-3677.94	257.0122	1.040352	1.463708	0.03763182	3.544411
6048	-3426.072	-3681.782	255.7101	1.040352	2.551036	0.03339536	3.933952
6054	-3443.081	-3694.548	251.4671	0.8233005	8.578159	0.1134396	5.286174
6060	-3444.088	-3696.066	251.9784	0.9235443	8.005244	0.1077992	5.018746
6066	-3442.66	-3695.981	253.3218	0.8774949	4.562718	0.01971939	4.968569
6072	-3444.655	-3698.173	253.5179	0.8909042	3.766936	0.03468258	4.968569
6078	-3442.855	-3696.179	253.3243	1.008203	6.329741	0.04312373	4.583667
6084	-3434.886	-3687.086	252.1994	0.9130677	21.30745	0.04684289	4.156561
6090	-3433.092	-3689.18	256.0877	0.8157449	1.661208	0.02370446	4.156561
6096	-3447.447	-3701.58	254.133	0.8054231	6.739804	0.0151167	4.239056
6102	-3447.818	-3705.197	257.3788	1.100481	1.793175	0.06302037	3.084812
6108	-3454.283	-3711.711	257.4283	1.178452	1.204064	0.002412974	3.076733
6114	-3456.086	-3707.908	251.8214	0.9365192	20.02342	0.0260792	4.472343
6120	-3439.495	-3692.944	253.4491	0.9932477	16.45678	0.04707907	3.649808
6126	-3440.007	-3693.486	253.4786	0.96384	4.865542	0.1406698	4.492671
6132	-3434.269	-3688.428	254.1594	0.8860245	4.185839	0.07171134	4.431178
6138	-3448.798	-3700.098	251.3005	0.9676959	24.33168	0.07171134	4.431178
6144	-3441.973	-3695.315	253.3425	1.04257	9.932132	0.05594467	4.131538
6150	-3432.88	-3685.986	253.1056	0.9837563	9.043273	0.08025525	4.315931
6156	-3447.737	-3700.845	253.1087	0.874277	6.001453	0.02522411	4.866555
6162	-3444.725	-3695.367	250.6421	0.894398	10.81348	0.273557	5.22707
6168	-3433.296	-3687.617	254.3208	0.9922591	3.895539	0.05754317	4.373872
