Iteration	Posterior	Likelihood	Prior	rate_log_sd	rate_loss	rate_neo	tree_length
0	-3467.797	-3723.758	255.9619	0.9277641	0.7815936	0.01590672	4.607106
6	-3465.958	-3719.605	253.6472	0.9938525	11.66106	0.01126024	3.911405
12	-3455.335	-3709.285	253.9502	1.039075	10.20621	0.02183294	3.848479
18	-3444.44	-3699.641	255.2019	1.087311	3.199866	0.02274356	4.056457
24	-3450.585	-3702.863	252.2774	1.070419	8.48213	0.2150418	4.516034
30	-3453.79	-3703.114	249.3232	0.9883677	46.00652	0.1446427	4.689273
36	-3448.19	-3700.865	252.6746	0.9706339	10.06398	0.1446427	4.324977
42	-3458.312	-3711.351	253.0388	1.037539	7.105246	0.1556351	4.361312
48	-3458.882	-3714.025	255.143	1.037539	5.506185	0.03073776	3.679488
54	-3438.167	-3691.873	253.7065	0.9011886	7.132028	0.03891548	4.341182
60	-3443.038	-3696.799	253.7615	0.9306448	4.184711	0.09067961	4.581142
66	-3458.228	-3711.591	253.363	1.013574	3.525673	0.2540569	4.581142
72	-3456.798	-3707.462	250.6636	0.9749041	6.763014	0.3839514	5.434361
78	-3444.439	-3697.113	252.6742	0.899774	10.13604	0.05497957	4.574374
84	-3441.61	-3694.961	253.3509	0.8973638	5.643143	0.07513573	4.635853
90	-3447.391	-3699.883	252.4919	0.9451024	5.643143	0.09195939	5.045598
96	-3448.706	-3701.328	252.6225	1.001154	18.25601	0.0876619	3.906792
102	-3446.498	-3701.124	254.626	0.988555	2.688578	0.09363652	4.379066
108	-3448.036	-3701.657	253.6207	0.888866	7.381092	0.03462252	4.379066
114	-3448.003	-3699.939	251.9362	0.8051236	7.381092	0.09619688	5.202784
120	-3437.908	-3690.963	253.0545	0.8717962	8.72278	0.08998121	4.414764
126	-3438.617	-3692.834	254.2169	0.9644482	8.451275	0.006909153	3.840854
132	-3435.045	-3690.348	255.303	1.114811	5.794094	0.001872751	3.136253
138	-3435.367	-3689.818	254.4515	1.052803	8.802486	0.02626979	3.677621
144	-3438.319	-3692.592	254.2725	0.9449172	9.98447	0.01044991	3.716528
150	-3445.296	-3699.903	254.6072	0.9382935	3.050579	0.03276401	4.491767
156	-3439.649	-3693.163	253.514	0.9351598	8.066086	0.02218451	4.363491
162	-3439.974	-3693.39	253.4163	0.8741138	7.395462	0.005005766	4.410989
168	-3436.791	-3691.514	254.723	0.8741138	6.06793	0.008014586	3.905193
174	-3426.028	-3681.278	255.2505	0.8628194	1.209936	0.007861099	4.750126
180	-3423.246	-3680.065	256.8184	0.9508951	1.209936	0.0101149	3.838229
186	-3436.772	-3691.073	254.3013	1.119721	7.678548	0.01636536	3.854337
192	-3435.315	-3688.463	253.1482	1.119721	10.84792	0.1472943	3.897316
198	-3443.816	-3697.205	253.3892	0.9754026	12.21438	0.04051848	3.998463
204	-3443.355	-3695.804	252.4491	1.001206	14.53203	0.04051848	4.355216
210	-3451.435	-3703.115	251.6802	0.7548793	19.12191	0.0048033	4.581865
216	-3447.127	-3703.213	256.0861	0.7648637	0.5234788	0.008189682	4.784077
222	-3436.451	-3692.916	256.4643	0.9319845	0.5234788	0.01065737	4.503343
228	-3450.76	-3706.875	256.1149	1.038755	1.826387	0.004684279	3.823669
234	-3450.631	-3704.841	254.2093	1.011256	8.901447	0.05088019	3.76557
240	-3446.349	-3700.456	254.1073	0.9531601	10.20268	0.02282157	3.806599
246	-3442.97	-3696.886	253.9161	0.9906148	6.645296	0.04513448	4.213787
252	-3445.366	-3701.302	255.9365	1.014637	2.343161	0.01624027	3.90331
258	-3453.772	-3706.254	252.4818	0.9507841	13.45798	0.03383252	4.455009
264	-3454.104	-3704.397	250.2936	0.8765847	16.72644	0.1551684	5.221412
270	-3467.827	-3720.072	252.2449	0.9859837	11.16013	0.07794408	4.618605
276	-3464.662	-3718.54	253.8785	0.8570591	5.336246	0.09357424	4.359585
282	-3445.664	-3698.791	253.1271	0.9252956	5.336246	0.05811113	4.835992
288	-3443.698	-3695.286	251.5878	0.8652444	12.58303	0.05811113	4.997637
294	-3443.468	-3697.224	253.7564	0.8711962	6.978696	0.06201561	4.283213
300	-3438.513	-3690.233	251.7196	0.9830494	14.30248	0.1562974	4.512141
306	-3445.588	-3702.473	256.8843	1.095697	2.007942	0.01498149	3.412208
312	-3444.982	-3700.135	255.153	1.057795	4.997781	0.0365924	3.726017
318	-3449.444	-3705.77	256.3266	1.117645	2.270669	0.025358	3.634369
324	-3452.235	-3701.582	249.347	1.074804	24.61969	0.3303139	4.997484
330	-3447.495	-3702.338	254.8425	1.058983	4.011168	0.04142701	4.063437
336	-3451.477	-3703.642	252.166	0.981001	7.197594	0.2373265	4.733294
342	-3444.005	-3696.677	252.6715	1.053364	8.128627	0.08464834	4.60221
348	-3446.466	-3700.797	254.331	0.9985172	8.128627	0.02386082	3.853172
354	-3458.388	-3710.986	252.5979	1.211513	13.17397	0.2476083	3.805025
360	-3445.015	-3698.021	253.0063	0.7976751	6.13775	0.03277791	4.931665
366	-3443.749	-3696.878	253.129	0.9877127	15.32183	0.02693932	3.96027
372	-3450.444	-3704.787	254.3426	1.035579	8.440068	0.0223807	3.794266
378	-3438.11	-3692.4	254.2893	1.001022	7.68952	0.005305217	3.818805
384	-3462.312	-3715.842	253.5302	1.22915	10.05416	0.08212487	3.834687
390	-3446.922	-3702.005	255.0831	0.9909936	6.276073	0.03576975	3.61876
396	-3457.886	-3713.595	255.7084	1.196449	3.497424	0.03124593	3.61876
402	-3452.826	-3709.423	256.5973	1.029238	1.726251	0.03368485	3.695412
408	-3451.009	-3703.59	252.5818	1.069811	27.25288	0.04501026	3.598584
414	-3450.373	-3707.271	256.8978	0.9651177	0.6871821	0.004833106	3.999396
420	-3451.47	-3708.312	256.842	0.9651177	1.313143	0.009915817	3.764884
426	-3449.842	-3703.993	254.1512	0.9081447	3.308545	0.004412804	4.587646
432	-3451.393	-3709.577	258.1842	0.9591388	0.5889174	0.01686466	3.466694
438	-3443.298	-3700.773	257.4754	0.9591388	0.5889174	0.004427178	3.73242
444	-3451.344	-3700.427	249.0827	0.7679298	51.73905	0.0200541	5.113698
450	-3443.426	-3698.679	255.2532	0.9820416	2.408979	0.04097942	4.246997
456	-3439.059	-3689.439	250.3796	0.9121288	6.703228	0.3494443	5.670834
462	-3436.283	-3686.021	249.7388	0.8437443	7.418101	0.3494443	5.976273
468	-3442.133	-3694.296	252.1631	0.8585393	8.996744	0.04388378	5.017837
474	-3448.274	-3700.419	252.1451	0.8272409	4.841628	0.0787444	5.455009
480	-3440.767	-3691.463	250.6962	0.7896281	16.67542	0.1220181	5.11669
486	-3456.423	-3709.358	252.9354	0.8488644	5.600886	0.0548895	4.955851
492	-3447.769	-3701.857	254.0878	0.888511	2.536664	0.005515423	4.863001
498	-3455.071	-3706.239	251.1682	0.7204978	21.89969	0.02711077	4.868787
504	-3445.391	-3698.495	253.1046	0.7284892	7.886314	0.01140344	4.71574
510	-3445.758	-3700.012	254.2539	0.9158228	6.64971	0.01884526	4.121511
516	-3453.444	-3707.457	254.0126	0.931303	7.676576	0.01347976	4.121511
522	-3450.302	-3702.435	252.1327	0.8986208	17.09478	0.07674814	4.336495
528	-3450.624	-3702.769	252.1454	0.9133319	7.202578	0.07674814	5.095632
534	-3449.702	-3700.874	251.1717	0.9820193	8.185761	0.2505568	5.158251
540	-3452.117	-3701.121	249.0041	0.7693851	8.185761	0.2779498	6.423455
546	-3452.102	-3701.949	249.8468	0.9390747	10.53971	0.2779498	5.656939
552	-3455.155	-3705.685	250.5292	0.899028	10.50814	0.2779498	5.306132
558	-3454.014	-3703.948	249.9332	0.7440756	6.740347	0.1851351	6.229915
564	-3465.661	-3717.619	251.9584	0.6510465	9.810442	0.02753441	5.212821
570	-3445.594	-3697.486	251.8912	0.682853	4.505332	0.04209979	5.826616
576	-3447.648	-3700.446	252.7979	0.6980431	7.784893	0.01855849	4.930389
582	-3438.471	-3690.719	252.2488	0.8832526	10.88255	0.02526401	4.835771
588	-3445.765	-3698.777	253.0125	0.8832526	4.708054	0.01591966	5.11199
594	-3444.132	-3696.915	252.7828	0.9512638	10.74931	0.04295663	4.465828
600	-3449.24	-3703.743	254.5032	1.017097	4.91803	0.07144058	4.036689
606	-3447.032	-3700.936	253.9042	0.9417783	4.033782	0.09462677	4.51296
612	-3449.448	-3702.08	252.6319	1.029881	13.57652	0.1125975	4.110311
618	-3436.827	-3687.542	250.7149	0.9294334	17.36107	0.1125975	5.01124
624	-3446.536	-3700.87	254.3343	1.184202	20.95371	0.04220198	2.778501
630	-3440.2	-3696.157	255.9571	1.132046	3.874441	0.06320646	3.340734
636	-3434.223	-3691.191	256.9671	1.284618	2.928252	0.02453744	2.974452
642	-3434.176	-3688.055	253.8796	0.8457526	5.523205	0.05820936	4.430997
648	-3443.436	-3696.8	253.3638	0.9182589	6.93067	0.03095099	4.569185
654	-3449.991	-3705.331	255.3407	0.9365816	2.185681	0.004661494	4.202988
660	-3444.212	-3696.496	252.2833	1.082373	7.05436	0.2463332	4.61417
666	-3434.705	-3687.011	252.3065	0.9904793	7.499623	0.2035454	4.668239
672	-3434.272	-3687.876	253.604	0.8763828	3.926459	0.1281709	4.662151
678	-3434.156	-3688.536	254.38	0.8628889	2.033747	0.02185189	4.96091
684	-3440.87	-3693.085	252.2144	0.8589719	5.825943	0.1366809	5.122319
690	-3433.074	-3681.041	247.9674	0.8136328	20.57371	0.3936804	6.003899
696	-3436.004	-3687.187	251.1825	1.030027	3.919829	0.3936804	5.53104
702	-3427.837	-3678.589	250.7521	1.005977	18.3575	0.2339839	4.671785
708	-3433.4	-3684.787	251.387	1.006446	6.936585	0.3208987	5.069552
714	-3435.091	-3692.99	257.8984	1.128237	1.491226	0.0390249	2.952387
720	-3436.902	-3689.283	252.3805	1.043206	19.32929	0.05621984	4.049805
726	-3429.096	-3684.19	255.0938	1.03688	2.979352	0.07912163	4.049805
732	-3423.999	-3680.518	256.5187	1.013178	1.915264	0.02861712	3.693555
738	-3435.473	-3688.541	253.0684	1.042209	20.04994	0.01152244	3.693555
744	-3449.894	-3702.152	252.258	0.9516254	9.181934	0.09940987	4.749435
750	-3458.826	-3711.364	252.5383	0.9930548	8.387541	0.1686053	4.502586
756	-3458.854	-3710.657	251.8038	1.077008	25.65703	0.05507294	4.075892
762	-3452.773	-3707.326	254.5527	0.7512156	3.286522	0.00730079	4.53797
768	-3452.936	-3706.811	253.875	0.8648375	3.002182	0.007240509	4.917367
774	-3444.27	-3698.686	254.4166	1.143874	15.22797	0.0443133	3.078049
780	-3440.42	-3694.648	254.228	0.8543441	2.318234	0.01063962	4.944945
786	-3425.639	-3682.683	257.0439	0.9947385	0.9974872	0.01711284	3.82197
792	-3417.153	-3669.016	251.8633	0.852417	10.4182	0.002696907	4.858043
798	-3422.058	-3675.443	253.3845	0.9061902	8.608635	0.02218404	4.396734
804	-3429.157	-3683.336	254.1795	0.7978433	1.736271	0.01410069	5.207113
810	-3437.542	-3691.508	253.9657	0.9170952	1.795302	0.03765568	5.207113
816	-3421.791	-3675.181	253.39	0.8872336	6.951464	0.1053792	4.373296
822	-3432.79	-3685.613	252.8229	0.8588842	6.141917	0.1219484	4.772344
828	-3432.991	-3688.164	255.1728	0.8085361	1.778167	0.006500354	4.562679
834	-3435.625	-3688.299	252.6734	0.8846423	14.24351	0.008257779	4.312944
840	-3424.25	-3677.716	253.4656	0.9201957	6.917631	0.04515938	4.474534
846	-3430.499	-3681.921	251.4223	0.9838974	19.63009	0.1091278	4.474534
852	-3433.847	-3688.435	254.5881	0.9214649	2.962236	0.0540383	4.474534
858	-3444.505	-3699.384	254.8794	0.8761311	2.322098	0.005129213	4.474534
864	-3440.311	-3695.514	255.2024	0.819453	2.200146	0.02012449	4.474534
870	-3458.966	-3710.902	251.9361	1.089107	22.4214	0.1654889	3.871902
876	-3453.286	-3706.655	253.369	1.199484	11.33538	0.1710539	3.636933
882	-3440.658	-3694.282	253.6246	0.9663663	4.488383	0.1710539	4.413154
888	-3431.26	-3684.799	253.5388	0.9663663	8.76023	0.08853118	4.086594
894	-3430.877	-3684.753	253.8754	0.8802594	5.976424	0.03272362	4.420547
900	-3425.088	-3677.49	252.4018	0.9114707	15.09905	0.03085821	4.421665
906	-3425.926	-3679.79	253.8641	0.885386	4.080141	0.1431974	4.450802
912	-3422.377	-3675.044	252.6669	0.9694178	23.86103	0.0141771	3.800135
918	-3426.157	-3678.842	252.6856	1.087533	11.24855	0.13766	4.166452
924	-3431.704	-3684.29	252.5853	1.067018	8.870661	0.06321504	4.624413
930	-3431.265	-3684.665	253.3998	1.067018	14.03272	0.04946596	3.78344
936	-3429.379	-3683.782	254.4024	0.9143887	7.764708	0.01792418	3.905365
942	-3427.311	-3681.158	253.8476	0.9417115	4.438329	0.1230529	4.406065
948	-3431.924	-3687.069	255.1458	0.9840538	4.438329	0.01325285	3.894317
954	-3434.658	-3688.115	253.4574	1.178259	7.891315	0.1779904	3.911279
960	-3437.839	-3692.419	254.5807	0.9019543	5.81635	0.01872194	4.054435
966	-3437.349	-3692.943	255.5939	0.9832373	6.143482	0.01872194	3.376043
972	-3431.696	-3685.315	253.6191	0.9984843	10.43817	0.01727184	4.042871
978	-3436.286	-3692.74	256.4546	1.225735	1.882523	0.04486209	3.575356
984	-3424.955	-3679.887	254.9323	1.112844	6.994836	0.01856909	3.575356
990	-3439.751	-3694.912	255.1611	1.122727	6.872805	0.03777668	3.413072
996	-3441.396	-3695.171	253.7743	1.122727	12.01397	0.00750359	3.695982
1002	-3436.242	-3693.336	257.0941	1.176213	2.021124	0.009794254	3.210775
1008	-3431.568	-3689.609	258.0407	1.083849	0.6141343	0.03534349	3.425168
1014	-3423.613	-3678.093	254.4805	1.087895	9.929068	0.003554678	3.34437
1020	-3430.053	-3686.898	256.8447	0.994461	0.7057002	0.01759508	4.125561
1026	-3440.39	-3696.39	256.0005	1.018973	1.981767	0.004333189	3.830628
1032	-3431.987	-3686.79	254.8026	0.8791399	3.195323	0.002912124	4.166042
1038	-3428.471	-3681.31	252.8386	0.8315139	6.809898	0.02210009	4.94243
1044	-3436.368	-3688.173	251.8056	0.7525655	7.256157	0.0245962	5.501566
1050	-3433.06	-3687.743	254.6836	0.8768503	0.8502405	0.003762922	5.130271
1056	-3431.415	-3684.595	253.1801	0.8600847	3.701584	0.02616445	5.205299
1062	-3429.386	-3682.016	252.6297	0.8600847	13.77974	0.02712446	4.416431
1068	-3429.448	-3682.717	253.2696	0.8483815	5.651698	0.03271516	4.82318
1074	-3436.545	-3689.519	252.9742	0.9508323	10.50127	0.05499934	4.34504
1080	-3449.528	-3701.748	252.2198	0.8363091	5.107552	0.0915861	5.335651
1086	-3459.161	-3713.188	254.0265	0.7787716	5.107552	0.0173727	4.54231
1092	-3427.09	-3682.86	255.77	0.8628946	0.5603067	0.004597921	4.785575
1098	-3426.484	-3679.972	253.4874	0.8484634	4.27594	0.004597921	4.809491
1104	-3429.607	-3681.828	252.2206	0.7663781	4.27594	0.003159396	5.475084
1110	-3431.291	-3684.091	252.7998	0.7663781	4.27594	0.01193316	5.35607
1116	-3443.212	-3696.628	253.416	0.8560693	4.109288	0.003568451	4.821855
1122	-3436.923	-3689.631	252.7083	0.8289659	3.954986	0.006672835	5.372615
1128	-3433.386	-3686.798	253.4125	0.8774395	3.933961	0.00378039	4.857564
1134	-3446.36	-3702.258	255.8983	1.109801	2.724229	0.02957564	3.748364
1140	-3440.807	-3693.063	252.2553	0.8609065	13.69036	0.02837609	4.629823
1146	-3461.351	-3716.835	255.4838	0.9558953	1.071747	0.04544251	4.629823
1152	-3439.822	-3693.837	254.0144	0.8747083	3.570106	0.1020876	4.56234
1158	-3432.21	-3685.263	253.0533	1.021686	12.06944	0.07126497	4.08805
1164	-3433.161	-3687.128	253.9672	1.021686	9.043159	0.06145369	3.85448
1170	-3430.367	-3684.446	254.079	1.122552	11.64361	0.05984054	3.504637
1176	-3432.014	-3687.137	255.1237	1.112262	3.179013	0.07501163	3.953082
1182	-3432.96	-3688.223	255.2631	1.122507	5.159003	0.0138523	3.627989
1188	-3434.061	-3690.81	256.7496	1.014584	0.8443508	0.01223758	4.06123
1194	-3434.829	-3689.005	254.1751	1.102433	6.156801	0.008958894	4.087995
1200	-3431.741	-3684.215	252.4739	1.018335	11.87771	0.004063818	4.403226
1206	-3425.906	-3679.617	253.7111	1.036381	6.729413	0.02386583	4.346089
1212	-3428.444	-3681.631	253.1872	1.091036	7.70054	0.0810673	4.346089
1218	-3427.48	-3679.36	251.8804	1.091036	7.70054	0.3831848	4.586853
1224	-3433.952	-3684.913	250.9616	1.239801	5.634826	0.4101132	5.242352
1230	-3421.651	-3673.026	251.3754	1.036682	11.62552	0.1694157	4.840383
1236	-3436.036	-3690.245	254.2089	1.072395	3.058319	0.1630649	4.32579
1242	-3435.618	-3689.071	253.4528	1.095172	7.528234	0.06149037	4.265549
1248	-3431.342	-3684.012	252.67	0.9433337	15.42654	0.06372183	4.140626
1254	-3442.417	-3694.872	252.4551	0.9760021	15.82027	0.05583495	4.242085
1260	-3450.281	-3704.951	254.6696	1.267087	11.84253	0.01838634	3.159059
1266	-3445.992	-3700.424	254.4317	1.136315	11.42917	0.07976559	3.251129
1272	-3437.477	-3692.69	255.2138	1.157537	6.966702	0.06487923	3.270726
1278	-3432.525	-3687.372	254.8466	1.121666	3.478125	0.05669189	4.089936
1284	-3429.163	-3683.114	253.9511	1.081632	7.67719	0.1216227	3.821066
1290	-3437.601	-3691.618	254.0174	1.017884	6.598108	0.03726309	4.168679
1296	-3428.935	-3683.31	254.375	1.118087	6.525108	0.01479625	3.949694
1302	-3438.366	-3691.61	253.2437	1.161287	15.0076	0.04632235	3.763543
1308	-3440.507	-3694.912	254.4053	1.149191	10.01121	0.03348356	3.514916
1314	-3443.848	-3697.125	253.2767	1.093314	20.92713	0.01853555	3.514916
1320	-3441.19	-3691.435	250.2453	0.9450653	20.92713	0.1774754	4.953992
1326	-3437.989	-3690.653	252.664	1.005864	7.22031	0.1774754	4.535954
1332	-3426.963	-3679.221	252.2583	0.8793497	7.22031	0.04419888	5.138273
1338	-3426.906	-3680.076	253.1699	0.9366316	6.968844	0.06609072	4.566894
1344	-3432.1	-3684.751	252.6515	1.13385	37.08624	0.06609072	3.120815
1350	-3430.458	-3684.335	253.8774	1.10002	5.746232	0.1168877	4.107626
1356	-3445.896	-3700.037	254.1414	0.8891097	7.359168	0.01324651	4.107626
1362	-3446.552	-3699.251	252.6996	0.9419366	7.104178	0.08873449	4.752286
1368	-3439.417	-3694.298	254.8814	1.131567	2.562013	0.03078492	4.356801
1374	-3446.162	-3700.131	253.9696	1.103739	10.55949	0.1247475	3.50455
1380	-3455.324	-3708.908	253.5837	1.052633	12.17345	0.06641442	3.771835
1386	-3458.112	-3709.587	251.4751	1.110303	7.624006	0.3591043	4.838549
1392	-3447.788	-3698.991	251.2035	0.9797713	14.63392	0.190733	4.719345
1398	-3440.547	-3693.429	252.8819	1.007307	14.63392	0.01236171	4.13356
1404	-3451.906	-3702.784	250.878	1.071964	11.56946	0.3211564	4.875541
1410	-3447.423	-3701.392	253.9687	1.105281	3.370243	0.2277161	4.260924
1416	-3435.1	-3687.293	252.1922	1.051878	11.18709	0.209055	4.339422
1422	-3439.493	-3692.306	252.8122	1.058303	17.10534	0.0606327	3.902336
1428	-3441.887	-3698.656	256.7687	1.07113	1.814815	0.0606327	3.461054
1434	-3431.177	-3684.526	253.3485	1.055561	3.581557	0.2046173	4.630608
1440	-3434.365	-3689.785	255.4193	1.240231	9.63508	0.01229431	2.911055
1446	-3435.872	-3690.809	254.9372	1.224345	9.63508	0.0351562	3.189011
1452	-3439.872	-3690.104	250.2323	0.9057738	14.79643	0.1213705	5.42169
1458	-3430.971	-3685.258	254.2868	0.8024661	2.370631	0.01029666	4.923439
1464	-3431.411	-3684.3	252.8891	0.8453977	6.683152	0.02075513	4.923439
1470	-3423.243	-3677.576	254.3324	0.8804621	2.270857	0.007719465	4.854738
1476	-3429.875	-3680.876	251.0008	0.9910674	7.778607	0.3955867	5.110957
1482	-3442.507	-3695.002	252.4954	0.8977718	8.676059	0.07038383	4.769168
1488	-3441.187	-3693.139	251.9518	0.9240527	8.469319	0.1330074	4.930577
1494	-3444.632	-3697.637	253.0045	0.9925616	6.777928	0.1358204	4.485227
1500	-3441.222	-3695.09	253.8679	1.066256	5.807529	0.006026573	4.279584
1506	-3436.49	-3689.445	252.9554	0.9782259	15.07629	0.01256042	4.080765
1512	-3436.423	-3692.248	255.825	1.151369	3.472422	0.008555505	3.561371
1518	-3434.9	-3689.412	254.5115	1.192928	13.05905	0.02316191	3.198205
1524	-3434.356	-3689.796	255.4408	1.192928	6.71204	0.06118955	3.158727
1530	-3437.342	-3693.258	255.9162	1.04734	2.292529	0.03769361	3.87508
1536	-3451.117	-3704.588	253.4708	1.124027	4.879233	0.2748996	4.179582
1542	-3436.315	-3688.831	252.5151	1.124027	9.795849	0.2443002	4.179582
1548	-3436.849	-3693.014	256.1659	1.124027	3.506161	0.02418818	3.407502
1554	-3454.273	-3705.488	251.2158	1.094983	29.95127	0.01384479	4.319115
1560	-3444.1	-3695.724	251.6249	0.8833959	29.95127	0.025141	4.205646
1566	-3454.584	-3706.019	251.4349	1.041525	21.38179	0.03836886	4.536147
1572	-3455.368	-3706.429	251.061	0.9500763	7.854319	0.1655358	5.409576
1578	-3449.593	-3699.822	250.2291	1.001527	7.854319	0.5117894	5.409576
1584	-3450.424	-3700.571	250.1469	1.002083	7.45815	0.5117894	5.497519
1590	-3457.274	-3706.75	249.4759	0.9712125	32.19507	0.2520584	4.813204
1596	-3432.686	-3683.919	251.233	0.9236089	9.26598	0.1978368	5.132558
1602	-3439.471	-3693.556	254.0847	0.9129748	9.26598	0.06810022	3.809071
1608	-3432.313	-3685.695	253.3819	0.974826	10.84367	0.06810022	4.034329
1614	-3432.346	-3686.687	254.3411	0.8808876	2.401671	0.008449451	4.822115
1620	-3427.042	-3682.406	255.3642	0.9393341	2.088065	0.03661036	4.317551
1626	-3432.49	-3687.637	255.1473	0.9094233	2.327936	0.03661036	4.383389
1632	-3438.023	-3691.271	253.248	1.003445	4.014523	0.1120018	4.808836
1638	-3440.128	-3693.586	253.458	0.8539281	5.429707	0.03815514	4.732741
1644	-3434.072	-3685.479	251.4077	0.9145116	8.222198	0.2812563	5.018211
1650	-3435.487	-3688.215	252.7284	1.021529	4.603422	0.2367019	4.756366
1656	-3438.439	-3689.094	250.655	0.9777595	32.23928	0.07135061	4.499447
1662	-3443.153	-3696.423	253.2701	0.9952013	13.99894	0.01672062	3.97164
1668	-3443.151	-3697.388	254.2372	0.9419962	6.364359	0.003300141	3.94337
1674	-3444.022	-3697.74	253.718	0.9866237	9.555755	0.07039008	3.94337
1680	-3443.919	-3697.546	253.6269	0.9866237	9.555755	0.005901218	4.033345
1686	-3433.066	-3686.892	253.8252	0.8624546	4.070135	0.01676024	4.783188
1692	-3445.393	-3697.61	252.2178	0.9176302	9.472691	0.09040813	4.785539
1698	-3435.382	-3689.3	253.9184	1.046301	9.664478	0.07260243	3.777797
1704	-3440.996	-3694.777	253.781	1.046301	7.964682	0.07260243	4.027769
1710	-3446.034	-3698.24	252.2062	1.046136	13.74643	0.1726056	4.208129
1716	-3436.975	-3690.835	253.8598	0.9064996	6.16998	0.1107193	4.183235
1722	-3430.764	-3687.289	256.5244	0.9962182	1.183844	0.005692559	3.921378
1728	-3438.69	-3697.53	258.8407	1.187074	0.2349993	0.006870344	3.283437
1734	-3432.994	-3691.762	258.7677	1.197728	0.4658542	0.02191941	3.09573
1740	-3443.194	-3697.921	254.7267	1.175711	10.85697	0.02760289	3.249625
1746	-3440.18	-3696.147	255.9668	1.171919	8.282767	0.01578078	2.772692
1752	-3435.317	-3691.31	255.9934	1.27024	8.941121	0.01813757	2.625487
1758	-3438.696	-3692.935	254.2395	1.147473	15.96983	0.006787229	3.118412
1764	-3443.856	-3703.187	259.3303	1.147473	0.2388905	0.01064113	3.059537
1770	-3444.107	-3702.016	257.9087	1.133219	0.4849891	0.03338796	3.595386
1776	-3438.725	-3695.818	257.0934	0.9955137	0.4728107	0.009624278	4.15072
1782	-3455.418	-3707.729	252.3117	0.9510963	11.82442	0.2749091	4.178512
1788	-3447.052	-3701.362	254.31	0.9510963	6.668615	0.05952375	3.967979
1794	-3444.178	-3697.941	253.7623	0.8384953	2.313086	0.02831575	5.220806
1800	-3448.729	-3700.291	251.5619	0.9926968	7.546658	0.1259213	5.220806
1806	-3454.84	-3705.729	250.8888	0.998948	7.546658	0.3710594	5.220806
1812	-3447.521	-3693.635	246.1142	0.8590714	13.13907	0.4883054	7.30122
1818	-3450.496	-3694.687	244.1912	0.8948542	38.00939	0.4883054	7.30122
1824	-3444.13	-3690.194	246.0645	0.8283442	11.30206	0.4883054	7.475645
1830	-3443.477	-3692.655	249.1775	0.9471601	5.55625	0.4883054	6.314057
1836	-3448.051	-3698.031	249.9799	1.034617	5.557792	0.4883054	5.828925
1842	-3439.477	-3689.257	249.7803	0.984681	5.557792	0.4883054	5.965281
1848	-3448.632	-3698.323	249.6906	1.030532	5.557792	0.5149134	5.965222
1854	-3440.786	-3692.432	251.6452	1.281218	11.02741	0.5149134	4.164003
1860	-3429.719	-3682.383	252.6645	1.190931	11.13864	0.2144229	3.987163
1866	-3434.126	-3686.689	252.5637	1.044838	12.33331	0.1920579	4.071959
1872	-3429.39	-3681.523	252.1326	1.034263	15.65209	0.03031331	4.471343
1878	-3443.058	-3697.515	254.4576	1.118703	12.58751	0.005150805	3.194678
1884	-3436.465	-3691.614	255.1491	1.041311	2.701486	0.002989365	4.00445
1890	-3431.101	-3686.819	255.7177	0.9441229	2.447934	0.02767714	4.027237
1896	-3427.546	-3680.544	252.9986	0.9393101	5.454497	0.1120036	4.746731
1902	-3447.117	-3697.878	250.7613	0.9610722	29.34281	0.1101474	4.451011
1908	-3438.541	-3691.393	252.8523	1.193256	20.86903	0.1101474	3.47234
1914	-3437.303	-3693.565	256.2624	1.173568	2.189411	0.09614681	3.47234
1920	-3449.322	-3707.065	257.7432	1.05483	0.5957658	0.04471612	3.604415
1926	-3439.113	-3697.636	258.5222	1.05483	0.235826	0.01227468	3.604415
1932	-3429.794	-3682.814	253.02	0.9191952	5.211396	0.1628847	4.67753
1938	-3429.52	-3682.828	253.3075	0.9191952	8.77119	0.05063938	4.346158
1944	-3432.414	-3685.683	253.2692	0.9191952	10.30758	0.0187953	4.298263
1950	-3431.165	-3685.184	254.0195	0.9191952	7.279838	0.01065451	4.155641
1956	-3437.232	-3692.839	255.6069	0.9712665	1.7186	0.007364272	4.265151
1962	-3437.996	-3693.46	255.4647	0.9925383	3.075821	0.02849918	3.978952
1968	-3431.245	-3685.927	254.6822	1.0528	4.053165	0.0414893	4.150076
1974	-3438.53	-3693.798	255.2687	1.201821	8.426146	0.0414893	3.110761
1980	-3446.778	-3701.815	255.036	1.144747	8.426146	0.1308527	3.0451
1986	-3432.681	-3687.361	254.6801	1.085542	8.083777	0.03110928	3.590898
1992	-3438.489	-3690.099	251.6104	1.023031	29.68069	0.06838737	4.02764
1998	-3440.178	-3693.389	253.2108	0.9205765	7.616629	0.06217676	4.488897
2004	-3468.345	-3721.234	252.8888	1.108372	6.701238	0.2121184	4.354715
2010	-3447.323	-3699.687	252.3638	0.8152909	7.181318	0.0522425	5.09746
2016	-3453.874	-3706.468	252.5946	0.8733763	7.181318	0.06175027	4.910681
2022	-3448.682	-3702.363	253.6808	1.016566	4.744733	0.08448845	4.496844
2028	-3442.458	-3697.524	255.0655	1.072182	3.547433	0.07258765	3.934116
2034	-3427.664	-3683.205	255.5402	1.127566	3.139752	0.07258765	3.720629
2040	-3429.565	-3682.381	252.8158	1.030664	15.82571	0.04920728	4.024406
2046	-3431.458	-3684.069	252.6109	0.9060968	7.437355	0.07287076	4.824207
2052	-3435.89	-3687.458	251.5679	0.7842694	9.578652	0.05891721	5.292867
2058	-3430.715	-3682.801	252.0864	0.7912699	7.411326	0.03187201	5.292867
2064	-3443.741	-3699.323	255.5816	0.880469	1.557913	0.02248546	4.448625
2070	-3441.461	-3694.867	253.4059	0.9032152	5.264703	0.03030838	4.778659
2076	-3447.212	-3701.263	254.0513	0.9032152	5.031939	0.01432478	4.466082
2082	-3440.967	-3693.13	252.1632	0.9085518	16.22986	0.01005483	4.482929
2088	-3442.398	-3696.902	254.5043	0.8984725	3.469704	0.03086973	4.482929
2094	-3439.21	-3694.962	255.7525	0.9873744	1.798466	0.0166076	4.202222
2100	-3430.77	-3685.601	254.8311	0.9873744	4.596912	0.02564285	4.044165
2106	-3429.286	-3684.789	255.5029	1.039694	2.741772	0.01068459	4.006609
2112	-3446.474	-3695.232	248.758	0.9498365	10.47877	0.4013249	6.105366
2118	-3443.033	-3694.925	251.8919	1.048247	10.33149	0.4013249	4.32846
2124	-3435.163	-3685.553	250.3896	0.9316604	10.40756	0.2744541	5.378297
2130	-3439.546	-3692.136	252.5898	1.03743	8.753161	0.2131265	4.334369
2136	-3441.832	-3694.853	253.0205	0.9685784	6.239309	0.05736832	4.74784
2142	-3447.416	-3700.634	253.2178	1.116747	17.9788	0.245706	3.19597
2148	-3451.344	-3704.704	253.36	1.116747	7.724021	0.2221852	3.945156
2154	-3450.565	-3706.095	255.5296	1.214372	5.419514	0.1120326	3.141857
2160	-3445.14	-3702.427	257.2874	1.074042	1.136977	0.01442187	3.554586
2166	-3448.972	-3706.134	257.1612	1.042142	1.321987	0.03616392	3.52486
2172	-3438.229	-3692.427	254.1973	1.03638	12.01304	0.03616392	3.52486
2178	-3438.874	-3693.95	255.0756	0.9109283	3.25933	0.01305734	4.210294
2184	-3437.918	-3693.819	255.9012	1.053101	2.477902	0.05223124	3.784448
2190	-3436.981	-3691.982	255.0013	1.182022	8.871294	0.02418383	3.277871
2196	-3428.732	-3686.081	257.3488	1.212911	1.935687	0.0521016	3.015133
2202	-3433.784	-3691.335	257.5511	1.258499	2.238322	0.0919576	2.645385
2208	-3438.091	-3695.606	257.5148	1.277513	2.589185	0.0201169	2.746078
2214	-3435.965	-3690.843	254.8788	1.165805	9.802354	0.07414856	3.128798
2220	-3443.525	-3697.169	253.6445	1.208267	19.21055	0.04146321	3.270727
2226	-3440.438	-3695.989	255.5508	1.207196	6.541146	0.05084095	3.138136
2232	-3442.264	-3698.015	255.7508	1.164835	4.850541	0.1248763	3.102548
2238	-3437.861	-3688.746	250.8854	1.012095	22.29237	0.04341043	4.805093
2244	-3440.656	-3692.633	251.9767	0.9195284	11.19454	0.114022	4.715972
2250	-3440.736	-3693.419	252.6834	0.9546471	11.19454	0.08076224	4.379472
2256	-3436.775	-3690.939	254.164	0.9650367	6.698642	0.07018697	4.010032
2262	-3431.702	-3686.1	254.3978	1.051761	7.340164	0.07018697	3.74797
2268	-3437.944	-3689.634	251.6902	1.153798	11.18532	0.294455	4.439428
2274	-3453.497	-3706.731	253.2334	1.28009	18.99535	0.1840438	3.138426
2280	-3434.871	-3689.057	254.1859	0.8671853	7.174582	0.01565242	4.122113
2286	-3426.221	-3680.892	254.6708	0.8696206	2.093738	0.01567679	4.776502
2292	-3422.897	-3675.291	252.3941	0.9140949	15.01736	0.004606466	4.314454
2298	-3429.931	-3684.828	254.897	0.8973288	3.188566	0.03470035	4.314454
2304	-3429.83	-3683.157	253.3266	0.8272951	9.86863	0.008460285	4.314454
2310	-3437.015	-3690.763	253.7476	0.9452862	7.645803	0.02741349	4.262581
2316	-3436.909	-3692.081	255.172	1.118352	4.097909	0.04526691	3.813254
2322	-3437.151	-3691.215	254.0643	1.147384	11.18492	0.1866103	3.244105
2328	-3438.338	-3691.849	253.5105	1.196993	22.98503	0.08803031	3.035782
2334	-3432.977	-3688.209	255.2315	1.190619	8.589344	0.06413932	3.054787
2340	-3435.894	-3690.259	254.365	1.02086	9.495373	0.02030236	3.686704
2346	-3434.599	-3690.058	255.4597	1.068512	2.851251	0.1515055	3.686704
2352	-3436.037	-3692.997	256.9597	1.102388	2.013192	0.01323887	3.357438
2358	-3426.723	-3684.342	257.6193	1.183757	1.772531	0.03904356	2.970246
2364	-3432.825	-3687.826	255.0016	1.111469	12.40206	0.008919924	2.970246
2370	-3433.675	-3687.713	254.0378	1.155458	12.75686	0.08025543	3.365479
2376	-3439.352	-3692.154	252.8027	1.146169	31.67638	0.07656151	3.170478
2382	-3434.495	-3688.792	254.297	0.8707563	4.459301	0.007136195	4.382162
2388	-3439.258	-3695.351	256.0931	0.8794288	1.011456	0.008704127	4.382162
2394	-3425.241	-3679.632	254.391	1.26255	9.432825	0.1538708	3.205623
2400	-3419.067	-3676.258	257.1902	1.04651	1.790148	0.03070733	3.322994
2406	-3425.49	-3682.286	256.7957	1.088713	1.790148	0.01447809	3.544658
2412	-3429.075	-3684.408	255.333	1.002618	4.653038	0.02016323	3.745327
2418	-3435.535	-3689.96	254.4255	0.9973064	4.653038	0.08644148	4.096651
2424	-3433.398	-3689.088	255.6899	1.106921	3.543611	0.0238367	3.687004
2430	-3433.764	-3688.048	254.2844	1.120112	7.193237	0.0141466	3.916168
2436	-3434.417	-3688.614	254.1966	1.009379	7.193237	0.06630144	3.916168
2442	-3428.934	-3682.988	254.0545	1.094844	6.238748	0.103376	3.973006
2448	-3442.27	-3697.743	255.4726	1.085496	6.238748	0.103376	3.153049
2454	-3442.889	-3697.302	254.4132	0.9953137	3.21672	0.05957745	4.456397
2460	-3439.646	-3694.333	254.6869	1.004185	5.186627	0.05874248	3.931677
2466	-3444.227	-3697.614	253.387	1.043893	6.627432	0.157674	4.215039
2472	-3447.671	-3701.82	254.1488	1.071871	7.01025	0.05928065	3.949485
2478	-3435.785	-3690	254.2147	1.146051	7.01025	0.09065864	3.784491
2484	-3438.571	-3692.893	254.3228	1.164545	9.685671	0.02021354	3.609963
2490	-3434.749	-3688.974	254.2253	1.103048	11.98876	0.07311258	3.36514
2496	-3430.861	-3684.562	253.7008	1.073211	11.98876	0.00488553	3.700399
2502	-3433.691	-3684.311	250.62	1.073211	66.81131	0.00488553	3.658272
2508	-3419.282	-3672.759	253.4764	1.032652	11.20436	0.00738816	3.981694
2514	-3417.732	-3673.212	255.4794	1.003924	3.250389	0.00738816	3.878242
2520	-3422.191	-3677.476	255.2858	0.9554865	2.653426	0.03292018	4.197664
2526	-3426.889	-3681.591	254.7023	0.9805341	2.903423	0.01733159	4.473496
2532	-3426.651	-3681.239	254.5875	0.9188569	4.764153	0.01225633	4.190195
2538	-3445.577	-3699.192	253.6152	0.9188569	10.14348	0.0103423	4.093301
2544	-3435.762	-3691.947	256.1849	0.9941126	1.440531	0.02074902	4.093301
2550	-3439.993	-3694.648	254.6551	0.9814125	4.802041	0.0513267	4.045773
2556	-3461.656	-3711.796	250.1404	1.094455	88.16823	0.01199352	3.702165
2562	-3443.09	-3695.907	252.817	1.079484	22.63824	0.0949885	3.512445
2568	-3449.547	-3701.986	252.4391	0.9752802	14.44966	0.04405116	4.371024
2574	-3432.655	-3683.007	250.3522	0.8962787	6.089622	0.2938994	5.839305
2580	-3435.957	-3685.809	249.8517	0.9013243	12.11133	0.2938994	5.53134
2586	-3434.258	-3684.32	250.0625	0.8913716	9.326772	0.3943174	5.53134
2592	-3440.157	-3692.057	251.901	1.001439	4.912942	0.3797679	4.994078
2598	-3440.652	-3690.576	249.9246	0.9331441	6.875211	0.3797679	5.853888
2604	-3432.749	-3682.867	250.1181	0.8736622	12.35076	0.1839727	5.546203
2610	-3429.5	-3681.212	251.712	0.8999925	4.599512	0.1839727	5.472696
2616	-3441.831	-3696.703	254.8719	0.9998403	4.863393	0.01696049	3.976707
2622	-3438.047	-3693.594	255.5473	0.8913779	3.881924	0.02018043	3.82807
2628	-3433.32	-3687.013	253.6928	0.8913779	3.887021	0.004135517	4.721512
2634	-3427.173	-3682.085	254.9124	0.9358933	2.22379	0.02932505	4.550005
2640	-3440.309	-3696.022	255.7129	1.003483	3.214137	0.02932505	3.795908
2646	-3437.904	-3690.744	252.8394	1.013562	6.80784	0.1703594	4.495177
2652	-3431.765	-3683.298	251.5331	1.076714	15.05776	0.2279437	4.392056
2658	-3434.975	-3690.928	255.9526	1.055833	2.287845	0.02747668	3.876311
2664	-3439.297	-3695.2	255.9031	1.122407	3.595915	0.07077487	3.41478
2670	-3443.594	-3695.245	251.6509	1.07537	22.84417	0.01200083	4.355174
2676	-3441.438	-3695.159	253.7202	0.983423	4.193686	0.001698486	4.355174
2682	-3434.27	-3691.598	257.3281	1.384155	4.913771	0.03843956	2.224924
2688	-3426.765	-3684.15	257.3848	1.367511	3.186071	0.03115717	2.588369
2694	-3435.286	-3691.558	256.2713	1.398458	9.936822	0.02968957	2.247782
2700	-3442.636	-3698.185	255.5482	1.358244	6.952185	0.08003718	2.910439
2706	-3442.418	-3695.659	253.2417	1.2668	17.42638	0.1695597	3.257108
2712	-3435.8	-3687.934	252.1345	1.239992	34.43963	0.1258267	3.29421
2718	-3433.647	-3685.758	252.1112	1.203714	13.26505	0.1762839	4.199277
2724	-3434.585	-3687.629	253.0438	1.166115	13.26505	0.2885879	3.506982
2730	-3434.197	-3684.311	250.1138	1.171749	54.51582	0.2633305	3.74477
2736	-3428.309	-3680.431	252.1215	1.103546	16.7603	0.2633305	3.885819
2742	-3429.069	-3682.082	253.0125	1.015629	16.7603	0.04181067	3.885819
2748	-3440.054	-3693.767	253.7135	1.109247	13.96754	0.006870153	3.583838
2754	-3447.347	-3699.92	252.5728	1.184021	16.66351	0.07276568	3.959391
2760	-3455.505	-3711.283	255.7781	1.212718	6.86475	0.006019672	2.941501
2766	-3441.711	-3697.234	255.5227	1.112012	6.86475	0.03569891	3.213268
2772	-3442.295	-3699.559	257.2637	1.216608	3.279569	0.04020954	2.707054
2778	-3445.45	-3702.251	256.8019	1.134071	2.354164	0.006122647	3.240935
2784	-3445.364	-3698.741	253.3767	1.074363	6.254732	0.04189546	4.530264
2790	-3444.387	-3699.184	254.7968	1.064316	4.917102	0.02115762	3.97294
2796	-3449.282	-3704.397	255.1146	1.064316	4.917102	0.008705212	3.752203
2802	-3445.985	-3698.349	252.3642	1.062676	7.79492	0.3234833	4.390657
2808	-3451.784	-3705.514	253.7299	1.140227	4.465094	0.2140499	4.184821
2814	-3449	-3704.836	255.8359	1.072038	3.388978	0.08619767	3.487246
2820	-3438.957	-3694.998	256.0409	1.121621	3.388978	0.09957795	3.303658
2826	-3438.411	-3695.858	257.4471	1.138611	0.7248266	0.003707885	3.498191
2832	-3457.179	-3713.261	256.0819	1.080984	2.978925	0.02129647	3.6085
2838	-3457.996	-3713.374	255.3778	1.080984	5.660747	0.003349385	3.302991
2844	-3462.511	-3718.906	256.3953	1.12264	2.715942	0.01214502	3.458958
2850	-3447.49	-3701.862	254.3717	0.9376387	3.32719	0.04367736	4.532343
2856	-3442.212	-3693.592	251.3806	0.906434	18.60235	0.1302731	4.5474
2862	-3446.46	-3701.297	254.8373	0.906434	3.324903	0.06040489	4.240483
2868	-3447.873	-3700.362	252.4887	0.9386505	10.10653	0.03690304	4.7094
2874	-3448.897	-3701.577	252.6804	0.856655	9.780114	0.01557146	4.7094
2880	-3455.371	-3707.961	252.5904	0.8505524	9.794783	0.04421003	4.7094
2886	-3458.116	-3711.443	253.3275	0.9348072	9.45198	0.02586201	4.325113
2892	-3457.127	-3710.913	253.7856	0.9420212	9.372143	0.01800502	4.076954
2898	-3459.264	-3714.597	255.3326	0.9904212	2.929424	0.009781653	4.076954
2904	-3450.41	-3701.586	251.1759	1.116879	13.6725	0.2590665	4.614228
2910	-3444.981	-3699.01	254.0295	1.076426	10.5973	0.024829	3.742516
2916	-3447.378	-3703.988	256.6103	1.102869	1.995991	0.02218576	3.572271
2922	-3453.318	-3705.884	252.5657	1.198638	29.79872	0.09346814	3.30158
2928	-3444.897	-3699.345	254.4476	1.081963	7.833059	0.06101343	3.670894
2934	-3440.01	-3696.483	256.4731	0.9617268	0.7991701	0.01058985	4.268363
2940	-3437.627	-3691.754	254.1269	1.069001	7.960878	0.06742092	3.831201
2946	-3435.552	-3690.053	254.5012	1.028219	6.328931	0.01736747	3.957519
2952	-3440.752	-3696.699	255.9472	1.029777	2.014039	0.03707299	3.957519
2958	-3445.192	-3702.38	257.1879	1.010663	1.000335	0.03118033	3.708103
2964	-3436.031	-3691.054	255.0224	0.8653428	3.265111	0.03169172	4.251797
2970	-3431.917	-3685.344	253.4271	0.9709026	7.17024	0.01352545	4.48847
2976	-3428.871	-3682.319	253.4475	0.9045303	7.17024	0.03694845	4.486145
2982	-3437.361	-3689.772	252.4102	0.9944731	9.442777	0.126644	4.554271
2988	-3445.085	-3698.052	252.9665	0.9944731	13.2951	0.01430274	4.189868
2994	-3446.722	-3701.015	254.2929	0.9011447	4.487447	0.01430274	4.420773
3000	-3452.042	-3705.463	253.4214	0.9525401	7.911475	0.01429363	4.420773
3006	-3449.636	-3703.786	254.1502	1.008122	2.299545	0.05544666	4.843223
3012	-3439.726	-3695.772	256.0467	0.8671502	1.463213	0.01835433	4.235404
3018	-3455.997	-3711.374	255.3774	0.9282518	1.463213	0.01835433	4.578453
3024	-3437.726	-3689.805	252.0793	0.8614696	7.342988	0.07376248	5.15274
3030	-3433.078	-3686.493	253.4154	0.9326623	3.343511	0.1766204	4.760538
3036	-3431.85	-3685.267	253.4167	1.022515	3.620141	0.118369	4.76686
3042	-3457.18	-3709.095	251.9145	0.7980102	6.386417	0.1100333	5.305156
3048	-3443.689	-3699.394	255.7058	1.015309	4.301278	0.01550448	3.583358
3054	-3434.984	-3686.046	251.0625	0.8273411	27.72397	0.0329747	4.617318
3060	-3428.515	-3680.34	251.8252	0.7854955	9.708808	0.06455444	5.122853
3066	-3442.849	-3693.789	250.9409	0.8941399	6.397341	0.1230804	5.757675
3072	-3445.404	-3694.85	249.4465	0.8246061	11.64273	0.3290238	5.786862
3078	-3458.728	-3709.662	250.9345	0.933309	5.411037	0.2245843	5.690386
3084	-3452.377	-3706.065	253.6879	0.973735	6.668944	0.04723597	4.343653
3090	-3447.514	-3701.664	254.1503	0.9652418	7.29131	0.05251638	3.99538
3096	-3452.12	-3706.247	254.1276	0.8742083	3.242532	0.06482219	4.664559
3102	-3435.546	-3689.423	253.8772	1.0675	8.812821	0.02279536	4.004218
3108	-3430.973	-3684.427	253.4543	1.060273	10.77186	0.1128007	3.836896
3114	-3433.996	-3690.063	256.0661	1.074039	3.863306	0.01536667	3.423337
3120	-3437.411	-3692.326	254.915	0.9449366	3.572014	0.005305221	4.113288
3126	-3437.113	-3691.952	254.8397	1.122751	4.322814	0.03117622	3.998078
3132	-3443.042	-3698.483	255.4416	1.122751	3.206937	0.1068654	3.676848
3138	-3443.221	-3697.167	253.9459	1.114497	9.224792	0.1068654	3.676848
3144	-3446.969	-3698.525	251.5553	0.9339705	11.91802	0.09065165	4.941464
3150	-3457.799	-3709.054	251.2545	1.201135	24.76668	0.2430814	3.964393
3156	-3452.292	-3707.313	255.0214	1.115079	3.462819	0.01997194	4.087785
3162	-3442.801	-3695.779	252.9781	1.102935	11.65894	0.1055521	4.029499
3168	-3439.432	-3692.638	253.2065	1.061934	9.564968	0.1145474	4.081149
3174	-3437.291	-3691.222	253.9308	0.8806961	6.095323	0.009057812	4.361672
3180	-3435.93	-3691.1	255.1705	0.8544314	2.435024	0.008418275	4.361672
3186	-3446.031	-3699.946	253.9146	0.8482849	3.074398	0.02793248	4.935196
3192	-3443.727	-3697.069	253.3415	0.8102454	4.769624	0.03376667	4.935196
3198	-3437.958	-3688.761	250.8027	1.016595	9.497495	0.1214502	5.441466
3204	-3455.036	-3707.734	252.6977	1.017369	11.79888	0.1309393	4.169887
3210	-3450.91	-3705.955	255.045	0.9849135	4.319865	0.01643565	3.979433
3216	-3450.767	-3704.979	254.2127	1.060025	4.319865	0.1505086	4.095886
3222	-3436.181	-3690.557	254.3755	0.9884749	5.974613	0.02330277	4.095886
3228	-3431.512	-3684.106	252.5943	1.019487	11.38721	0.07800837	4.384831
3234	-3443.538	-3696.94	253.4018	0.9947499	6.41339	0.1003735	4.384831
3240	-3437.983	-3693.075	255.0919	1.054044	6.693412	0.01210776	3.542188
3246	-3432.316	-3688.367	256.0506	1.039994	3.790703	0.01110373	3.451123
3252	-3436.873	-3690.811	253.9384	0.9456541	8.226888	0.04627009	4.04128
3258	-3446.442	-3700.139	253.6966	1.08154	9.438185	0.01662191	4.04128
3264	-3438.712	-3692.211	253.4994	1.068053	6.953951	0.1331195	4.146823
3270	-3438.494	-3692.681	254.1864	1.012666	6.953951	0.06439254	3.954336
3276	-3450.492	-3703.711	253.2196	1.08334	13.26131	0.08971014	3.820964
3282	-3450.645	-3705.253	254.6077	1.11937	4.653951	0.1294741	3.820964
3288	-3447.91	-3702.121	254.2112	0.8960308	4.9376	0.01695087	4.398796
3294	-3453.555	-3707.727	254.1725	0.7985522	4.314602	0.03432592	4.553074
3300	-3440.883	-3696.113	255.2299	1.036592	2.241916	0.02281268	4.321037
3306	-3449.694	-3703.456	253.7626	1.126898	12.02346	0.06302159	3.646731
3312	-3452.24	-3705.9	253.6602	0.834361	6.494446	0.02286192	4.519549
3318	-3451.553	-3706.366	254.8131	0.9324181	1.077293	0.0117067	5.05756
3324	-3433.407	-3687.842	254.4347	0.950767	3.985611	0.03775289	4.371213
3330	-3444.353	-3694.914	250.5611	0.8734405	19.66889	0.223135	4.802416
3336	-3447.452	-3698.118	250.6657	0.8734405	19.66889	0.08519993	5.014704
3342	-3437.855	-3692.671	254.8159	0.8512228	3.374974	0.03085594	4.354304
3348	-3437.2	-3691.669	254.4682	0.8773398	3.45077	0.007342084	4.479523
3354	-3443.018	-3697.292	254.2744	0.8773398	3.973645	0.00713632	4.479523
3360	-3448.192	-3702.592	254.3998	0.9112131	5.194935	0.01740524	4.243447
3366	-3451.736	-3706.198	254.4614	1.002652	5.510336	0.0113733	4.09303
3372	-3447.475	-3701.035	253.5604	0.859565	3.811414	0.0126611	4.972547
3378	-3432.503	-3686.04	253.5372	0.9499671	4.177582	0.009987445	4.850279
3384	-3426.362	-3678.938	252.5761	0.8825525	7.940278	0.02410232	4.929215
3390	-3425.462	-3677.375	251.9136	0.8402432	10.84743	0.010791	5.036794
3396	-3428.769	-3681.858	253.0891	0.8402432	4.424466	0.07802907	4.996556
3402	-3433.648	-3683.815	250.1669	0.8089928	10.73175	0.1388663	5.762624
3408	-3438.05	-3686.957	248.9067	0.7331796	8.829128	0.1388663	6.65576
3414	-3439.448	-3691.83	252.3817	0.8096293	8.829128	0.07625422	4.851234
3420	-3462.487	-3713.734	251.2475	0.9571659	34.91795	0.03471738	4.193321
3426	-3453.75	-3706.701	252.9509	0.9571659	18.07739	0.07586534	3.784051
3432	-3445.809	-3696.01	250.2012	0.8897266	23.52519	0.1286409	4.988174
3438	-3451.417	-3704.11	252.6935	0.8769142	7.606265	0.08539059	4.74321
3444	-3445.287	-3702.429	257.1422	0.9837029	1.105249	0.008884906	3.674348
3450	-3437.813	-3691.853	254.0396	0.9654662	5.369205	0.05698007	4.299253
3456	-3432.412	-3685.157	252.7448	1.063995	12.44622	0.03972166	4.299253
3462	-3429.883	-3683.128	253.2445	0.9834987	9.92913	0.02668871	4.299253
3468	-3429.31	-3684.049	254.7396	1.088333	7.216104	0.03117261	3.653928
3474	-3434.941	-3689.913	254.9729	1.088333	5.550576	0.06192873	3.653928
3480	-3432.615	-3687.68	255.0653	1.110988	8.219859	0.05244825	3.275195
3486	-3430.855	-3685.647	254.7923	1.081814	9.257984	0.05244825	3.345177
3492	-3438.299	-3691.144	252.8454	0.7651563	3.67377	0.01763255	5.456586
3498	-3445.693	-3696.775	251.0814	0.7871189	12.0482	0.00146735	5.011721
3504	-3440.796	-3693.578	252.7823	1.029681	10.56197	0.03539564	4.458286
3510	-3437.549	-3693.521	255.9718	1.18987	4.082556	0.03539564	3.337549
3516	-3429.099	-3684.75	255.6513	1.141081	9.115974	0.0151501	2.892255
3522	-3435.392	-3689.039	253.6477	1.180324	16.92627	0.09792176	3.255927
3528	-3434.852	-3687.925	253.0731	1.242945	21.77737	0.09792176	3.299477
3534	-3434.227	-3689.353	255.1258	1.242945	6.292099	0.1020314	3.261177
3540	-3428.569	-3682.848	254.2791	1.137029	11.66904	0.009625192	3.449346
3546	-3432.778	-3688.72	255.9417	1.014212	3.272397	0.009625192	3.630196
3552	-3426.628	-3679.498	252.8698	0.8959728	7.722495	0.03175894	4.765652
3558	-3426.008	-3678.931	252.9228	0.8527391	7.722495	0.05625327	4.693353
3564	-3429.598	-3682.563	252.9649	0.8360961	9.824288	0.0222379	4.556708
3570	-3428.87	-3683.348	254.4778	0.9166656	1.151317	0.002155405	4.910575
3576	-3447.238	-3699.334	252.0956	0.8683866	10.47203	0.08548438	4.805367
3582	-3440.159	-3693.368	253.2097	1.081087	18.72371	0.0168858	3.67331
3588	-3426.965	-3681.65	254.6855	0.9919162	3.123424	0.09452837	4.233945
3594	-3433.239	-3687.996	254.7564	0.9919162	1.872008	0.09452837	4.546576
3600	-3439.722	-3693.398	253.6762	1.095154	7.996307	0.1402116	3.895668
3606	-3440.32	-3693.031	252.7106	1.040548	10.02339	0.08309976	4.408731
3612	-3447.661	-3700.411	252.7495	0.9942905	7.367647	0.1811685	4.470786
3618	-3440.323	-3694.272	253.9481	1.299045	5.966508	0.2748211	3.641678
3624	-3442.128	-3696.417	254.2888	1.129869	8.361517	0.04564927	3.721924
3630	-3439.871	-3696.747	256.8763	1.210483	2.964031	0.008490318	3.026248
3636	-3435.589	-3692.199	256.6102	1.149691	2.943745	0.002997475	3.026248
3642	-3436.47	-3694.581	258.1103	1.09693	0.7591298	0.01145026	3.279462
3648	-3433.796	-3688.16	254.3642	1.09693	8.902089	0.07713723	3.552041
3654	-3427.982	-3681.909	253.9266	1.111775	8.902089	0.06098993	3.841368
3660	-3435.473	-3687.548	252.0742	1.027426	11.27273	0.1785118	4.465356
3666	-3441.751	-3694.436	252.6852	1.19804	9.762901	0.3649326	3.883392
3672	-3453.054	-3706.478	253.4238	1.032331	3.066272	0.2107042	4.70455
3678	-3448.266	-3702.442	254.1764	1.012156	4.280463	0.01526765	4.462284
3684	-3449.59	-3703.689	254.099	0.9585429	9.84112	0.04209815	3.794613
3690	-3445.045	-3698.306	253.2602	1.035158	12.46122	0.07932636	3.910812
3696	-3430.856	-3684.386	253.5306	1.10821	10.92074	0.05241645	3.910812
3702	-3434.767	-3687.7	252.933	1.173877	12.21943	0.1517346	3.870748
3708	-3434.669	-3686.275	251.6063	1.17294	26.13562	0.220955	3.757424
3714	-3427.737	-3685.591	257.8541	1.158257	1.154734	0.01115103	3.14863
3720	-3423.756	-3681.912	258.1555	1.161912	0.5956425	0.06375664	3.244852
3726	-3429.894	-3686.119	256.2245	1.209944	3.845054	0.0425746	3.203634
3732	-3431.54	-3686.744	255.2041	1.25274	8.61741	0.008139801	3.099211
3738	-3433.3	-3690.609	257.3094	1.089462	2.141781	0.02750486	3.110525
3744	-3433.467	-3688.039	254.5714	0.9574911	8.428812	0.04627003	3.649279
3750	-3424.738	-3679.433	254.6949	1.110737	8.428812	0.07361007	3.409715
3756	-3429.732	-3683.926	254.1938	1.023698	7.478437	0.09874502	3.791085
3762	-3421.276	-3675.102	253.8261	1.150818	7.478437	0.1673051	3.78175
3768	-3436.794	-3691.067	254.2737	1.120011	3.010117	0.1673051	4.26567
3774	-3430.066	-3680.927	250.8611	1.01549	10.88205	0.326745	4.964194
3780	-3437.343	-3686.356	249.013	1.013107	18.17561	0.5451858	5.294894
3786	-3437.516	-3691.583	254.0675	1.013107	4.861361	0.1468343	4.119811
3792	-3450.078	-3701.879	251.8002	1.053286	24.62978	0.09798645	4.019445
3798	-3454.589	-3706.881	252.2921	1.076961	9.434068	0.09798645	4.640001
3804	-3439.249	-3693.659	254.4097	0.9879988	4.827503	0.06553075	4.13753
3810	-3434.665	-3688.765	254.1004	1.269527	8.012738	0.1907475	3.449815
3816	-3445.468	-3698.975	253.5075	1.10291	5.113098	0.1907475	4.264418
3822	-3440.511	-3693.061	252.5505	1.052408	9.056121	0.2185724	4.309539
3828	-3447.435	-3698.249	250.8144	1.052303	16.56324	0.258733	4.67316
3834	-3448.141	-3699.547	251.4058	1.009697	12.47568	0.258733	4.630286
3840	-3450.02	-3702.409	252.3894	0.9290566	7.522171	0.104988	4.845834
3846	-3455.515	-3708.236	252.7207	0.9290566	15.42685	0.04118987	4.183673
3852	-3449.943	-3702.931	252.9884	0.9290566	8.723677	0.09022768	4.418999
3858	-3463.296	-3717.659	254.363	1.006048	3.474553	0.009392639	4.488636
3864	-3447.113	-3699.924	252.8107	1.027662	11.7535	0.04644216	4.316297
3870	-3445.936	-3698.899	252.9635	0.9796833	9.215622	0.1458223	4.231973
3876	-3436.808	-3687.683	250.8748	0.8486738	14.14911	0.1316542	5.117794
3882	-3446.715	-3701.315	254.6007	0.8988138	9.211517	0.02086736	3.647801
3888	-3428.967	-3683.222	254.2547	0.8987246	4.585276	0.03459326	4.402744
3894	-3424.507	-3677.606	253.0999	0.9895194	10.5984	0.03458298	4.300718
3900	-3424.825	-3677.726	252.9014	0.902867	4.873402	0.06838743	5.017129
3906	-3423.931	-3677.555	253.624	0.8457202	3.275301	0.03673838	5.03148
3912	-3422.618	-3675.44	252.8221	1.036648	6.897224	0.1639612	4.492937
3918	-3430.802	-3685.444	254.6421	0.9790906	6.897224	0.03828386	3.793375
3924	-3444.745	-3696.253	251.5079	0.9863093	8.440453	0.1738635	5.066778
3930	-3460.657	-3711.692	251.0353	0.7881844	7.112594	0.08637066	5.762028
3936	-3452.039	-3704.109	252.0704	0.8188128	5.851853	0.08637066	5.333587
3942	-3434.042	-3687.783	253.7409	1.025338	7.070814	0.01980938	4.298469
3948	-3438.553	-3694.731	256.1772	1.023173	1.849971	0.0092165	3.888023
3954	-3446.359	-3699.057	252.6988	0.9638975	9.779892	0.005670114	4.544492
3960	-3444.681	-3699.623	254.9422	1.058551	5.462008	0.01872469	3.80919
3966	-3442.842	-3696.478	253.6361	1.058522	9.765641	0.1231031	3.799125
3972	-3449.895	-3701.942	252.0465	1.029234	11.37537	0.1231031	4.580954
3978	-3445.622	-3697.136	251.5141	0.9819492	15.93545	0.1719964	4.496762
3984	-3446.649	-3699.109	252.4593	1.148693	6.209314	0.3094151	4.496762
3990	-3434.984	-3687.755	252.7708	1.031903	18.12444	0.03618004	3.953687
3996	-3422.622	-3677.299	254.6772	0.9728695	4.124142	0.02647226	4.22277
4002	-3440.616	-3693.619	253.0031	0.9348578	10.76588	0.002224569	4.085819
4008	-3434.912	-3690.047	255.1346	0.939707	3.057239	0.02166832	4.213339
4014	-3432.863	-3684.879	252.016	0.886534	13.30402	0.03502395	4.759851
4020	-3440.289	-3695.601	255.3117	1.052653	1.725334	0.00747636	4.385438
4026	-3441.054	-3695.842	254.788	1.052653	7.36371	0.02506134	3.64238
4032	-3442.243	-3700.418	258.1749	1.052653	0.3431464	0.008238622	3.623288
4038	-3427.867	-3685.461	257.5934	1.105985	1.087956	0.009379899	3.354917
4044	-3435.147	-3690.543	255.3962	1.100506	5.367542	0.008796286	3.49732
4050	-3436.613	-3693.286	256.6726	1.100506	1.290423	0.03267692	3.798193
4056	-3438.15	-3691.907	253.7564	1.120891	4.30126	0.1649905	4.295644
4062	-3436.365	-3688.977	252.6122	0.7306953	9.569438	0.03405591	4.811886
4068	-3433.074	-3684.747	251.6724	0.7933964	10.47418	0.1306486	4.979143
4074	-3443.529	-3692.412	248.8838	0.9231158	4.484458	0.383973	6.751694
4080	-3454.39	-3702.118	247.7277	0.8820186	12.59546	0.383973	6.55905
4086	-3453.831	-3700.795	246.9639	0.8725541	15.63171	0.383973	6.783194
4092	-3449.033	-3704.802	255.7687	1.128474	6.861039	0.02689959	3.079823
4098	-3441.45	-3696.358	254.9079	1.128474	7.72292	0.05001816	3.420307
4104	-3443.304	-3696.348	253.0436	1.128744	14.86349	0.08512362	3.798919
4110	-3443.698	-3698.313	254.6153	1.0532	6.83304	0.01172885	3.798919
4116	-3452.429	-3707.314	254.8846	1.093505	4.675151	0.08162933	3.787387
4122	-3450.571	-3704.637	254.0661	1.047293	5.490123	0.1499367	3.997029
4128	-3448.039	-3703.186	255.147	0.9210229	4.373384	0.005608944	3.848403
4134	-3444.948	-3699.609	254.6605	0.9223557	5.747181	0.006340111	3.926594
4140	-3441.952	-3695.957	254.005	0.9099534	3.999983	0.01184348	4.656474
4146	-3435.789	-3691.687	255.8977	0.9260642	1.003354	0.011332	4.493311
4152	-3434.876	-3686.704	251.8279	0.8915719	7.275836	0.004914738	5.297225
4158	-3441.372	-3693.804	252.4324	0.8872458	5.513916	0.01210579	5.297225
4164	-3444.851	-3697.259	252.4074	0.8500366	10.92972	0.06024552	4.670027
4170	-3447.647	-3701.855	254.2083	1.005829	5.231334	0.07481667	4.152504
4176	-3440.946	-3693.078	252.1317	1.085564	17.57862	0.1033028	4.137366
4182	-3457.484	-3707.956	250.472	0.9924951	13.41576	0.281863	5.061958
4188	-3437.017	-3690.381	253.3641	0.8996167	4.540587	0.07042926	4.810537
4194	-3438.548	-3692.786	254.2372	0.8130637	3.259405	0.07042926	4.618483
4200	-3444.631	-3698.245	253.6141	0.8493306	6.223195	0.03477089	4.546708
4206	-3449.336	-3700.434	251.098	1.076584	8.446472	0.2406591	5.134637
4212	-3443.807	-3699.342	255.5347	1.149531	5.030091	0.0324025	3.456881
4218	-3442.698	-3696.614	253.9161	1.09295	5.731984	0.06308175	4.226999
4224	-3443.307	-3695.948	252.6415	1.072851	9.411418	0.1776171	4.282371
4230	-3434.169	-3689.347	255.1777	1.072851	2.33826	0.03213751	4.282371
4236	-3435.974	-3689.08	253.1067	0.9038614	7.356103	0.04013563	4.647764
4242	-3432.968	-3687.014	254.0461	1.145895	9.453131	0.08577091	3.631215
4248	-3435.099	-3690.351	255.252	0.9279382	3.352051	0.03730616	4.051714
4254	-3425.65	-3677.342	251.6921	0.8681152	13.07593	0.09969642	4.795857
4260	-3429.12	-3682.803	253.6835	0.8839838	6.697636	0.006289705	4.375981
4266	-3434.299	-3689.413	255.1136	1.007518	3.745252	0.0405143	3.993084
4272	-3454.76	-3703.439	248.6782	0.835082	27.46504	0.1648722	5.633457
4278	-3448.09	-3699.636	251.546	0.8808101	7.222779	0.1648722	5.251022
4284	-3442.32	-3695.209	252.8891	0.9078211	7.222779	0.07184589	4.695059
4290	-3456.19	-3711.452	255.2619	0.9635398	1.812441	0.07184589	4.356914
4296	-3449.934	-3703.852	253.9187	0.9743904	5.137014	0.07184589	4.356914
4302	-3448.732	-3703.85	255.118	1.12003	8.924882	0.009274814	3.211545
4308	-3447.654	-3704.059	256.405	1.13707	1.959738	0.004577586	3.547112
4314	-3435.642	-3690.298	254.6562	1.053952	6.361999	0.02997793	3.832298
4320	-3436.009	-3691.837	255.8274	1.053952	3.419517	0.03060833	3.651058
4326	-3438.606	-3691.788	253.1824	1.142936	19.77549	0.04154535	3.549952
4332	-3437.822	-3692.587	254.7652	1.171741	6.361508	0.08441336	3.549952
4338	-3437.643	-3692.066	254.4227	1.066162	6.361508	0.02936779	3.960729
4344	-3445.388	-3700.63	255.2425	0.8993688	4.302713	0.04241798	3.868686
4350	-3441.487	-3692.457	250.9707	0.9026508	22.75016	0.05163284	4.775405
4356	-3442.358	-3695.764	253.406	1.002574	6.849097	0.1221112	4.273509
4362	-3444.345	-3698.785	254.4402	1.098769	8.486564	0.01082184	3.679513
4368	-3448.199	-3704.438	256.2383	1.108429	2.605886	0.04320695	3.54748
4374	-3454.264	-3710.089	255.8249	1.064333	3.849333	0.009922326	3.54748
4380	-3445.504	-3702.367	256.8629	1.072224	1.668166	0.03029431	3.54748
4386	-3444.971	-3699.955	254.9844	1.022445	4.423858	0.008236665	3.929132
4392	-3437.584	-3691.922	254.3386	0.9370769	6.424803	0.04764184	4.024914
4398	-3438.13	-3692.492	254.3618	0.9138483	6.424803	0.04764184	4.024914
4404	-3441.396	-3696.357	254.9618	0.9138483	4.694379	0.0762378	3.857367
4410	-3435.952	-3690.249	254.2971	0.9042027	4.694379	0.02335853	4.381669
4416	-3436.752	-3689.815	253.0625	0.9192733	4.190774	0.00186387	4.791387
4422	-3437.266	-3693.214	255.9474	1.042748	1.380146	0.003842929	4.054839
4428	-3436.35	-3688.571	252.2212	0.8529461	8.035548	0.02172946	5.135841
4434	-3441.952	-3692.771	250.8187	0.8724678	13.87682	0.06486538	5.311921
4440	-3439.209	-3691.932	252.7225	0.904902	9.527773	0.06841636	4.561897
4446	-3438.38	-3694.778	256.3974	1.055212	3.083825	0.04960085	3.342637
4452	-3437.411	-3692.482	255.0712	1.185403	6.678268	0.07646126	3.342637
4458	-3441.712	-3696.172	254.4595	1.107405	8.529252	0.09752115	3.475707
4464	-3440.033	-3690.266	250.233	0.9955413	9.822109	0.3695026	5.362722
4470	-3439.234	-3689.043	249.8092	0.9955413	11.08336	0.2980157	5.576211
4476	-3435.014	-3687.767	252.7534	0.9955413	10.94917	0.04099172	4.446352
4482	-3437.409	-3692.385	254.9761	0.9646148	3.711172	0.04099172	4.101552
4488	-3441.072	-3696.105	255.0325	1.115173	4.403245	0.1132549	3.658705
4494	-3445.436	-3700.532	255.0954	1.084951	2.971209	0.03491594	4.146274
4500	-3447.621	-3701.461	253.8403	1.084951	4.977969	0.1690054	4.146274
4506	-3442.297	-3695.423	253.1254	0.9937032	5.965595	0.1780505	4.440122
4512	-3441.411	-3694.174	252.7634	1.002775	10.25615	0.1242232	4.282485
4518	-3444.156	-3696.749	252.593	1.063906	10.98541	0.1242232	4.282485
4524	-3440.271	-3694.285	254.0141	1.070868	5.188636	0.1227518	4.116064
4530	-3438.049	-3690.926	252.8773	1.003148	5.549119	0.1227518	4.741362
4536	-3435.559	-3687.427	251.8673	1.020343	9.488467	0.1769088	4.741362
4542	-3438.396	-3689.809	251.413	1.095138	6.781503	0.5132061	4.822118
4548	-3455.029	-3703.211	248.1817	0.9930505	24.2685	0.555866	5.474438
4554	-3438.913	-3690.501	251.5877	0.9228078	8.23687	0.0647107	5.318511
4560	-3442.353	-3695.252	252.8993	0.820853	3.515532	0.0647107	5.318511
4566	-3447.237	-3700.749	253.5119	0.7260832	1.194418	0.03033384	5.825375
4572	-3441.415	-3695.76	254.3455	1.087482	7.848098	0.02213077	3.826822
4578	-3456.312	-3710.883	254.5708	1.087482	4.962862	0.08236135	3.92141
4584	-3433.207	-3688.426	255.219	0.9897554	4.35779	0.05913232	3.772123
4590	-3435.423	-3688.122	252.6989	0.9661737	7.098487	0.112085	4.684464
4596	-3441.224	-3694.797	253.5721	1.01074	4.101339	0.01346532	4.829875
4602	-3437.754	-3689.979	252.2253	0.9322224	6.315655	0.04935588	5.222428
4608	-3434.303	-3686.268	251.9659	0.9713291	16.27212	0.01975611	4.580897
4614	-3435.205	-3686.557	251.3529	0.9644257	16.27212	0.1033957	4.718805
4620	-3438.813	-3688.21	249.3965	1.080269	49.11452	0.1664298	4.482433
4626	-3429.72	-3682.924	253.2039	0.9958894	6.254098	0.0560455	4.63167
4632	-3426.29	-3680.803	254.5127	1.003713	7.731064	0.01602097	3.79318
4638	-3435.956	-3690.499	254.5422	1.017299	7.731064	0.0178265	3.769593
4644	-3450.05	-3701.261	251.2109	0.9331796	15.88159	0.06669695	4.93081
4650	-3440.654	-3694.987	254.3329	0.9483851	3.755906	0.05001891	4.440504
4656	-3442.323	-3695.252	252.9295	0.8942199	8.962294	0.05001891	4.556181
4662	-3439.037	-3691.738	252.7012	0.8942199	8.962294	0.03670141	4.720976
4668	-3443.633	-3695.663	252.0301	0.9191437	8.962294	0.1011093	4.911625
4674	-3444.387	-3695.703	251.3161	0.8947763	20.53127	0.04920202	4.695026
4680	-3451.229	-3704.3	253.0712	0.9647228	5.255053	0.03218421	4.927945
4686	-3447.08	-3702.45	255.3703	0.9128278	1.788544	0.0406004	4.420016
4692	-3445.59	-3696.329	250.7384	0.930809	13.29764	0.08214532	5.317865
4698	-3440.427	-3692.262	251.8349	0.8979322	4.614106	0.1990205	5.378349
4704	-3443.371	-3692.693	249.3214	0.8979322	12.43932	0.160547	6.004401
4710	-3438.407	-3688.392	249.9846	0.8593694	11.10961	0.1958735	5.701051
4716	-3436.058	-3688.902	252.8435	0.9404444	8.041297	0.1217225	4.49093
4722	-3445.271	-3696.989	251.7181	0.9335351	6.587822	0.09906903	5.338817
4728	-3437.756	-3691.256	253.4991	0.9175117	10.08104	0.03642162	4.15529
4734	-3429.911	-3682.382	252.4712	0.8869864	10.08104	0.1078666	4.56449
4740	-3439.796	-3695.765	255.9697	1.08237	3.336381	0.05886954	3.490577
4746	-3448.039	-3700.303	252.2642	0.9251382	11.83449	0.1645343	4.397419
4752	-3436.999	-3688.567	251.5676	0.9251382	11.83449	0.09384183	4.938107
4758	-3437.485	-3692.204	254.7196	0.91773	4.710745	0.008468432	4.093789
4764	-3452.373	-3705.266	252.8925	1.072607	5.949839	0.05408285	4.808887
4770	-3445.425	-3699.428	254.0035	0.8847276	5.524425	0.03266391	4.409669
4776	-3447.592	-3701.986	254.3947	0.8549793	4.229789	0.03503475	4.409669
4782	-3447.191	-3702.918	255.7268	0.9493456	0.8972077	0.01839814	4.654296
4788	-3449.093	-3705.079	255.9868	0.8194645	0.9126534	0.02266115	4.568794
4794	-3453.588	-3709.677	256.089	0.9255712	0.6150353	0.01941829	4.660245
4800	-3449.806	-3705.731	255.9251	0.9255712	1.471554	0.02855741	4.253711
4806	-3450.154	-3702.627	252.4738	0.7999463	6.438571	0.04238529	5.161831
4812	-3444.865	-3695.766	250.9012	0.818937	8.323667	0.1200494	5.611126
4818	-3439.996	-3691.395	251.3987	0.8039723	4.970327	0.1289725	5.741956
4824	-3439.47	-3690.513	251.0425	0.8349149	5.735529	0.1261206	5.814722
4830	-3445.331	-3694.963	249.6319	0.7619722	23.41467	0.04660541	5.579944
4836	-3440.433	-3693.436	253.0029	0.8982571	6.214835	0.02121478	4.889509
4842	-3440.881	-3692.488	251.6069	0.8395197	14.81164	0.00737308	4.886424
4848	-3442.697	-3696.141	253.4445	0.8395197	5.15019	0.04271865	4.777702
4854	-3442.667	-3697.195	254.5272	0.9514296	3.504112	0.008099673	4.405201
4860	-3439.04	-3692.609	253.5682	0.8949411	7.136014	0.05656312	4.372664
4866	-3440.289	-3692.362	252.0725	1.015195	15.29836	0.09856607	4.355975
4872	-3443.932	-3698.243	254.3111	1.18125	6.659007	0.02886521	3.921397
4878	-3437.438	-3688.862	251.4236	1.283353	18.13524	0.3594954	3.979399
4884	-3437.99	-3691.458	253.4678	1.301958	6.521704	0.3594954	3.732414
4890	-3436.856	-3692.867	256.0114	1.21209	6.521704	0.007390946	2.877975
4896	-3434.921	-3692.172	257.2506	1.151834	1.15959	0.03454614	3.493671
4902	-3439.742	-3695.342	255.6005	1.046243	3.375947	0.04171377	3.766482
4908	-3438.767	-3694.344	255.5771	1.087767	2.1371	0.0716089	3.99855
4914	-3441.324	-3696.419	255.0947	1.096922	5.528589	0.04757318	3.623156
4920	-3447.697	-3700.838	253.1411	0.9721521	19.4774	0.04757318	3.670981
4926	-3438.648	-3691.33	252.6813	1.08574	17.72216	0.0483216	3.962038
4932	-3433.331	-3685.836	252.5053	0.8350501	6.674511	0.02804953	5.131768
4938	-3432.263	-3686.676	254.4127	0.823901	2.822831	0.01983055	4.743451
4944	-3420.33	-3674.607	254.2771	0.8817238	4.900737	0.01087441	4.35686
4950	-3426.649	-3679.634	252.9855	0.8655096	10.25197	0.03370952	4.467274
4956	-3426.83	-3679.899	253.0691	0.8952598	7.793485	0.03803693	4.630595
4962	-3441.103	-3694.109	253.0051	0.9487533	7.793485	0.09998261	4.471739
4968	-3431.258	-3685.643	254.3853	1.094302	8.579191	0.09998261	3.51527
4974	-3430.266	-3684.912	254.6461	1.064447	4.683095	0.1130364	3.862318
4980	-3439.109	-3692.107	252.9986	1.008495	11.30909	0.1209466	4.064316
4986	-3439.245	-3689.595	250.35	0.9763178	30.6329	0.1209466	4.604727
4992	-3446.944	-3697.829	250.8843	1.046518	11.05301	0.410761	4.824655
4998	-3443.334	-3697.111	253.7773	1.002889	7.463296	0.02260594	4.242135
5004	-3441.837	-3693.853	252.0162	0.9982247	12.27778	0.1702441	4.451791
5010	-3444.478	-3696.04	251.562	0.8028112	12.27778	0.04072272	5.116986
5016	-3439.66	-3692.373	252.7128	0.7283393	4.953637	0.04817539	5.261006
5022	-3429.803	-3683.341	253.5379	0.9069701	2.740501	0.1169694	4.966402
5028	-3431.036	-3685.563	254.5277	0.8932107	3.35732	0.03092515	4.496771
5034	-3437.832	-3690.275	252.4427	0.9356557	8.521839	0.01208462	4.907073
5040	-3441.442	-3696.898	255.4564	0.9088938	1.239885	0.002252121	4.335804
5046	-3441.098	-3697.532	256.4343	0.9573407	0.7744751	0.00314234	4.110391
5052	-3445.764	-3700.504	254.7405	0.7992299	2.925558	0.006003238	4.461302
5058	-3431.617	-3684.257	252.6398	0.8680842	12.24705	0.01105721	4.508145
5064	-3436.881	-3689.235	252.3537	0.869011	6.038041	0.1285453	5.027678
5070	-3438.884	-3692.475	253.5914	1.041193	12.921	0.01458396	3.833645
5076	-3438.284	-3693.686	255.4013	1.019122	3.906281	0.04364249	3.780161
5082	-3431.67	-3687.8	256.1301	1.02368	2.523702	0.01987046	3.735093
5088	-3433.404	-3688.29	254.8862	1.081727	4.524113	0.06904475	3.853296
5094	-3437.009	-3691.648	254.6392	1.034721	8.571313	0.06006524	3.509949
5100	-3427.13	-3682.978	255.8476	0.8904778	4.366276	0.007762052	3.509949
5106	-3426.276	-3682.339	256.0627	0.8904778	3.722286	0.007762052	3.509949
5112	-3430.092	-3684.059	253.9674	0.85569	5.730001	0.007935941	4.391155
5118	-3427.41	-3681.268	253.8572	0.8434986	4.804442	0.08798261	4.476353
5124	-3438.583	-3691.563	252.9797	0.9018791	9.034085	0.06446298	4.476353
5130	-3434.056	-3690.356	256.2999	0.9554315	3.117448	0.02035277	3.521788
5136	-3442.443	-3696.472	254.0293	1.074026	8.189395	0.02844445	3.967469
5142	-3445.343	-3700.137	254.794	0.9247173	1.167656	0.03894147	5.000833
5148	-3431.768	-3687.572	255.8037	1.069532	1.857658	0.01449886	4.102041
5154	-3434.422	-3691.482	257.0606	0.860762	0.8306983	0.01449886	3.988125
5160	-3430.219	-3684.199	253.98	0.9632678	6.601147	0.008907617	4.219476
5166	-3449.234	-3705.008	255.7745	1.00077	3.474198	0.0191964	3.719325
5172	-3440.439	-3695.468	255.0291	1.081452	3.496547	0.07574191	3.952
5178	-3448.498	-3704.18	255.682	0.8837355	3.496547	0.01505849	3.83265
5184	-3457.79	-3709.504	251.7136	0.9136773	11.91204	0.04613199	4.983661
5190	-3447.72	-3703.684	255.9644	0.9296246	1.91023	0.01388909	4.070195
5196	-3448.3	-3706.45	258.1493	1.185792	0.6286378	0.02118098	3.319638
5202	-3434.795	-3693.051	258.2552	1.185792	0.6286378	0.02862595	3.244064
5208	-3431.449	-3687.289	255.8405	1.164816	3.223572	0.08947395	3.459771
5214	-3426.621	-3682.91	256.2889	1.201568	2.283233	0.07754574	3.459771
5220	-3429.87	-3683.522	253.652	1.164496	10.11787	0.1406473	3.658612
5226	-3442.926	-3697.207	254.2819	1.111591	14.18758	0.07586296	3.155712
5232	-3441.296	-3694.374	253.0783	1.263601	30.34994	0.03224511	3.112378
5238	-3431.46	-3688.014	256.5536	1.297925	3.798791	0.03466367	2.987237
5244	-3430.664	-3683.703	253.0392	1.160017	23.42456	0.03466367	3.468208
5250	-3438.601	-3695.52	256.9191	1.167099	3.984763	0.0100694	2.810494
5256	-3438.51	-3694.499	255.9889	1.061177	1.915657	0.01003915	3.958876
5262	-3454.748	-3710.97	256.2226	1.205247	2.644377	0.008830897	3.504495
5268	-3454.756	-3710.305	255.549	1.223367	10.33646	0.006106378	2.695349
5274	-3433.83	-3685.154	251.3241	1.044178	5.830524	0.311595	5.235786
5280	-3414.643	-3670.158	255.5155	0.8669762	1.076931	0.008770915	4.678981
5286	-3431.828	-3685.554	253.7259	0.9696099	7.254899	0.03410895	4.289871
5292	-3433.83	-3689.007	255.1772	1.132724	3.031296	0.1814337	3.710553
5298	-3434.76	-3687.608	252.8481	1.168096	33.77937	0.02054858	3.209916
5304	-3432.491	-3690.482	257.9913	1.119757	0.8722617	0.02726194	3.263043
5310	-3429.318	-3687.788	258.47	1.145417	0.6018479	0.02726194	3.166399
5316	-3441.211	-3696.151	254.9398	1.18396	9.961547	0.05875338	3.111033
5322	-3436.161	-3693.402	257.2409	1.111773	2.08963	0.04643918	3.1033
5328	-3422.504	-3675.766	253.2624	1.008684	13.58245	0.0579687	3.902521
5334	-3439.279	-3693.96	254.6817	1.148392	6.897736	0.04671416	3.648592
5340	-3441.682	-3697.11	255.4282	1.148392	4.242963	0.09935186	3.472186
5346	-3449.504	-3701.903	252.3989	1.148392	16.2594	0.1326209	3.958977
5352	-3446.115	-3700.759	254.6441	0.8548528	2.490875	0.06479538	4.572339
5358	-3429.682	-3682.718	253.0368	0.8140248	7.737008	0.04645222	4.677129
5364	-3431.527	-3684.786	253.2595	0.8140248	7.922768	0.01808048	4.592836
5370	-3432.13	-3683.807	251.6776	0.799222	7.922768	0.08018182	5.329312
5376	-3423.205	-3674.528	251.3236	0.8502006	18.20465	0.02979835	4.884202
5382	-3433.844	-3684.335	250.4916	0.9485019	19.36835	0.1237103	4.995334
5388	-3442.304	-3693.847	251.5428	0.9901529	9.170973	0.2342093	4.874666
5394	-3451.443	-3703.214	251.7716	1.27078	8.158341	0.5784471	4.309221
5400	-3450.703	-3704.94	254.2363	0.953899	4.951826	0.05479723	4.265218
5406	-3461.114	-3715.583	254.4696	1.065159	4.951826	0.04044674	4.110268
5412	-3430.855	-3684.522	253.6666	1.02249	6.624103	0.05408234	4.314349
5418	-3420.121	-3677.486	257.365	1.170443	1.652679	0.03028161	3.201207
5424	-3439.77	-3693.82	254.0507	1.043525	9.334587	0.07801586	3.719732
5430	-3437.564	-3691.344	253.7798	1.055947	8.534983	0.02489826	4.091155
5436	-3443.142	-3694.976	251.8337	1.082087	11.0811	0.2256919	4.506403
5442	-3433.177	-3686.338	253.161	1.123642	11.0811	0.08167328	4.019316
5448	-3426.85	-3681.627	254.7775	1.108826	4.601369	0.03260867	3.988959
5454	-3436.237	-3689.56	253.3239	1.07561	12.29036	0.04271635	3.966557
5460	-3444.801	-3695.962	251.1607	1.009703	11.03861	0.2745653	4.855554
5466	-3433.401	-3683.01	249.6097	0.9129311	17.49537	0.2745653	5.34579
5472	-3428.963	-3681.975	253.0123	0.9093113	6.677007	0.1172365	4.579933
5478	-3430.47	-3684.081	253.6109	1.000689	6.677007	0.07918117	4.282863
5484	-3427.16	-3682.009	254.849	0.9518634	3.288483	0.03670858	4.282863
5490	-3418.645	-3672.15	253.5047	0.9518634	8.33682	0.02524495	4.326145
5496	-3419.986	-3674.478	254.492	0.8387894	2.729146	0.008295318	4.671071
5502	-3430.009	-3684.341	254.3324	0.8211395	5.270686	0.01546875	4.319212
5508	-3428.395	-3681.039	252.6439	0.84623	11.5838	0.01032323	4.56357
5514	-3425.363	-3678.515	253.1515	0.8540364	5.339014	0.008705655	4.915995
5520	-3432.303	-3686.321	254.0174	0.8540364	3.801677	0.02279959	4.728894
5526	-3433.307	-3688.116	254.8092	0.9564981	3.540214	0.0269129	4.271885
5532	-3430.873	-3683.779	252.9061	0.9495104	9.549233	0.1184961	4.308081
5538	-3433.671	-3687.793	254.1217	1.01881	5.303145	0.07783471	4.175384
5544	-3432.822	-3686.821	253.9985	1.046159	4.658205	0.1597929	4.14847
5550	-3428.248	-3681.651	253.4028	1.00646	9.819844	0.0693586	4.090507
5556	-3421.921	-3678.724	256.8031	1.127843	2.090763	0.07014431	3.283488
5562	-3419.044	-3676.19	257.1462	1.076307	2.094137	0.01178794	3.228939
5568	-3431.996	-3687.034	255.038	1.131215	9.158922	0.009313983	3.228939
5574	-3438.389	-3691.74	253.3505	1.126117	9.158922	0.1303682	3.965814
5580	-3453.977	-3708.065	254.0878	1.126117	7.22222	0.1303682	3.750268
5586	-3441.02	-3696.749	255.7288	1.034076	3.678981	0.03136503	3.662087
5592	-3453.475	-3706.472	252.9968	0.88821	7.016436	0.05925925	4.704161
5598	-3450.27	-3700.969	250.699	0.9927362	32.20134	0.05925925	4.500582
5604	-3447.215	-3698.768	251.5537	0.9910692	14.80021	0.1735334	4.536519
5610	-3440.464	-3692.484	252.0203	1.062559	8.463937	0.1735334	4.737241
5616	-3446.665	-3698.448	251.7829	1.067422	26.28265	0.1550351	3.828582
5622	-3450.515	-3701.383	250.8684	1.006091	39.05406	0.09909749	4.086433
5628	-3450.333	-3704.623	254.2894	0.9479865	8.980315	0.01197896	3.810195
5634	-3450.617	-3703.819	253.2026	0.9685409	8.626425	0.03407373	4.437736
5640	-3449.381	-3702.804	253.4232	0.9632804	9.602228	0.06448304	4.136868
5646	-3446.485	-3702.599	256.1143	1.011779	1.36955	0.03067634	4.136868
5652	-3445.583	-3702.99	257.4074	1.161466	0.398523	0.01507564	3.981041
5658	-3433.414	-3691.018	257.6035	1.264607	2.078909	0.01016783	2.836066
5664	-3449.912	-3705.032	255.1202	1.570115	12.9699	0.04394503	2.553998
5670	-3449.278	-3705.006	255.7271	1.496756	7.605632	0.1966404	2.364475
5676	-3446.533	-3700.898	254.3648	1.480894	8.317732	0.2205896	3.08341
5682	-3456.297	-3711.183	254.886	1.117233	5.083628	0.05923294	3.767114
5688	-3442.945	-3695.715	252.7698	1.021806	6.355591	0.1239137	4.678816
5694	-3437.071	-3693.475	256.4033	1.501036	9.10772	0.005122665	2.070726
5700	-3444.077	-3699.925	255.8486	1.330693	9.446477	0.01672992	2.624209
5706	-3439.005	-3693.608	254.6022	1.309549	11.7918	0.06482252	3.059095
5712	-3437.325	-3693.609	256.2839	1.231271	4.928624	0.01756278	3.006043
5718	-3444.961	-3704.374	259.4139	1.450119	0.7414396	0.007579644	2.235526
5724	-3446.142	-3699.391	253.2484	0.8522931	3.688151	0.05823125	5.090664
5730	-3445.138	-3695.006	249.868	0.8745165	27.20891	0.1037006	5.090664
5736	-3451.125	-3702.731	251.6053	1.009067	5.9361	0.3072771	5.090664
5742	-3443.949	-3692.368	248.4188	0.9932017	15.8624	0.2696724	6.052673
5748	-3436.272	-3688.63	252.358	0.9784044	5.500686	0.2201878	4.873023
5754	-3437.145	-3690.656	253.5114	1.120382	8.745392	0.2844978	3.653497
5760	-3437.174	-3691.111	253.9373	1.017322	6.587635	0.03898377	4.211149
5766	-3430.846	-3684.262	253.416	0.9963943	9.070331	0.05435665	4.20109
5772	-3434.937	-3688.615	253.6777	0.9563163	9.070331	0.02674153	4.14903
5778	-3427.732	-3680.773	253.0407	0.9776324	10.31762	0.1174631	4.14903
5784	-3431.776	-3684.224	252.4478	0.9582896	8.665244	0.1061237	4.673912
5790	-3435.916	-3689.176	253.2592	1.13634	12.67234	0.09956535	3.785923
5796	-3432.019	-3687.299	255.2798	1.124812	3.761077	0.005321521	3.762717
5802	-3433.401	-3687.343	253.9418	1.041766	7.530142	0.04808942	4.055783
5808	-3440.89	-3692.784	251.8934	0.8373085	18.69497	0.104993	4.348988
5814	-3434.532	-3687.215	252.6836	0.8919751	5.025182	0.03005099	5.223254
5820	-3432.185	-3684.461	252.2762	0.9699942	19.34685	0.07288811	4.103793
5826	-3433.499	-3688.065	254.566	0.9170612	5.468002	0.01643203	4.103793
5832	-3434.841	-3690.178	255.3369	1.070041	5.468002	0.03371066	3.546361
5838	-3443.381	-3697.408	254.0266	1.083102	6.092791	0.07011386	4.100341
5844	-3441.947	-3697.114	255.1672	0.8580885	2.574572	0.02074745	4.364358
5850	-3442.386	-3694.465	252.0792	0.9277526	16.87687	0.15845	4.178387
5856	-3438.331	-3690.243	251.9122	0.8375133	10.55801	0.03986779	5.040425
5862	-3435.818	-3690.637	254.819	0.8732164	3.785771	0.04788032	4.20827
5868	-3433.656	-3686.766	253.1103	0.8262176	8.82153	0.04423689	4.52281
5874	-3434.344	-3686.261	251.9175	0.8420087	8.82153	0.04614916	5.173781
5880	-3441.869	-3694.4	252.5313	1.263261	20.62871	0.2233506	3.409067
5886	-3442.05	-3698.708	256.6575	1.040323	0.8076713	0.01089319	4.115521
5892	-3441.079	-3695.229	254.1504	0.7788168	3.562795	0.009249196	4.715431
5898	-3446.946	-3701.378	254.4322	0.9441629	3.920228	0.00463174	4.292353
5904	-3440.392	-3691.367	250.9747	1.170968	5.9618	0.4116946	5.226605
5910	-3435.745	-3688.167	252.4221	1.170968	8.578863	0.4116946	4.11146
5916	-3445.641	-3697.358	251.7166	1.13132	16.22437	0.4116946	3.948642
5922	-3446.731	-3701.882	255.1504	0.9486049	2.61489	0.03378328	4.286404
5928	-3440.234	-3692.688	252.4537	0.9486049	9.918896	0.09851985	4.576039
5934	-3437.533	-3692.684	255.1512	0.9089877	1.692254	0.006641157	4.553134
5940	-3437.604	-3690.667	253.0629	0.9114688	9.249308	0.05761934	4.422461
5946	-3449.459	-3702.546	253.0864	0.9259592	9.249308	0.05002408	4.422461
5952	-3438.127	-3691.577	253.4502	0.947541	6.086264	0.06817853	4.509291
5958	-3442.049	-3696.909	254.8599	0.9755373	6.584332	0.05145182	3.671521
5964	-3432.659	-3687.096	254.4369	0.98105	6.584332	0.0404105	3.943557
5970	-3437.854	-3691.8	253.946	0.9064782	7.601487	0.01942372	4.188329
5976	-3435.901	-3690.231	254.3307	0.9128444	5.373842	0.006959569	4.188329
5982	-3436.592	-3692.918	256.3262	0.8855964	0.4376673	0.004872897	4.586535
5988	-3433.451	-3684.245	250.7937	0.8519355	14.48756	0.0133477	5.400869
5994	-3424.174	-3678.967	254.7925	1.029569	3.137983	0.02505485	4.332303
6000	-3429.076	-3685.086	256.0102	0.9796456	2.026572	0.02045119	3.980623
6006	-3436.118	-3689.574	253.4552	0.9846033	14.8857	0.1167151	3.565363
6012	-3428.381	-3681.128	252.7472	0.99739	9.452975	0.1167151	4.38369
6018	-3418.844	-3672.568	253.7243	1.068508	4.639264	0.1167151	4.38369
6024	-3411.822	-3665.819	253.997	1.028674	4.639264	0.08028463	4.34012
6030	-3423.995	-3676.483	252.488	0.9191916	12.52654	0.07115183	4.432429
6036	-3431.248	-3684.083	252.8351	1.040705	10.11255	0.03879437	4.452045
6042	-3434.391	-3689.771	255.3794	1.008498	3.123158	0.06119889	3.917261
6048	-3427.697	-3681.814	254.1174	0.9749733	6.27129	0.02071141	4.213297
6054	-3423.76	-3677.238	253.4778	0.8475504	6.710124	0.01131333	4.57475
6060	-3423.17	-3676.455	253.2856	0.8911278	9.237294	0.02444968	4.396202
6066	-3428.958	-3681.621	252.6629	0.9597693	28.98464	0.01047756	3.585791
6072	-3420.881	-3674.725	253.8442	0.8739966	3.012751	0.002145295	4.666154
6078	-3432.4	-3685.137	252.7368	0.9386153	6.364063	0.1528785	4.683467
6084	-3422.825	-3676.072	253.2475	1.067688	19.07678	0.04022596	3.596023
6090	-3431.127	-3687.47	256.3423	0.882491	1.01208	0.01239664	4.267572
6096	-3439.621	-3692.98	253.3593	0.8938829	12.48255	0.03308651	4.06191
6102	-3440.799	-3693.345	252.5457	1.198671	12.70376	0.2016909	3.95021
6108	-3434.253	-3688.402	254.1487	1.17779	3.898121	0.2114307	4.034207
6114	-3432.349	-3687.402	255.0529	1.084027	7.428862	0.05659573	3.376318
6120	-3440.712	-3693.288	252.5753	1.139993	9.523945	0.1918535	4.246064
6126	-3446.802	-3699.754	252.9521	1.046358	13.477	0.05908318	4.062589
6132	-3455.101	-3706.64	251.5393	0.9772959	40.0388	0.07753984	3.745999
6138	-3445.095	-3700.886	255.7902	1.032894	2.792283	0.02609287	3.844565
6144	-3443.926	-3698.553	254.6271	0.9557588	3.643725	0.03380256	4.337761
6150	-3443.354	-3698.962	255.608	1.00884	1.799891	0.0303921	4.254005
6156	-3438.985	-3693.76	254.7745	0.9731543	6.557306	0.0303921	3.784186
